Log file open, 09/15/16 10:37:20
LogInit:Display: Running engine for game: BlueprintIntro
LogPlatformFile: Not using cached read wrapper
LogInit:Display: RandInit(1414365693) SRandInit(1414365694).
LogTaskGraph: Started task graph with 4 named threads and 5 total threads with 1 sets of task threads.
LogStats: Stats thread started at 0.172581
LogInit: Version: 4.12.5-3039270+++UE4+Release-4.12
LogInit: API Version: 2992821
LogInit: Net Version: 3039270
LogDevObjectVersion: Number of dev versions registered: 13
LogDevObjectVersion:   Dev-Blueprints (B0D832E4-1F89-4F0D-ACCF-7EB736FD4AA2): 3
LogDevObjectVersion:   Dev-Build (E1C64328-A22C-4D53-A36C-8E866417BD8C): 0
LogDevObjectVersion:   Dev-Core (375EC13C-06E4-48FB-B500-84F0262A717E): 1
LogDevObjectVersion:   Dev-Editor (E4B068ED-F494-42E9-A231-DA0B2E46BB41): 2
LogDevObjectVersion:   Dev-Framework (CFFC743F-43B0-4480-9391-14DF171D2073): 6
LogDevObjectVersion:   Dev-Mobile (B02B49B5-BB20-44E9-A304-32B752E40360): 0
LogDevObjectVersion:   Dev-Networking (A4E4105C-59A1-49B5-A7C5-40C4547EDFEE): 0
LogDevObjectVersion:   Dev-Online (39C831C9-5AE6-47DC-9A44-9C173E1C8E7C): 0
LogDevObjectVersion:   Dev-Physics (78F01B33-EBEA-4F98-B9B4-84EACCB95AA2): 0
LogDevObjectVersion:   Dev-Platform (6631380F-2D4D-43E0-8009-CF276956A95A): 0
LogDevObjectVersion:   Dev-Rendering (12F88B9F-8875-4AFC-A67C-D90C383ABD29): 2
LogDevObjectVersion:   Dev-Sequencer (7B5AE74C-D270-4C10-A958-57980B212A5A): 0
LogDevObjectVersion:   Dev-VR (D7296918-1DD6-4BDD-9DE2-64A83CC13884): 0
LogInit: Compiled (64-bit): Jul  6 2016 09:09:46
LogInit: Compiled with Visual C++: 19.00.23026.00
LogInit: Build Configuration: Development
LogInit: Branch Name: ++UE4+Release-4.12
LogInit: Command line: -EpicPortal 
LogInit: Base directory: F:/Program Files/Epic Games/4.12/Engine/Binaries/Win64/
LogInit: Installed Engine Build: 1
LogInit: Using libcurl 7.41.0
LogInit:  - built for x86_64-pc-win32
LogInit:  - supports SSL with WinSSL
LogInit:  - other features:
LogInit:      CURL_VERSION_SSL
LogInit:      CURL_VERSION_IPV6
LogInit:      CURL_VERSION_ASYNCHDNS
LogInit:      CURL_VERSION_LARGEFILE
LogInit:      CURL_VERSION_IDN
LogInit:  CurlRequestOptions (configurable via config and command line):
LogInit:  - bVerifyPeer = true  - Libcurl will verify peer certificate
LogInit:  - bUseHttpProxy = false  - Libcurl will NOT use HTTP proxy
LogInit:  - bDontReuseConnections = false  - Libcurl will reuse connections
LogInit:  - CertBundlePath = nullptr  - Libcurl will use whatever was configured at build time.
LogInit: Presizing for max 8388607 objects, including 0 objects not considered by GC, pre-allocating 0 bytes for permanent pool.
LogInit: Object subsystem initialized
[2016.09.15-07.37.21:003][  0]LogInit: Selected Device Profile: [Windows]
[2016.09.15-07.37.21:003][  0]LogInit: Applying CVar settings loaded from the selected device profile: [Windows]
[2016.09.15-07.37.21:024][  0]LogInit: Computer: NB-ADE
[2016.09.15-07.37.21:024][  0]LogInit: User: ade
[2016.09.15-07.37.21:024][  0]LogInit: CPU Page size=65536, Cores=2
[2016.09.15-07.37.21:024][  0]LogInit: High frequency timer resolution =2.435874 MHz
[2016.09.15-07.37.21:024][  0]LogMemory: Memory total: Physical=7.9GB (8GB approx)
[2016.09.15-07.37.21:024][  0]LogMemory: Platform Memory Stats for Windows
[2016.09.15-07.37.21:024][  0]LogMemory: Process Physical Memory: 187.59 MB used, 187.59 MB peak
[2016.09.15-07.37.21:024][  0]LogMemory: Process Virtual Memory: 194.53 MB used, 194.53 MB peak
[2016.09.15-07.37.21:024][  0]LogMemory: Physical Memory: 6216.02 MB used, 8126.36 MB total
[2016.09.15-07.37.21:024][  0]LogMemory: Virtual Memory: 528.02 MB used, 134217728.00 MB total
[2016.09.15-07.37.21:080][  0]LogTextLocalizationManager: No specific translations for ('en-US') exist, so ('en') translations will be used.
[2016.09.15-07.37.21:585][  0]LogD3D11RHI: D3D11 adapters:
[2016.09.15-07.37.21:590][  0]LogD3D11RHI:    0. 'Intel(R) HD Graphics 3000' (Feature Level 10_0)
[2016.09.15-07.37.21:590][  0]LogD3D11RHI:       0/0/1632 MB DedicatedVideo/DedicatedSystem/SharedSystem, Outputs:1, VendorId:0x8086
[2016.09.15-07.37.21:593][  0]LogD3D11RHI:    1. 'Microsoft Basic Render Driver' (Feature Level 11_0)
[2016.09.15-07.37.21:593][  0]LogD3D11RHI:       0/0/256 MB DedicatedVideo/DedicatedSystem/SharedSystem, Outputs:0, VendorId:0x1414
[2016.09.15-07.37.21:593][  0]LogD3D11RHI: Chosen D3D11 Adapter: 0
[2016.09.15-07.37.21:601][  0]LogD3D11RHI: Creating new Direct3DDevice
[2016.09.15-07.37.21:601][  0]LogD3D11RHI:     GPU DeviceId: 0x126 (for the marketing name, search the web for "GPU Device Id")
[2016.09.15-07.37.21:601][  0]LogWindows: EnumDisplayDevices:
[2016.09.15-07.37.21:602][  0]LogWindows:    0. 'Intel(R) HD Graphics 3000' (P:1 D:1)
[2016.09.15-07.37.21:603][  0]LogWindows:    1. 'Intel(R) HD Graphics 3000' (P:0 D:0)
[2016.09.15-07.37.21:603][  0]LogWindows: DebugString: FoundDriverCount:2 
[2016.09.15-07.37.21:603][  0]LogD3D11RHI:     Adapter Name: Intel(R) HD Graphics 3000
[2016.09.15-07.37.21:603][  0]LogD3D11RHI:   Driver Version: 9.17.10.4229 (internal:9.17.10.4229, unified:9.17.10.4229)
[2016.09.15-07.37.21:603][  0]LogD3D11RHI:      Driver Date: 5-28-2015
[2016.09.15-07.37.21:603][  0]LogRHI: Texture pool is 571 MB (70% of 816 MB)
[2016.09.15-07.37.21:608][  0]LogD3D11RHI: Async texture creation enabled
[2016.09.15-07.37.21:634][  0]LogD3D11RHI: GPU Timing Frequency: 12.500000 (Debug: 2 1)
[2016.09.15-07.37.21:635][  0]LogShaderCompilers: Guid format shader working directory is -8 characters bigger than the processId version (C:/Users/ade.KYIV/Documents/Unreal Projects/BlueprintIntro/Intermediate/Shaders/WorkingDirectory/5904/).
[2016.09.15-07.37.21:635][  0]LogShaderCompilers: Cleaned the shader compiler working directory 'C:/Users/ADE~1.KYI/AppData/Local/Temp/UnrealShaderWorkingDir/871FF3DA4423DF43F2448DADC205F078/'.
[2016.09.15-07.37.21:635][  0]LogShaderCompilers:Display: Using Local Shader Compiler.
[2016.09.15-07.37.23:307][  0]LogTemp:Display: Loaded TP AllDesktopTargetPlatform
[2016.09.15-07.37.23:319][  0]LogTemp:Display: Loaded TP WindowsClientTargetPlatform
[2016.09.15-07.37.23:332][  0]LogTemp:Display: Loaded TP WindowsNoEditorTargetPlatform
[2016.09.15-07.37.23:344][  0]LogTemp:Display: Loaded TP WindowsServerTargetPlatform
[2016.09.15-07.37.23:355][  0]LogTemp:Display: Loaded TP WindowsTargetPlatform
[2016.09.15-07.37.23:366][  0]LogTemp:Display: Loaded TP AndroidTargetPlatform
[2016.09.15-07.37.23:378][  0]LogTemp:Display: Loaded TP Android_ASTCTargetPlatform
[2016.09.15-07.37.23:388][  0]LogTemp:Display: Loaded TP Android_ATCTargetPlatform
[2016.09.15-07.37.23:399][  0]LogTemp:Display: Loaded TP Android_DXTTargetPlatform
[2016.09.15-07.37.23:410][  0]LogTemp:Display: Loaded TP Android_ETC1TargetPlatform
[2016.09.15-07.37.23:425][  0]LogTemp:Display: Loaded TP Android_ETC2TargetPlatform
[2016.09.15-07.37.23:466][  0]LogTemp:Display: Loaded TP Android_MultiTargetPlatform
[2016.09.15-07.37.23:466][  0]LogTemp:Display: Loaded TP Android_PVRTCTargetPlatform
[2016.09.15-07.37.23:468][  0]LogTemp:Display: Loaded TP HTML5TargetPlatform
[2016.09.15-07.37.23:508][  0]LogTemp:Display: Loaded TP IOSTargetPlatform
[2016.09.15-07.37.23:535][  0]LogTemp:Display: Loaded TP TVOSTargetPlatform
[2016.09.15-07.37.23:555][  0]LogTemp:Display: Loaded TP LinuxNoEditorTargetPlatform
[2016.09.15-07.37.23:585][  0]LogTemp:Display: Loaded TP LinuxServerTargetPlatform
[2016.09.15-07.37.23:613][  0]LogTemp:Display: Loaded TP LinuxTargetPlatform
[2016.09.15-07.37.23:613][  0]LogTargetPlatformManager:Display: Building Assets For Windows
[2016.09.15-07.37.23:722][  0]LogDerivedDataCache:Display: Max Cache Size: 512 MB
[2016.09.15-07.37.23:796][  0]LogDerivedDataCache: Loaded boot cache 0.07s 42MB C:/Users/ade.KYIV/AppData/Local/UnrealEngine/4.12/DerivedDataCache/Boot.ddc.
[2016.09.15-07.37.23:796][  0]LogDerivedDataCache:Display: Loaded Boot cache: C:/Users/ade.KYIV/AppData/Local/UnrealEngine/4.12/DerivedDataCache/Boot.ddc
[2016.09.15-07.37.23:797][  0]LogDerivedDataCache: FDerivedDataBackendGraph:  Pak pak cache file C:/Users/ade.KYIV/Documents/Unreal Projects/BlueprintIntro/DerivedDataCache/DDC.ddp not found, will not use a pak cache.
[2016.09.15-07.37.23:797][  0]LogDerivedDataCache: Unable to find inner node Pak for hierarchical cache Hierarchy.
[2016.09.15-07.37.23:797][  0]LogDerivedDataCache: FDerivedDataBackendGraph:  CompressedPak pak cache file C:/Users/ade.KYIV/Documents/Unreal Projects/BlueprintIntro/DerivedDataCache/Compressed.ddp not found, will not use a pak cache.
[2016.09.15-07.37.23:797][  0]LogDerivedDataCache: Unable to find inner node CompressedPak for hierarchical cache Hierarchy.
[2016.09.15-07.37.23:821][  0]LogDerivedDataCache:Display: Pak cache opened for reading ../../../Engine/DerivedDataCache/Compressed.ddp.
[2016.09.15-07.37.23:835][  0]LogDerivedDataCache: Using Local data cache path C:/Users/ade.KYIV/AppData/Local/UnrealEngine/Common/DerivedDataCache: Writable
[2016.09.15-07.37.24:102][  0]LogInit: Selected Device Profile: [Windows]
[2016.09.15-07.37.24:103][  0]LogContentStreaming: Texture pool size is 0.00 MB
[2016.09.15-07.37.24:331][  0]LogMeshUtilities: No automatic mesh reduction module available
[2016.09.15-07.37.24:331][  0]LogMeshUtilities: No automatic mesh merging module available
[2016.09.15-07.37.24:331][  0]LogMeshUtilities: No distributed automatic mesh merging module available
[2016.09.15-07.37.24:771][  0]LogAssetRegistry: FAssetRegistry took 0.0220 seconds to start up
[2016.09.15-07.37.24:820][  0]LogPackageLocalizationCache: Processed 3 localized package path(s) for 2 prioritized culture(s) in 0.046429 seconds
[2016.09.15-07.37.24:830][  0]LogUObjectArray: 28739 objects as part of root set at end of initial load.
[2016.09.15-07.37.24:830][  0]LogUObjectAllocator: 5855624 out of 0 bytes used by permanent object pool.
[2016.09.15-07.37.24:830][  0]LogUObjectArray: CloseDisregardForGC: 0/0 objects in disregard for GC pool
[2016.09.15-07.37.24:843][  0]LogInit: WinSock: version 1.1 (2.2), MaxSocks=32767, MaxUdp=65467
[2016.09.15-07.37.25:130][  0]LogSlate: SlateFontCache - WITH_FREETYPE: 1, WITH_HARFBUZZ: 1
[2016.09.15-07.37.25:130][  0]LogSlate: SlateFontCache - WITH_FREETYPE: 1, WITH_HARFBUZZ: 1
[2016.09.15-07.37.27:111][  0]LogUdpMessaging: Initializing bridge on interface 0.0.0.0:0 to multicast group 230.0.0.1:6666.
[2016.09.15-07.37.27:477][  0]SourceControl: Info Source control is disabled
[2016.09.15-07.37.27:530][  0]SourceControl: Info Source control is disabled
[2016.09.15-07.37.27:543][  0]SourceControl: Info Source control is disabled
[2016.09.15-07.37.27:558][  0]SourceControl: Info Source control is disabled
[2016.09.15-07.37.27:841][  0]LogEngine: Initializing Engine...
[2016.09.15-07.37.27:843][  0]LogHMD: SteamVR failed to initialize.  Err: 110
[2016.09.15-07.37.27:844][  0]LogHMD: SteamVR failed to initialize.  Err: 110
[2016.09.15-07.37.28:036][  0]LogAIModule: Creating AISystem for world NewWorld
[2016.09.15-07.37.28:043][  0]LogInit: XAudio2 using 'Speakers (Jabra UC VOICE 150a)' : 2 channels at 44.1 kHz using 16 bits per sample (channel mask 0x3)
[2016.09.15-07.37.28:063][  0]LogInit: FAudioDevice initialized.
[2016.09.15-07.37.28:091][  0]LogDerivedDataCache: Saved boot cache 0.03s 42MB C:/Users/ade.KYIV/AppData/Local/UnrealEngine/4.12/DerivedDataCache/Boot.ddc.
[2016.09.15-07.37.28:098][  0]LogInit: Texture streaming: Enabled
[2016.09.15-07.37.28:161][  0]LogInit: Transaction tracking system initialized
[2016.09.15-07.37.28:190][  0]BlueprintLog: New page: Editor Load
[2016.09.15-07.37.28:296][  0]LocalizationService: Info Localization service is disabled
[2016.09.15-07.37.28:566][  0]LogConsoleResponse:Display: 
[2016.09.15-07.37.28:897][  0]LogCook:Display: Max memory allowance for cook 8192mb
[2016.09.15-07.37.28:897][  0]LogCook:Display: Mobile HDR setting 1
[2016.09.15-07.37.29:032][  0]LogFileCache: Scanning file cache for directory 'C:/Users/ade.KYIV/Documents/Unreal Projects/BlueprintIntro/Content/' took 0.04s
[2016.09.15-07.37.29:032][  0]SourceControl: Info Source control is disabled
[2016.09.15-07.37.29:032][  0]Cmd: MAP LOAD FILE="C:/Users/ade.KYIV/Documents/Unreal Projects/BlueprintIntro/Content/ThirdPersonBP/Maps/ThirdPersonExampleMap.umap" TEMPLATE=0 SHOWPROGRESS=1 FEATURELEVEL=2
[2016.09.15-07.37.29:035][  0]LightingResults: New page: Lighting Build
[2016.09.15-07.37.29:038][  0]MapCheck: New page: Map Check
[2016.09.15-07.37.29:038][  0]LightingResults: New page: Lighting Build
[2016.09.15-07.37.31:441][  0]LogAIModule: Creating AISystem for world ThirdPersonExampleMap
[2016.09.15-07.37.31:524][  0]LogEditorServer: Finished looking for orphan Actors (0.000 secs)
[2016.09.15-07.37.31:542][  0]Cmd: MAP CHECKDEP NOCLEARLOG
[2016.09.15-07.37.31:704][  0]MapCheck: Info Map check complete: 0 Error(s), 0 Warning(s), took 162.141ms to complete.
[2016.09.15-07.37.31:704][  0]LogFileHelpers: Loading map 'ThirdPersonExampleMap' took 2.672
[2016.09.15-07.37.32:885][  0]LogCollectionManager: Loaded 0 collections in 0.010709 seconds
[2016.09.15-07.37.33:184][  0]LogFileCache: Scanning file cache for directory 'C:/Users/ade.KYIV/Documents/Unreal Projects/BlueprintIntro/Saved/Collections/' took 0.01s
[2016.09.15-07.37.33:184][  0]LogFileCache: Scanning file cache for directory 'C:/Users/ade.KYIV/Documents/Unreal Projects/BlueprintIntro/Content/Developers/ade/Collections/' took 0.01s
[2016.09.15-07.37.33:184][  0]LogFileCache: Scanning file cache for directory 'C:/Users/ade.KYIV/Documents/Unreal Projects/BlueprintIntro/Content/Collections/' took 0.01s
[2016.09.15-07.37.33:184][  0]LogCollectionManager: Rebuilt the GUID cache for 0 collections in 0.000007 seconds
[2016.09.15-07.37.33:263][  0]LogContentBrowser: Native class hierarchy populated in 0.0755 seconds. Added 2047 classes and 369 folders.
[2016.09.15-07.37.33:415][  0]LogStats: UGameplayTagsManager::ConstructGameplayTagTree: Construct from data asset -  0.006 s
[2016.09.15-07.37.33:416][  0]LogStats: UGameplayTagsManager::ConstructGameplayTagTree: GameplayTagTreeChangedEvent.Broadcast -  0.000 s
[2016.09.15-07.37.33:444][  0]LogContentBrowser: Native class hierarchy updated for 'GameplayTags' in 0.0022 seconds. Added 12 classes and 0 folders.
[2016.09.15-07.37.33:517][  0]LogContentBrowser: Native class hierarchy updated for 'WidgetCarousel' in 0.0014 seconds. Added 0 classes and 0 folders.
[2016.09.15-07.37.35:388][  0]LogContentBrowser: Native class hierarchy updated for 'AddContentDialog' in 0.0014 seconds. Added 0 classes and 0 folders.
[2016.09.15-07.37.35:714][  0]LogContentBrowser: Native class hierarchy updated for 'SceneOutliner' in 0.0014 seconds. Added 1 classes and 2 folders.
[2016.09.15-07.37.36:853][  0]LogCrashTracker: Crashtracker disabled due to settings.
[2016.09.15-07.37.37:501][  0]LogUObjectGlobals:Warning: Failed to find object 'Class None.'
[2016.09.15-07.37.37:735][  0]LogContentBrowser: Native class hierarchy updated for 'HierarchicalLODOutliner' in 0.0009 seconds. Added 1 classes and 2 folders.
[2016.09.15-07.37.37:736][  0]LogLoad: Full Startup: 17.88 seconds (BP compile: 0.67 seconds)
[2016.09.15-07.37.37:736][  0]LogExternalProfiler: Found external profiler: VSPerf
[2016.09.15-07.37.37:736][  0]LogExternalProfiler: Using external profiler: VSPerf
[2016.09.15-07.37.37:754][  0]LogWindowsTextInputMethodSystem:Display: IME system now deactivated.
[2016.09.15-07.37.37:754][  0]LogOcInput: OculusInput pre-init called
[2016.09.15-07.37.38:160][  0]LogContentStreaming: Texture pool size now 200 MB
[2016.09.15-07.37.40:347][  0]LogRenderer: Reallocating scene render targets to support 1224x588 (Frame:2).
[2016.09.15-07.37.41:591][  1]LogEditorViewport: Clicking on Actor (LMB): BP_Sky_Sphere_C (SkySphereBlueprint)
[2016.09.15-07.37.43:654][  4]LogAssetRegistry: Asset discovery search completed in 18.9050 seconds
[2016.09.15-07.37.43:654][  4]LogCollectionManager: Rebuilt the object cache for 0 collections in 0.000001 seconds (found 0 objects)
[2016.09.15-07.37.43:654][  4]LogCollectionManager: Fixed up redirectors for 0 collections in 0.000050 seconds (updated 0 objects)
[2016.09.15-07.37.48:896][ 88]LogAIModule: Creating AISystem for world BP_LevelIntro
[2016.09.15-07.37.49:062][ 88]Cmd: MAP LOAD FILE="C:/Users/ade.KYIV/Documents/Unreal Projects/BlueprintIntro/Content/ThirdPersonBP/Maps/BP_LevelIntro.umap" TEMPLATE=0 SHOWPROGRESS=1 FEATURELEVEL=2
[2016.09.15-07.37.49:062][ 88]LightingResults: New page: Lighting Build
[2016.09.15-07.37.49:063][ 88]LoadErrors: New page: Loading map: BP_LevelIntro.umap
[2016.09.15-07.37.49:098][ 88]MapCheck: New page: Map Check
[2016.09.15-07.37.49:098][ 88]LightingResults: New page: Lighting Build
[2016.09.15-07.37.49:161][ 88]LogEditorServer: Finished looking for orphan Actors (0.000 secs)
[2016.09.15-07.37.49:183][ 88]Cmd: MAP CHECKDEP NOCLEARLOG
[2016.09.15-07.37.49:308][ 88]MapCheck: Info Map check complete: 0 Error(s), 0 Warning(s), took 124.58ms to complete.
[2016.09.15-07.37.49:308][ 88]LogFileHelpers: Loading map 'BP_LevelIntro' took 0.271
[2016.09.15-07.37.56:870][254]MapCheck: New page: Map Check
[2016.09.15-07.37.56:969][254]Cmd: MAP REBUILD ALLVISIBLE
[2016.09.15-07.37.56:970][254]LogEditorServer: Rebuildmap Clear paths rebuilt
[2016.09.15-07.37.57:133][254]LightingResults: New page: Lighting Build - Sep 15, 2016, 12:37:57 PM
[2016.09.15-07.37.57:451][254]LogSwarmInterface: [OpenConnection] Registering TCP channel ...
[2016.09.15-07.37.57:606][254]LogSwarmInterface: [OpenConnection] Connecting to agent ...
[2016.09.15-07.37.57:653][254]LogSwarmInterface: [TryOpenConnection] Testing the Agent
[2016.09.15-07.37.59:244][254]LogSwarmInterface: [TryOpenConnection] Opening Connection to Agent
[2016.09.15-07.37.59:244][254]LogSwarmInterface: [TryOpenConnection] Local Process ID is 5904
[2016.09.15-07.38.02:843][254]LogStaticLightingSystem:Warning: No importance volume found, so the scene bounding box was used.  You can optimize your scene's quality and lighting build times by adding importance volumes.
[2016.09.15-07.38.02:855][254]LogStaticLightingSystem: Running Lightmass w/ ImmediateImport mode ENABLED
[2016.09.15-07.38.02:855][254]LogStaticLightingSystem: Running Lightmass w/ ImmediateProcess mode ENABLED
[2016.09.15-07.38.02:855][254]LogStaticLightingSystem: Running Lightmass w/ Sorting mode ENABLED
[2016.09.15-07.38.02:855][254]LogStaticLightingSystem: Running Lightmass w/ Mapping paddings ENABLED
[2016.09.15-07.38.02:855][254]LogStaticLightingSystem: Running Lightmass w/ Mapping debug paddings DISABLED
[2016.09.15-07.38.03:328][254]Cmd: MAP CHECK DONTDISPLAYDIALOG
[2016.09.15-07.38.03:329][254]MapCheck: New page: BP_LevelIntro - Sep 15, 2016, 12:38:03 PM
[2016.09.15-07.38.03:386][254]MapCheck:Error: Error WorldSettings_1 Maps need lighting rebuilt 
[2016.09.15-07.38.03:609][254]MapCheck: Info Map check complete: 1 Error(s), 0 Warning(s), took 281.653ms to complete.
[2016.09.15-07.38.03:633][254]LogEditorBuildUtils: Build time 0:06
[2016.09.15-07.38.03:749][254]LogMaterial: Missing cached shader map for material FLightmassMaterialRenderer DefaultMaterial, compiling. 
[2016.09.15-07.38.03:928][254]LogMaterial: Missing cached shader map for material FLightmassMaterialRenderer DefaultMaterial, compiling. 
[2016.09.15-07.38.11:258][314]Job is a success!
[2016.09.15-07.38.12:021][315]LogTexture:Display: Building textures: HQ_Lightmap0_1 (AutoDXT)
[2016.09.15-07.38.12:021][315]LogTexture:Display: Building textures: LQ_Lightmap_0_1 (DXT1)
[2016.09.15-07.38.12:021][315]LogTexture:Display: Building textures: HQ_Lightmap1_2 (AutoDXT)
[2016.09.15-07.38.12:021][315]LogTexture:Display: Building textures: LQ_Lightmap_1_2 (DXT1)
[2016.09.15-07.38.12:071][315]LogTexture:Display: Building textures: ShadowMapTexture2D_0 (BGRA8)
[2016.09.15-07.38.12:071][315]LogTexture:Display: Building textures: ShadowMapTexture2D_3 (G8)
[2016.09.15-07.38.12:135][315]Lightmass on NB-ADE: 3.36 sec total, 135 ms importing, 6 ms setup, 416 ms photons, 2.77 sec processing, 0 ms extra exporting [7/7 mappings]. Threads: 11.0 sec total, 4.02 sec processing.
[2016.09.15-07.38.12:190][315]LogStaticLightingSystem: Illumination: 14.9 sec (411 ms encoding lightmaps, 45 ms encoding shadowmaps)
[2016.09.15-07.38.12:190][315]LogStaticLightingSystem: Lightmap texture memory:  0.5 MB (0.5 MB streaming, 0.0 MB non-streaming), 4 textures
[2016.09.15-07.38.12:190][315]LogStaticLightingSystem: Shadowmap texture memory: 0.7 MB (0.7 MB streaming, 0.0 MB non-streaming), 2 textures
[2016.09.15-07.38.12:833][316]Cmd: MAP CHECK NOTIFYRESULTS
[2016.09.15-07.38.12:834][316]MapCheck: New page: BP_LevelIntro - Sep 15, 2016, 12:38:12 PM
[2016.09.15-07.38.13:128][316]MapCheck: Info Map check complete: 0 Error(s), 0 Warning(s), took 294.002ms to complete.
[2016.09.15-07.38.18:192][423]LogEditorViewport: Clicking on Actor (LMB): PointLight (PointLight)
[2016.09.15-07.38.24:721][562]LogBlueprintUserMessages: Early PlayInEditor Detection: Level '/Game/ThirdPersonBP/Maps/BP_LevelIntro.BP_LevelIntro:PersistentLevel' has LevelScriptBlueprint '/Game/ThirdPersonBP/Maps/BP_LevelIntro.BP_LevelIntro:PersistentLevel.BP_LevelIntro' with GeneratedClass '/Game/ThirdPersonBP/Maps/BP_LevelIntro.BP_LevelIntro_C' with ClassGeneratedBy '/Game/ThirdPersonBP/Maps/BP_LevelIntro.BP_LevelIntro:PersistentLevel.BP_LevelIntro'
[2016.09.15-07.38.24:721][562]LogPlayLevel: PlayLevel: No blueprints needed recompiling
[2016.09.15-07.38.24:721][562]PIE: New page: PIE session: BP_LevelIntro (Sep 15, 2016, 12:38:24 PM)
[2016.09.15-07.38.24:721][562]LogPlayLevel: Creating play world package: /Game/ThirdPersonBP/Maps/UEDPIE_0_BP_LevelIntro
[2016.09.15-07.38.24:775][562]LogPlayLevel: PIE: StaticDuplicateObject took: (0.053896s)
[2016.09.15-07.38.24:776][562]LogAIModule: Creating AISystem for world BP_LevelIntro
[2016.09.15-07.38.24:776][562]LogPlayLevel: PIE: World Init took: (0.000907s)
[2016.09.15-07.38.24:776][562]LogPlayLevel: PIE: Created PIE world by copying editor world from /Game/ThirdPersonBP/Maps/BP_LevelIntro.BP_LevelIntro to /Game/ThirdPersonBP/Maps/UEDPIE_0_BP_LevelIntro.BP_LevelIntro (0.055071s)
[2016.09.15-07.38.24:802][562]LogInit: XAudio2 using 'Speakers (Jabra UC VOICE 150a)' : 2 channels at 44.1 kHz using 16 bits per sample (channel mask 0x3)
[2016.09.15-07.38.24:808][562]LogInit: FAudioDevice initialized.
[2016.09.15-07.38.25:051][562]LogWorld: Game class is 'ThirdPersonGameMode_C'
[2016.09.15-07.38.25:102][562]LogWorld: Bringing World /Game/ThirdPersonBP/Maps/UEDPIE_0_BP_LevelIntro.BP_LevelIntro up for play (max tick rate 60) at 2016.09.15-10.38.25
[2016.09.15-07.38.25:103][562]LogWorld: Bringing up level for play took: 0.011037
[2016.09.15-07.38.25:184][562]LogContentBrowser: Native class hierarchy updated for 'MovieSceneCapture' in 0.0017 seconds. Added 11 classes and 0 folders.
[2016.09.15-07.38.25:232][562]PIE: Info Play in editor start time for /Game/ThirdPersonBP/Maps/UEDPIE_0_BP_LevelIntro 1.113
[2016.09.15-07.38.25:232][562]LogBlueprintUserMessages: Late PlayInEditor Detection: Level '/Game/ThirdPersonBP/Maps/BP_LevelIntro.BP_LevelIntro:PersistentLevel' has LevelScriptBlueprint '/Game/ThirdPersonBP/Maps/BP_LevelIntro.BP_LevelIntro:PersistentLevel.BP_LevelIntro' with GeneratedClass '/Game/ThirdPersonBP/Maps/BP_LevelIntro.BP_LevelIntro_C' with ClassGeneratedBy '/Game/ThirdPersonBP/Maps/BP_LevelIntro.BP_LevelIntro:PersistentLevel.BP_LevelIntro'
[2016.09.15-07.38.28:917][633]LogBlueprintUserMessages: Early EndPlayMap Detection: Level '/Game/ThirdPersonBP/Maps/BP_LevelIntro.BP_LevelIntro:PersistentLevel' has LevelScriptBlueprint '/Game/ThirdPersonBP/Maps/BP_LevelIntro.BP_LevelIntro:PersistentLevel.BP_LevelIntro' with GeneratedClass '/Game/ThirdPersonBP/Maps/BP_LevelIntro.BP_LevelIntro_C' with ClassGeneratedBy '/Game/ThirdPersonBP/Maps/BP_LevelIntro.BP_LevelIntro:PersistentLevel.BP_LevelIntro'
[2016.09.15-07.38.29:072][633]LogBlueprintUserMessages: Late EndPlayMap Detection: Level '/Game/ThirdPersonBP/Maps/BP_LevelIntro.BP_LevelIntro:PersistentLevel' has LevelScriptBlueprint '/Game/ThirdPersonBP/Maps/BP_LevelIntro.BP_LevelIntro:PersistentLevel.BP_LevelIntro' with GeneratedClass '/Game/ThirdPersonBP/Maps/BP_LevelIntro.BP_LevelIntro_C' with ClassGeneratedBy '/Game/ThirdPersonBP/Maps/BP_LevelIntro.BP_LevelIntro:PersistentLevel.BP_LevelIntro'
[2016.09.15-07.38.38:572][820]LogRenderer: Reallocating scene render targets to support 1224x588 (Frame:832).
[2016.09.15-07.38.54:850][162]MapCheck: New page: Map Check
[2016.09.15-07.38.54:893][162]LightingResults: New page: Lighting Build - Sep 15, 2016, 12:38:54 PM
[2016.09.15-07.38.54:912][162]LogSwarmInterface: [OpenConnection] Registering TCP channel ...
[2016.09.15-07.38.54:913][162]LogSwarmInterface: [OpenConnection] Connecting to agent ...
[2016.09.15-07.38.54:913][162]LogSwarmInterface: [TryOpenConnection] Testing the Agent
[2016.09.15-07.38.54:915][162]LogSwarmInterface: [TryOpenConnection] Opening Connection to Agent
[2016.09.15-07.38.54:915][162]LogSwarmInterface: [TryOpenConnection] Local Process ID is 5904
[2016.09.15-07.38.59:496][162]LogStaticLightingSystem:Warning: No importance volume found, so the scene bounding box was used.  You can optimize your scene's quality and lighting build times by adding importance volumes.
[2016.09.15-07.38.59:496][162]LogStaticLightingSystem: Running Lightmass w/ ImmediateImport mode ENABLED
[2016.09.15-07.38.59:496][162]LogStaticLightingSystem: Running Lightmass w/ ImmediateProcess mode ENABLED
[2016.09.15-07.38.59:496][162]LogStaticLightingSystem: Running Lightmass w/ Sorting mode ENABLED
[2016.09.15-07.38.59:496][162]LogStaticLightingSystem: Running Lightmass w/ Mapping paddings ENABLED
[2016.09.15-07.38.59:496][162]LogStaticLightingSystem: Running Lightmass w/ Mapping debug paddings DISABLED
[2016.09.15-07.38.59:701][162]LogEditorBuildUtils: Build time 0:04
[2016.09.15-07.39.03:250][218]Job is a success!
[2016.09.15-07.39.03:657][219]LogTexture:Display: Building textures: HQ_Lightmap2_1 (AutoDXT)
[2016.09.15-07.39.03:657][219]LogTexture:Display: Building textures: LQ_Lightmap_1_1 (DXT1)
[2016.09.15-07.39.03:657][219]LogTexture:Display: Building textures: HQ_Lightmap2_2 (AutoDXT)
[2016.09.15-07.39.03:657][219]LogTexture:Display: Building textures: LQ_Lightmap_0_2 (DXT1)
[2016.09.15-07.39.03:707][219]LogTexture:Display: Building textures: ShadowMapTexture2D_4 (BGRA8)
[2016.09.15-07.39.03:707][219]LogTexture:Display: Building textures: ShadowMapTexture2D_5 (G8)
[2016.09.15-07.39.03:742][219]Lightmass on NB-ADE: 3.00 sec total, 158 ms importing, 5 ms setup, 421 ms photons, 2.39 sec processing, 0 ms extra exporting [7/7 mappings]. Threads: 9.54 sec total, 3.84 sec processing.
[2016.09.15-07.39.03:794][219]LogStaticLightingSystem: Illumination: 8.85 sec (283 ms encoding lightmaps, 45 ms encoding shadowmaps)
[2016.09.15-07.39.03:794][219]LogStaticLightingSystem: Lightmap texture memory:  0.5 MB (0.5 MB streaming, 0.0 MB non-streaming), 4 textures
[2016.09.15-07.39.03:794][219]LogStaticLightingSystem: Shadowmap texture memory: 0.7 MB (0.7 MB streaming, 0.0 MB non-streaming), 2 textures
[2016.09.15-07.39.04:523][220]Cmd: MAP CHECK NOTIFYRESULTS
[2016.09.15-07.39.04:523][220]MapCheck: New page: BP_LevelIntro - Sep 15, 2016, 12:39:04 PM
[2016.09.15-07.39.04:773][220]MapCheck: Info Map check complete: 0 Error(s), 0 Warning(s), took 249.915ms to complete.
[2016.09.15-07.39.11:522][351]LogSlate:Warning: Prevented a slow task dialog from being summoned while a context menu was open
[2016.09.15-07.39.11:560][351]LogSynthBenchmark:Display: FSynthBenchmark (V0.95):  requested WorkScale=1.00
[2016.09.15-07.39.11:560][351]LogSynthBenchmark:Display: ===============
[2016.09.15-07.39.11:560][351]LogSynthBenchmark:Display: Main Processor:
[2016.09.15-07.39.11:622][351]LogSynthBenchmark:Display:          ... 0.030317 s/Run 'RayIntersect'
[2016.09.15-07.39.11:622][351]LogSynthBenchmark:Display:          ... 0.031744 s/Run 'Fractal'
[2016.09.15-07.39.11:622][351]LogSynthBenchmark:Display: 
[2016.09.15-07.39.11:622][351]LogSynthBenchmark:Display:   CompiledTarget_x_Bits: 64
[2016.09.15-07.39.11:622][351]LogSynthBenchmark:Display:   UE_BUILD_SHIPPING: 0
[2016.09.15-07.39.11:622][351]LogSynthBenchmark:Display:   UE_BUILD_TEST: 0
[2016.09.15-07.39.11:622][351]LogSynthBenchmark:Display:   UE_BUILD_DEBUG: 0
[2016.09.15-07.39.11:622][351]LogSynthBenchmark:Display:   TotalPhysicalGBRam: 8
[2016.09.15-07.39.11:622][351]LogSynthBenchmark:Display:   NumberOfCores (physical): 2
[2016.09.15-07.39.11:622][351]LogSynthBenchmark:Display:   NumberOfCores (logical): 4
[2016.09.15-07.39.11:622][351]LogSynthBenchmark:Display:   CPU Perf Index 0: 84.5 (weight 1.00)
[2016.09.15-07.39.11:622][351]LogSynthBenchmark:Display:   CPU Perf Index 1: 90.1 (weight 1.50)
[2016.09.15-07.39.11:622][351]LogSynthBenchmark:Display:  
[2016.09.15-07.39.11:622][351]LogSynthBenchmark:Display: Graphics:
[2016.09.15-07.39.11:622][351]LogSynthBenchmark:Display:   Adapter Name: 'Intel(R) HD Graphics 3000'
[2016.09.15-07.39.11:622][351]LogSynthBenchmark:Display:   (On Optimus the name might be wrong, memory should be ok)
[2016.09.15-07.39.11:622][351]LogSynthBenchmark:Display:   Vendor Id: 0x8086
[2016.09.15-07.39.11:622][351]LogSynthBenchmark:Display:   Device Id: 0x126
[2016.09.15-07.39.11:622][351]LogSynthBenchmark:Display:   GPU Memory: 0/0/1632 MB
[2016.09.15-07.39.11:744][351]LogSynthBenchmark:Display:   GPU first test: 0.04s
[2016.09.15-07.39.11:744][351]LogSynthBenchmark:Display:          ... 0.246 GigaPix/s, Confidence=100% 'ALUHeavyNoise' (likely to be very inaccurate)
[2016.09.15-07.39.11:744][351]LogSynthBenchmark:Display:          ... 0.273 GigaPix/s, Confidence=89% 'TexHeavy' (likely to be very inaccurate)
[2016.09.15-07.39.11:744][351]LogSynthBenchmark:Display:          ... 0.241 GigaPix/s, Confidence=100% 'DepTexHeavy' (likely to be very inaccurate)
[2016.09.15-07.39.11:744][351]LogSynthBenchmark:Display:          ... 1.277 GigaPix/s, Confidence=89% 'FillOnly' (likely to be very inaccurate)
[2016.09.15-07.39.11:744][351]LogSynthBenchmark:Display:          ... 0.033 GigaPix/s, Confidence=100% 'Bandwidth' (likely to be very inaccurate)
[2016.09.15-07.39.12:119][351]LogSynthBenchmark:Display:   GPU second test: 0.38s
[2016.09.15-07.39.12:119][351]LogSynthBenchmark:Display:          ... 0.275 GigaPix/s, Confidence=100% 'ALUHeavyNoise' (likely to be inaccurate)
[2016.09.15-07.39.12:119][351]LogSynthBenchmark:Display:          ... 0.302 GigaPix/s, Confidence=89% 'TexHeavy' (likely to be inaccurate)
[2016.09.15-07.39.12:119][351]LogSynthBenchmark:Display:          ... 0.249 GigaPix/s, Confidence=100% 'DepTexHeavy' (likely to be inaccurate)
[2016.09.15-07.39.12:120][351]LogSynthBenchmark:Display:          ... 1.771 GigaPix/s, Confidence=89% 'FillOnly' (likely to be inaccurate)
[2016.09.15-07.39.12:120][351]LogSynthBenchmark:Display:          ... 0.029 GigaPix/s, Confidence=100% 'Bandwidth' (likely to be inaccurate)
[2016.09.15-07.39.12:120][351]LogSynthBenchmark:Display:          ... 0.275 GigaPix/s, Confidence=100% 'ALUHeavyNoise'
[2016.09.15-07.39.12:120][351]LogSynthBenchmark:Display:          ... 0.302 GigaPix/s, Confidence=89% 'TexHeavy'
[2016.09.15-07.39.12:120][351]LogSynthBenchmark:Display:          ... 0.249 GigaPix/s, Confidence=100% 'DepTexHeavy'
[2016.09.15-07.39.12:120][351]LogSynthBenchmark:Display:          ... 1.771 GigaPix/s, Confidence=89% 'FillOnly'
[2016.09.15-07.39.12:120][351]LogSynthBenchmark:Display:          ... 0.029 GigaPix/s, Confidence=100% 'Bandwidth'
[2016.09.15-07.39.12:120][351]LogSynthBenchmark:Display: 
[2016.09.15-07.39.12:120][351]LogSynthBenchmark:Display:   GPU Perf Index 0: 6.0 (weight 1.00)
[2016.09.15-07.39.12:120][351]LogSynthBenchmark:Display:   GPU Perf Index 1: 4.1 (weight 0.10)
[2016.09.15-07.39.12:120][351]LogSynthBenchmark:Display:   GPU Perf Index 2: 6.5 (weight 0.10)
[2016.09.15-07.39.12:120][351]LogSynthBenchmark:Display:   GPU Perf Index 3: 7.0 (weight 3.00)
[2016.09.15-07.39.12:120][351]LogSynthBenchmark:Display:   GPU Perf Index 4: 2.7 (weight 1.00)
[2016.09.15-07.39.12:120][351]LogSynthBenchmark:Display:   CPUIndex: 87.8
[2016.09.15-07.39.12:120][351]LogSynthBenchmark:Display:   GPUIndex: 5.9
[2016.09.15-07.39.12:120][351]LogSynthBenchmark:Display: 
[2016.09.15-07.39.12:120][351]LogSynthBenchmark:Display:          ... Total Time: 0.559834 sec
[2016.09.15-07.39.12:212][354]LogRenderer: Reallocating scene render targets to support 1224x588 (Frame:1372).
[2016.09.15-07.39.13:562][373]LogRenderer: Reallocating scene render targets to support 1224x588 (Frame:1391).
[2016.09.15-07.39.14:066][375]LogContentStreaming: Texture pool size now 1000 MB
[2016.09.15-07.39.15:702][393]LogTexture:Warning: Failed to stream mip data from the derived data cache for /Game/ThirdPersonBP/Maps/BP_LevelIntro.HQ_Lightmap1_1. Streaming mips will be recached.
[2016.09.15-07.39.15:718][393]LogTexture:Display: Building textures: HQ_Lightmap1_1 (AutoDXT)
[2016.09.15-07.39.18:392][427]MapCheck: New page: Map Check
[2016.09.15-07.39.18:555][427]Cmd: MAP REBUILD ALLVISIBLE
[2016.09.15-07.39.18:555][427]LogEditorServer: Rebuildmap Clear paths rebuilt
[2016.09.15-07.39.18:566][427]LightingResults: New page: Lighting Build - Sep 15, 2016, 12:39:18 PM
[2016.09.15-07.39.18:585][427]LogSwarmInterface: [OpenConnection] Registering TCP channel ...
[2016.09.15-07.39.18:587][427]LogSwarmInterface: [OpenConnection] Connecting to agent ...
[2016.09.15-07.39.18:587][427]LogSwarmInterface: [TryOpenConnection] Testing the Agent
[2016.09.15-07.39.18:589][427]LogSwarmInterface: [TryOpenConnection] Opening Connection to Agent
[2016.09.15-07.39.18:589][427]LogSwarmInterface: [TryOpenConnection] Local Process ID is 5904
[2016.09.15-07.39.23:109][427]LogStaticLightingSystem:Warning: No importance volume found, so the scene bounding box was used.  You can optimize your scene's quality and lighting build times by adding importance volumes.
[2016.09.15-07.39.23:109][427]LogStaticLightingSystem: Running Lightmass w/ ImmediateImport mode ENABLED
[2016.09.15-07.39.23:109][427]LogStaticLightingSystem: Running Lightmass w/ ImmediateProcess mode ENABLED
[2016.09.15-07.39.23:109][427]LogStaticLightingSystem: Running Lightmass w/ Sorting mode ENABLED
[2016.09.15-07.39.23:109][427]LogStaticLightingSystem: Running Lightmass w/ Mapping paddings ENABLED
[2016.09.15-07.39.23:109][427]LogStaticLightingSystem: Running Lightmass w/ Mapping debug paddings DISABLED
[2016.09.15-07.39.23:343][427]Cmd: MAP CHECK DONTDISPLAYDIALOG
[2016.09.15-07.39.23:343][427]MapCheck: New page: BP_LevelIntro - Sep 15, 2016, 12:39:23 PM
[2016.09.15-07.39.23:532][427]MapCheck: Info Map check complete: 0 Error(s), 0 Warning(s), took 188.899ms to complete.
[2016.09.15-07.39.23:555][427]LogEditorBuildUtils: Build time 0:05
[2016.09.15-07.39.26:882][436]Job is a success!
[2016.09.15-07.39.27:719][437]LogTexture:Display: Building textures: HQ_Lightmap0_1 (AutoDXT)
[2016.09.15-07.39.27:719][437]LogTexture:Display: Building textures: LQ_Lightmap_0_1 (DXT1)
[2016.09.15-07.39.27:719][437]LogTexture:Display: Building textures: HQ_Lightmap1_2 (AutoDXT)
[2016.09.15-07.39.27:719][437]LogTexture:Display: Building textures: LQ_Lightmap_1_2 (DXT1)
[2016.09.15-07.39.27:770][437]LogTexture:Display: Building textures: ShadowMapTexture2D_6 (BGRA8)
[2016.09.15-07.39.27:770][437]LogTexture:Display: Building textures: ShadowMapTexture2D_7 (G8)
[2016.09.15-07.39.27:806][437]Lightmass on NB-ADE: 2.80 sec total, 99 ms importing, 3 ms setup, 365 ms photons, 2.32 sec processing, 0 ms extra exporting [7/7 mappings]. Threads: 9.25 sec total, 2.85 sec processing.
[2016.09.15-07.39.27:810][437]LogStaticLightingSystem: Illumination: 8.90 sec (359 ms encoding lightmaps, 46 ms encoding shadowmaps)
[2016.09.15-07.39.27:810][437]LogStaticLightingSystem: Lightmap texture memory:  0.5 MB (0.5 MB streaming, 0.0 MB non-streaming), 4 textures
[2016.09.15-07.39.27:810][437]LogStaticLightingSystem: Shadowmap texture memory: 0.7 MB (0.7 MB streaming, 0.0 MB non-streaming), 2 textures
[2016.09.15-07.39.28:128][438]Cmd: MAP CHECK NOTIFYRESULTS
[2016.09.15-07.39.28:128][438]MapCheck: New page: BP_LevelIntro - Sep 15, 2016, 12:39:28 PM
[2016.09.15-07.39.28:315][438]MapCheck: Info Map check complete: 0 Error(s), 0 Warning(s), took 187.228ms to complete.
[2016.09.15-07.40.11:603][705]LogEditorViewport: Clicking on Actor (LMB): PointLight (PointLight)
[2016.09.15-07.40.18:991][794]LogBlueprintUserMessages: Early PlayInEditor Detection: Level '/Game/ThirdPersonBP/Maps/BP_LevelIntro.BP_LevelIntro:PersistentLevel' has LevelScriptBlueprint '/Game/ThirdPersonBP/Maps/BP_LevelIntro.BP_LevelIntro:PersistentLevel.BP_LevelIntro' with GeneratedClass '/Game/ThirdPersonBP/Maps/BP_LevelIntro.BP_LevelIntro_C' with ClassGeneratedBy '/Game/ThirdPersonBP/Maps/BP_LevelIntro.BP_LevelIntro:PersistentLevel.BP_LevelIntro'
[2016.09.15-07.40.18:991][794]LogPlayLevel: PlayLevel: No blueprints needed recompiling
[2016.09.15-07.40.18:991][794]PIE: New page: PIE session: BP_LevelIntro (Sep 15, 2016, 12:40:18 PM)
[2016.09.15-07.40.18:992][794]LogPlayLevel: Creating play world package: /Game/ThirdPersonBP/Maps/UEDPIE_0_BP_LevelIntro
[2016.09.15-07.40.19:001][794]LogPlayLevel: PIE: StaticDuplicateObject took: (0.009536s)
[2016.09.15-07.40.19:003][794]LogAIModule: Creating AISystem for world BP_LevelIntro
[2016.09.15-07.40.19:003][794]LogPlayLevel: PIE: World Init took: (0.001752s)
[2016.09.15-07.40.19:003][794]LogPlayLevel: PIE: Created PIE world by copying editor world from /Game/ThirdPersonBP/Maps/BP_LevelIntro.BP_LevelIntro to /Game/ThirdPersonBP/Maps/UEDPIE_0_BP_LevelIntro.BP_LevelIntro (0.011708s)
[2016.09.15-07.40.19:069][794]LogInit: XAudio2 using 'Speakers (Jabra UC VOICE 150a)' : 2 channels at 44.1 kHz using 16 bits per sample (channel mask 0x3)
[2016.09.15-07.40.19:078][794]LogInit: FAudioDevice initialized.
[2016.09.15-07.40.19:151][794]LogWorld: Game class is 'ThirdPersonGameMode_C'
[2016.09.15-07.40.19:156][794]LogWorld: Bringing World /Game/ThirdPersonBP/Maps/UEDPIE_0_BP_LevelIntro.BP_LevelIntro up for play (max tick rate 60) at 2016.09.15-10.40.19
[2016.09.15-07.40.19:157][794]LogWorld: Bringing up level for play took: 0.004685
[2016.09.15-07.40.19:161][794]PIE: Info Play in editor start time for /Game/ThirdPersonBP/Maps/UEDPIE_0_BP_LevelIntro 1.043
[2016.09.15-07.40.19:162][794]LogBlueprintUserMessages: Late PlayInEditor Detection: Level '/Game/ThirdPersonBP/Maps/BP_LevelIntro.BP_LevelIntro:PersistentLevel' has LevelScriptBlueprint '/Game/ThirdPersonBP/Maps/BP_LevelIntro.BP_LevelIntro:PersistentLevel.BP_LevelIntro' with GeneratedClass '/Game/ThirdPersonBP/Maps/BP_LevelIntro.BP_LevelIntro_C' with ClassGeneratedBy '/Game/ThirdPersonBP/Maps/BP_LevelIntro.BP_LevelIntro:PersistentLevel.BP_LevelIntro'
[2016.09.15-07.40.24:014][832]LogBlueprintUserMessages: Early EndPlayMap Detection: Level '/Game/ThirdPersonBP/Maps/BP_LevelIntro.BP_LevelIntro:PersistentLevel' has LevelScriptBlueprint '/Game/ThirdPersonBP/Maps/BP_LevelIntro.BP_LevelIntro:PersistentLevel.BP_LevelIntro' with GeneratedClass '/Game/ThirdPersonBP/Maps/BP_LevelIntro.BP_LevelIntro_C' with ClassGeneratedBy '/Game/ThirdPersonBP/Maps/BP_LevelIntro.BP_LevelIntro:PersistentLevel.BP_LevelIntro'
[2016.09.15-07.40.24:190][832]LogBlueprintUserMessages: Late EndPlayMap Detection: Level '/Game/ThirdPersonBP/Maps/BP_LevelIntro.BP_LevelIntro:PersistentLevel' has LevelScriptBlueprint '/Game/ThirdPersonBP/Maps/BP_LevelIntro.BP_LevelIntro:PersistentLevel.BP_LevelIntro' with GeneratedClass '/Game/ThirdPersonBP/Maps/BP_LevelIntro.BP_LevelIntro_C' with ClassGeneratedBy '/Game/ThirdPersonBP/Maps/BP_LevelIntro.BP_LevelIntro:PersistentLevel.BP_LevelIntro'
[2016.09.15-07.40.29:236][886]LogContentStreaming: Texture pool size now 200 MB
[2016.09.15-07.40.29:271][888]LogRenderer: Reallocating scene render targets to support 1224x588 (Frame:1829).
[2016.09.15-07.40.34:840][993]LogRenderer: Reallocating scene render targets to support 1224x588 (Frame:1932).
[2016.09.15-07.40.35:341][  1]LogContentStreaming: Texture pool size now 400 MB
[2016.09.15-07.40.37:376][ 36]LogRenderer: Reallocating scene render targets to support 1224x588 (Frame:1974).
[2016.09.15-07.40.43:313][156]LogBlueprintUserMessages: Early PlayInEditor Detection: Level '/Game/ThirdPersonBP/Maps/BP_LevelIntro.BP_LevelIntro:PersistentLevel' has LevelScriptBlueprint '/Game/ThirdPersonBP/Maps/BP_LevelIntro.BP_LevelIntro:PersistentLevel.BP_LevelIntro' with GeneratedClass '/Game/ThirdPersonBP/Maps/BP_LevelIntro.BP_LevelIntro_C' with ClassGeneratedBy '/Game/ThirdPersonBP/Maps/BP_LevelIntro.BP_LevelIntro:PersistentLevel.BP_LevelIntro'
[2016.09.15-07.40.43:313][156]LogPlayLevel: PlayLevel: No blueprints needed recompiling
[2016.09.15-07.40.43:313][156]PIE: New page: PIE session: BP_LevelIntro (Sep 15, 2016, 12:40:43 PM)
[2016.09.15-07.40.43:314][156]LogPlayLevel: Creating play world package: /Game/ThirdPersonBP/Maps/UEDPIE_0_BP_LevelIntro
[2016.09.15-07.40.43:321][156]LogPlayLevel: PIE: StaticDuplicateObject took: (0.007246s)
[2016.09.15-07.40.43:322][156]LogAIModule: Creating AISystem for world BP_LevelIntro
[2016.09.15-07.40.43:322][156]LogPlayLevel: PIE: World Init took: (0.001374s)
[2016.09.15-07.40.43:323][156]LogPlayLevel: PIE: Created PIE world by copying editor world from /Game/ThirdPersonBP/Maps/BP_LevelIntro.BP_LevelIntro to /Game/ThirdPersonBP/Maps/UEDPIE_0_BP_LevelIntro.BP_LevelIntro (0.009074s)
[2016.09.15-07.40.43:360][156]LogInit: XAudio2 using 'Speakers (Jabra UC VOICE 150a)' : 2 channels at 44.1 kHz using 16 bits per sample (channel mask 0x3)
[2016.09.15-07.40.43:366][156]LogInit: FAudioDevice initialized.
[2016.09.15-07.40.43:435][156]LogWorld: Game class is 'ThirdPersonGameMode_C'
[2016.09.15-07.40.43:439][156]LogWorld: Bringing World /Game/ThirdPersonBP/Maps/UEDPIE_0_BP_LevelIntro.BP_LevelIntro up for play (max tick rate 60) at 2016.09.15-10.40.43
[2016.09.15-07.40.43:440][156]LogWorld: Bringing up level for play took: 0.003962
[2016.09.15-07.40.43:444][156]PIE: Info Play in editor start time for /Game/ThirdPersonBP/Maps/UEDPIE_0_BP_LevelIntro -0.674
[2016.09.15-07.40.43:445][156]LogBlueprintUserMessages: Late PlayInEditor Detection: Level '/Game/ThirdPersonBP/Maps/BP_LevelIntro.BP_LevelIntro:PersistentLevel' has LevelScriptBlueprint '/Game/ThirdPersonBP/Maps/BP_LevelIntro.BP_LevelIntro:PersistentLevel.BP_LevelIntro' with GeneratedClass '/Game/ThirdPersonBP/Maps/BP_LevelIntro.BP_LevelIntro_C' with ClassGeneratedBy '/Game/ThirdPersonBP/Maps/BP_LevelIntro.BP_LevelIntro:PersistentLevel.BP_LevelIntro'
[2016.09.15-07.40.56:063][396]LogBlueprintUserMessages: Early EndPlayMap Detection: Level '/Game/ThirdPersonBP/Maps/BP_LevelIntro.BP_LevelIntro:PersistentLevel' has LevelScriptBlueprint '/Game/ThirdPersonBP/Maps/BP_LevelIntro.BP_LevelIntro:PersistentLevel.BP_LevelIntro' with GeneratedClass '/Game/ThirdPersonBP/Maps/BP_LevelIntro.BP_LevelIntro_C' with ClassGeneratedBy '/Game/ThirdPersonBP/Maps/BP_LevelIntro.BP_LevelIntro:PersistentLevel.BP_LevelIntro'
[2016.09.15-07.40.56:145][396]LogBlueprintUserMessages: Late EndPlayMap Detection: Level '/Game/ThirdPersonBP/Maps/BP_LevelIntro.BP_LevelIntro:PersistentLevel' has LevelScriptBlueprint '/Game/ThirdPersonBP/Maps/BP_LevelIntro.BP_LevelIntro:PersistentLevel.BP_LevelIntro' with GeneratedClass '/Game/ThirdPersonBP/Maps/BP_LevelIntro.BP_LevelIntro_C' with ClassGeneratedBy '/Game/ThirdPersonBP/Maps/BP_LevelIntro.BP_LevelIntro:PersistentLevel.BP_LevelIntro'
[2016.09.15-07.40.58:739][435]LogSavePackage: Save=414.01ms
[2016.09.15-07.40.58:739][435]LogSavePackage: Moving 'C:/Users/ade.KYIV/Documents/Unreal Projects/BlueprintIntro/Saved/BP_LevelIntro144ED2EA49ABE0C32F07FD935FD906DF.tmp' to 'C:/Users/ade.KYIV/Documents/Unreal Projects/BlueprintIntro/Content/ThirdPersonBP/Maps/BP_LevelIntro.umap'
[2016.09.15-07.40.58:744][435]LogSavePackage:Display: Finished SavePackage C:/Users/ade.KYIV/Documents/Unreal Projects/BlueprintIntro/Content/ThirdPersonBP/Maps/BP_LevelIntro.umap
[2016.09.15-07.40.58:772][435]LogFileHelpers: Saving map 'BP_LevelIntro' took 0.659
[2016.09.15-07.40.59:536][454]LogTexture:Warning: Failed to stream mip data from the derived data cache for /Game/ThirdPersonBP/Maps/BP_LevelIntro.HQ_Lightmap1_1. Streaming mips will be recached.
[2016.09.15-07.40.59:598][454]LogTexture:Display: Building textures: HQ_Lightmap1_1 (AutoDXT)
[2016.09.15-07.41.00:685][476]LogWindowsTextInputMethodSystem:Display: IME system now deactivated.
[2016.09.15-07.41.01:184][477]Cmd: QUIT_EDITOR
[2016.09.15-07.41.02:010][477]LogExit: Preparing to exit.
[2016.09.15-07.41.02:491][477]LogExit: Editor shut down
[2016.09.15-07.41.02:492][477]LogExit: Transaction tracking system shut down
[2016.09.15-07.41.02:690][477]LogObj: Freed 0b from 0 cluster array pools.
[2016.09.15-07.41.02:690][477]LogExit: Object subsystem successfully closed.
[2016.09.15-07.41.02:705][477]LogD3D11RHI: Shutdown
[2016.09.15-07.41.02:705][477]LogD3D11RHI: CleanupD3DDevice
[2016.09.15-07.41.02:816][477]LogD3D11RHI: ~FD3D11DynamicRHI
[2016.09.15-07.41.02:851][477]LogModuleManager: Shutting down and abandoning module SynthBenchmark (216)
[2016.09.15-07.41.02:851][477]LogModuleManager: Shutting down and abandoning module MovieSceneCapture (215)
[2016.09.15-07.41.02:857][477]LogModuleManager: Shutting down and abandoning module HierarchicalLODUtilities (214)
[2016.09.15-07.41.02:861][477]LogModuleManager: Shutting down and abandoning module HierarchicalLODOutliner (213)
[2016.09.15-07.41.02:861][477]LogModuleManager: Shutting down and abandoning module CrashTracker (212)
[2016.09.15-07.41.02:861][477]LogModuleManager: Shutting down and abandoning module SceneOutliner (211)
[2016.09.15-07.41.02:861][477]LogModuleManager: Shutting down and abandoning module WidgetCarousel (210)
[2016.09.15-07.41.02:867][477]LogModuleManager: Shutting down and abandoning module AddContentDialog (209)
[2016.09.15-07.41.02:879][477]LogModuleManager: Shutting down and abandoning module GameplayTags (208)
[2016.09.15-07.41.02:879][477]LogModuleManager: Shutting down and abandoning module EditorWidgets (207)
[2016.09.15-07.41.02:879][477]LogModuleManager: Shutting down and abandoning module CollectionManager (206)
[2016.09.15-07.41.02:880][477]LogModuleManager: Shutting down and abandoning module StatsViewer (205)
[2016.09.15-07.41.02:880][477]LogModuleManager: Shutting down and abandoning module FoliageEdit (204)
[2016.09.15-07.41.02:880][477]LogModuleManager: Shutting down and abandoning module LandscapeEditor (203)
[2016.09.15-07.41.02:880][477]LogModuleManager: Shutting down and abandoning module SceneDepthPickerMode (202)
[2016.09.15-07.41.02:880][477]LogModuleManager: Shutting down and abandoning module ActorPickerMode (201)
[2016.09.15-07.41.02:880][477]LogModuleManager: Shutting down and abandoning module GeometryMode (200)
[2016.09.15-07.41.02:880][477]LogModuleManager: Shutting down and abandoning module TextureAlignMode (199)
[2016.09.15-07.41.02:880][477]LogModuleManager: Shutting down and abandoning module BspMode (198)
[2016.09.15-07.41.02:880][477]LogModuleManager: Shutting down and abandoning module HardwareSurvey (197)
[2016.09.15-07.41.02:880][477]LogModuleManager: Shutting down and abandoning module SequenceRecorderSections (196)
[2016.09.15-07.41.02:880][477]LogModuleManager: Shutting down and abandoning module SequenceRecorder (195)
[2016.09.15-07.41.02:880][477]LogModuleManager: Shutting down and abandoning module AutomationWorker (194)
[2016.09.15-07.41.02:880][477]LogModuleManager: Shutting down and abandoning module MatineeToLevelSequence (193)
[2016.09.15-07.41.02:880][477]LogModuleManager: Shutting down and abandoning module PlacementMode (192)
[2016.09.15-07.41.02:880][477]LogModuleManager: Shutting down and abandoning module LevelSequenceEditor (191)
[2016.09.15-07.41.02:881][477]LogModuleManager: Shutting down and abandoning module CharacterAI (190)
[2016.09.15-07.41.02:881][477]LogModuleManager: Shutting down and abandoning module SmartSnapping (189)
[2016.09.15-07.41.02:881][477]LogModuleManager: Shutting down and abandoning module SessionServices (188)
[2016.09.15-07.41.02:881][477]LogModuleManager: Shutting down and abandoning module ViewportSnapping (187)
[2016.09.15-07.41.02:881][477]LogModuleManager: Shutting down and abandoning module LogVisualizer (186)
[2016.09.15-07.41.02:881][477]LogModuleManager: Shutting down and abandoning module GameProjectGeneration (185)
[2016.09.15-07.41.02:881][477]LogModuleManager: Shutting down and abandoning module IntroTutorials (184)
[2016.09.15-07.41.02:881][477]LogModuleManager: Shutting down and abandoning module EditorLiveStreaming (183)
[2016.09.15-07.41.02:881][477]LogModuleManager: Shutting down and abandoning module IOSPlatformEditor (182)
[2016.09.15-07.41.02:881][477]LogModuleManager: Shutting down and abandoning module HTML5PlatformEditor (181)
[2016.09.15-07.41.02:881][477]LogModuleManager: Shutting down and abandoning module AndroidDeviceDetection (180)
[2016.09.15-07.41.03:432][477]LogModuleManager: Shutting down and abandoning module AndroidPlatformEditor (179)
[2016.09.15-07.41.03:432][477]LogModuleManager: Shutting down and abandoning module IOSRuntimeSettings (178)
[2016.09.15-07.41.03:432][477]LogModuleManager: Shutting down and abandoning module AndroidRuntimeSettings (177)
[2016.09.15-07.41.03:432][477]LogModuleManager: Shutting down and abandoning module MergeActors (176)
[2016.09.15-07.41.03:432][477]LogModuleManager: Shutting down and abandoning module SizeMap (175)
[2016.09.15-07.41.03:432][477]LogModuleManager: Shutting down and abandoning module TreeMap (174)
[2016.09.15-07.41.03:433][477]LogModuleManager: Shutting down and abandoning module ReferenceViewer (173)
[2016.09.15-07.41.03:433][477]LogModuleManager: Shutting down and abandoning module LocalizationService (172)
[2016.09.15-07.41.03:433][477]LogModuleManager: Shutting down and abandoning module LocalizationDashboard (171)
[2016.09.15-07.41.03:433][477]LogModuleManager: Shutting down and abandoning module HardwareTargeting (170)
[2016.09.15-07.41.03:433][477]LogModuleManager: Shutting down and abandoning module DeviceProfileEditor (169)
[2016.09.15-07.41.03:433][477]LogModuleManager: Shutting down and abandoning module UndoHistory (168)
[2016.09.15-07.41.03:433][477]LogModuleManager: Shutting down and abandoning module UserFeedback (167)
[2016.09.15-07.41.03:433][477]LogModuleManager: Shutting down and abandoning module XmlParser (166)
[2016.09.15-07.41.03:433][477]LogModuleManager: Shutting down and abandoning module Blutility (165)
[2016.09.15-07.41.03:433][477]LogModuleManager: Shutting down and abandoning module ProjectTargetPlatformEditor (164)
[2016.09.15-07.41.03:434][477]LogModuleManager: Shutting down and abandoning module ProjectSettingsViewer (163)
[2016.09.15-07.41.03:434][477]LogModuleManager: Shutting down and abandoning module InputBindingEditor (162)
[2016.09.15-07.41.03:434][477]LogModuleManager: Shutting down and abandoning module EditorSettingsViewer (161)
[2016.09.15-07.41.03:435][477]LogModuleManager: Shutting down and abandoning module SettingsEditor (160)
[2016.09.15-07.41.03:435][477]LogModuleManager: Shutting down and abandoning module ProjectLauncher (159)
[2016.09.15-07.41.03:435][477]LogModuleManager: Shutting down and abandoning module SessionFrontend (158)
[2016.09.15-07.41.03:435][477]LogModuleManager: Shutting down and abandoning module ProfilerClient (157)
[2016.09.15-07.41.03:435][477]LogModuleManager: Shutting down and abandoning module TargetDeviceServices (156)
[2016.09.15-07.41.03:435][477]LogModuleManager: Shutting down and abandoning module DeviceManager (155)
[2016.09.15-07.41.03:489][477]LogModuleManager: Shutting down and abandoning module AutomationController (154)
[2016.09.15-07.41.03:489][477]LogModuleManager: Shutting down and abandoning module AutomationWindow (153)
[2016.09.15-07.41.03:489][477]LogModuleManager: Shutting down and abandoning module Layers (152)
[2016.09.15-07.41.03:489][477]LogModuleManager: Shutting down and abandoning module ComponentVisualizers (151)
[2016.09.15-07.41.03:489][477]LogModuleManager: Shutting down and abandoning module DetailCustomizations (150)
[2016.09.15-07.41.03:489][477]LogModuleManager: Shutting down and abandoning module PackagesDialog (149)
[2016.09.15-07.41.03:534][477]LogModuleManager: Shutting down and abandoning module Persona (148)
[2016.09.15-07.41.03:534][477]LogModuleManager: Shutting down and abandoning module Kismet (147)
[2016.09.15-07.41.03:534][477]LogModuleManager: Shutting down and abandoning module GraphEditor (146)
[2016.09.15-07.41.03:535][477]LogModuleManager: Shutting down and abandoning module ClassViewer (145)
[2016.09.15-07.41.03:535][477]LogModuleManager: Shutting down and abandoning module Toolbox (144)
[2016.09.15-07.41.03:535][477]LogModuleManager: Shutting down and abandoning module ModuleUI (143)
[2016.09.15-07.41.03:535][477]LogModuleManager: Shutting down and abandoning module MovieSceneTools (142)
[2016.09.15-07.41.03:535][477]LogModuleManager: Shutting down and abandoning module OutputLog (141)
[2016.09.15-07.41.03:535][477]LogModuleManager: Shutting down and abandoning module GammaUI (140)
[2016.09.15-07.41.03:535][477]LogModuleManager: Shutting down and abandoning module Documentation (139)
[2016.09.15-07.41.03:535][477]LogModuleManager: Shutting down and abandoning module StreamingPauseRendering (138)
[2016.09.15-07.41.03:535][477]LogModuleManager: Shutting down and abandoning module AnalyticsET (137)
[2016.09.15-07.41.03:535][477]LogModuleManager: Shutting down and abandoning module Analytics (136)
[2016.09.15-07.41.03:535][477]LogModuleManager: Shutting down and abandoning module PortalServices (135)
[2016.09.15-07.41.03:535][477]LogModuleManager: Shutting down and abandoning module PortalRpc (134)
[2016.09.15-07.41.03:535][477]LogModuleManager: Shutting down and abandoning module MessagingRpc (133)
[2016.09.15-07.41.03:535][477]LogModuleManager: Shutting down and abandoning module GameplayDebugger (132)
[2016.09.15-07.41.03:535][477]LogModuleManager: Shutting down and abandoning module AITestSuite (131)
[2016.09.15-07.41.03:535][477]LogModuleManager: Shutting down and abandoning module AIModule (130)
[2016.09.15-07.41.03:535][477]LogModuleManager: Shutting down and abandoning module ProfilerService (129)
[2016.09.15-07.41.03:750][477]LogModuleManager: Shutting down and abandoning module TaskGraph (128)
[2016.09.15-07.41.03:750][477]LogModuleManager: Shutting down and abandoning module SlateRemote (127)
[2016.09.15-07.41.03:750][477]LogModuleManager: Shutting down and abandoning module SteamVRController (126)
[2016.09.15-07.41.03:750][477]LogModuleManager: Shutting down and abandoning module SteamVR (125)
[2016.09.15-07.41.03:750][477]LogModuleManager: Shutting down and abandoning module ProceduralMeshComponent (124)
[2016.09.15-07.41.03:750][477]LogModuleManager: Shutting down and abandoning module OculusLibrary (123)
[2016.09.15-07.41.03:751][477]LogModuleManager: Shutting down and abandoning module OculusInput (122)
[2016.09.15-07.41.03:751][477]LogModuleManager: Shutting down and abandoning module CustomMeshComponent (121)
[2016.09.15-07.41.03:751][477]LogModuleManager: Shutting down and abandoning module CableComponent (120)
[2016.09.15-07.41.03:751][477]LogModuleManager: Shutting down and abandoning module ArchVisCharacter (119)
[2016.09.15-07.41.03:751][477]LogModuleManager: Shutting down and abandoning module MediaPlayerEditor (118)
[2016.09.15-07.41.03:751][477]LogModuleManager: Shutting down and abandoning module HTML5Networking (117)
[2016.09.15-07.41.03:751][477]LogModuleManager: Shutting down and abandoning module SuperSearch (116)
[2016.09.15-07.41.03:751][477]LogModuleManager: Shutting down and abandoning module SuperSearchEditor (115)
[2016.09.15-07.41.03:751][477]LogModuleManager: Shutting down and abandoning module SpeedTreeImporter (114)
[2016.09.15-07.41.03:751][477]LogModuleManager: Shutting down and abandoning module PluginBrowser (113)
[2016.09.15-07.41.03:751][477]LogModuleManager: Shutting down and abandoning module EpicSurvey (112)
[2016.09.15-07.41.03:751][477]LogModuleManager: Shutting down and abandoning module DesktopPlatform (111)
[2016.09.15-07.41.03:751][477]LogModuleManager: Shutting down and abandoning module VisualStudioSourceCodeAccess (110)
[2016.09.15-07.41.03:752][477]LogModuleManager: Shutting down and abandoning module UObjectPlugin (109)
[2016.09.15-07.41.03:752][477]LogModuleManager: Shutting down and abandoning module SubversionSourceControl (108)
[2016.09.15-07.41.03:752][477]LogModuleManager: Shutting down and abandoning module PerforceSourceControl (107)
[2016.09.15-07.41.03:752][477]LogModuleManager: Shutting down and abandoning module SourceControl (106)
[2016.09.15-07.41.03:752][477]LogModuleManager: Shutting down and abandoning module GitSourceControl (105)
[2016.09.15-07.41.03:752][477]LogModuleManager: Shutting down and abandoning module LightPropagationVolumeEditor (104)
[2016.09.15-07.41.03:752][477]LogModuleManager: Shutting down and abandoning module PaperTiledImporter (103)
[2016.09.15-07.41.03:752][477]LogModuleManager: Shutting down and abandoning module PaperSpriteSheetImporter (102)
[2016.09.15-07.41.03:752][477]LogModuleManager: Shutting down and abandoning module MeshPaint (101)
[2016.09.15-07.41.03:752][477]LogModuleManager: Shutting down and abandoning module PixelInspectorModule (100)
[2016.09.15-07.41.03:752][477]LogModuleManager: Shutting down and abandoning module HotReload (99)
[2016.09.15-07.41.03:754][477]LogModuleManager: Shutting down and abandoning module MainFrame (98)
[2016.09.15-07.41.03:754][477]LogModuleManager: Shutting down and abandoning module LevelEditor (97)
[2016.09.15-07.41.03:756][477]LogModuleManager: Shutting down and abandoning module ContentBrowser (96)
[2016.09.15-07.41.03:759][477]LogModuleManager: Shutting down and abandoning module Paper2DEditor (95)
[2016.09.15-07.41.03:759][477]LogModuleManager: Shutting down and abandoning module UdpMessaging (94)
[2016.09.15-07.41.03:860][477]LogModuleManager: Shutting down and abandoning module LightPropagationVolumeRuntime (93)
[2016.09.15-07.41.03:860][477]LogModuleManager: Shutting down and abandoning module Paper2D (92)
[2016.09.15-07.41.03:860][477]LogModuleManager: Shutting down and abandoning module WindowsMoviePlayer (91)
[2016.09.15-07.41.03:860][477]LogModuleManager: Shutting down and abandoning module Media (90)
[2016.09.15-07.41.03:860][477]LogModuleManager: Shutting down and abandoning module WmfMedia (89)
[2016.09.15-07.41.03:861][477]LogModuleManager: Shutting down and abandoning module MediaAssets (88)
[2016.09.15-07.41.03:861][477]LogModuleManager: Shutting down and abandoning module GameLiveStreaming (87)
[2016.09.15-07.41.03:861][477]LogModuleManager: Shutting down and abandoning module GameplayTagsEditor (86)
[2016.09.15-07.41.03:861][477]LogModuleManager: Shutting down and abandoning module OnlineBlueprintSupport (85)
[2016.09.15-07.41.03:861][477]LogModuleManager: Shutting down and abandoning module VREditor (84)
[2016.09.15-07.41.03:861][477]LogModuleManager: Shutting down and abandoning module GameplayTasksEditor (83)
[2016.09.15-07.41.03:861][477]LogModuleManager: Shutting down and abandoning module PropertyEditor (82)
[2016.09.15-07.41.03:862][477]LogModuleManager: Shutting down and abandoning module BehaviorTreeEditor (81)
[2016.09.15-07.41.03:862][477]LogModuleManager: Shutting down and abandoning module FunctionalTesting (80)
[2016.09.15-07.41.03:862][477]LogModuleManager: Shutting down and abandoning module CollisionAnalyzer (79)
[2016.09.15-07.41.03:862][477]LogModuleManager: Shutting down and abandoning module Sequencer (78)
[2016.09.15-07.41.03:862][477]LogModuleManager: Shutting down and abandoning module WorkspaceMenuStructure (77)
[2016.09.15-07.41.03:862][477]LogModuleManager: Shutting down and abandoning module MessageLog (76)
[2016.09.15-07.41.03:862][477]LogModuleManager: Shutting down and abandoning module AssetTools (75)
[2016.09.15-07.41.03:862][477]LogModuleManager: Shutting down and abandoning module UMGEditor (74)
[2016.09.15-07.41.03:863][477]LogModuleManager: Shutting down and abandoning module UMG (73)
[2016.09.15-07.41.03:863][477]LogModuleManager: Shutting down and abandoning module SlateReflector (72)
[2016.09.15-07.41.03:863][477]LogModuleManager: Shutting down and abandoning module Slate (71)
[2016.09.15-07.41.03:863][477]LogModuleManager: Shutting down and abandoning module EditorStyle (70)
[2016.09.15-07.41.03:871][477]LogModuleManager: Shutting down and abandoning module SourceCodeAccess (69)
[2016.09.15-07.41.03:871][477]LogModuleManager: Shutting down and abandoning module HeadMountedDisplay (68)
[2016.09.15-07.41.03:871][477]LogModuleManager: Shutting down and abandoning module XAudio2 (67)
[2016.09.15-07.41.03:871][477]LogModuleManager: Shutting down and abandoning module Networking (65)
[2016.09.15-07.41.03:872][477]LogModuleManager: Shutting down and abandoning module Core (64)
[2016.09.15-07.41.03:872][477]LogModuleManager: Shutting down and abandoning module DirectoryWatcher (63)
[2016.09.15-07.41.03:874][477]LogModuleManager: Shutting down and abandoning module AssetRegistry (62)
[2016.09.15-07.41.04:139][477]LogModuleManager: Shutting down and abandoning module KismetCompiler (61)
[2016.09.15-07.41.04:140][477]LogModuleManager: Shutting down and abandoning module PhysXFormats (60)
[2016.09.15-07.41.04:140][477]LogModuleManager: Shutting down and abandoning module MeshUtilities (59)
[2016.09.15-07.41.04:140][477]LogModuleManager: Shutting down and abandoning module DerivedDataCache (58)
[2016.09.15-07.41.04:209][477]LogDerivedDataCache: Shutdown
[2016.09.15-07.41.04:209][477]LogModuleManager: Shutting down and abandoning module VulkanShaderFormat (57)
[2016.09.15-07.41.04:209][477]LogModuleManager: Shutting down and abandoning module ShaderFormatOpenGL (56)
[2016.09.15-07.41.04:209][477]LogModuleManager: Shutting down and abandoning module ShaderFormatD3D (55)
[2016.09.15-07.41.04:209][477]LogModuleManager: Shutting down and abandoning module MetalShaderFormat (54)
[2016.09.15-07.41.04:209][477]LogModuleManager: Shutting down and abandoning module TextureFormatUncompressed (53)
[2016.09.15-07.41.04:209][477]LogModuleManager: Shutting down and abandoning module TextureFormatPVR (52)
[2016.09.15-07.41.04:209][477]LogModuleManager: Shutting down and abandoning module TextureFormatIntelISPCTexComp (51)
[2016.09.15-07.41.04:209][477]LogModuleManager: Shutting down and abandoning module TextureFormatDXT (50)
[2016.09.15-07.41.04:209][477]LogModuleManager: Shutting down and abandoning module ImageWrapper (49)
[2016.09.15-07.41.04:209][477]LogModuleManager: Shutting down and abandoning module TextureFormatASTC (48)
[2016.09.15-07.41.04:209][477]LogModuleManager: Shutting down and abandoning module TextureFormatAndroid (47)
[2016.09.15-07.41.04:209][477]LogModuleManager: Shutting down and abandoning module AudioFormatOpus (46)
[2016.09.15-07.41.04:209][477]LogModuleManager: Shutting down and abandoning module AudioFormatOgg (45)
[2016.09.15-07.41.04:209][477]LogModuleManager: Shutting down and abandoning module AudioFormatADPCM (44)
[2016.09.15-07.41.04:209][477]LogModuleManager: Shutting down and abandoning module LinuxTargetPlatform (43)
[2016.09.15-07.41.04:209][477]LogModuleManager: Shutting down and abandoning module LinuxServerTargetPlatform (42)
[2016.09.15-07.41.04:209][477]LogModuleManager: Shutting down and abandoning module LinuxNoEditorTargetPlatform (41)
[2016.09.15-07.41.04:209][477]LogModuleManager: Shutting down and abandoning module TVOSTargetPlatform (40)
[2016.09.15-07.41.04:209][477]LogModuleManager: Shutting down and abandoning module Messaging (39)
[2016.09.15-07.41.04:209][477]LogModuleManager: Shutting down and abandoning module IOSTargetPlatform (38)
[2016.09.15-07.41.04:209][477]LogModuleManager: Shutting down and abandoning module HTML5TargetPlatform (37)
[2016.09.15-07.41.04:210][477]LogModuleManager: Shutting down and abandoning module Android_PVRTCTargetPlatform (36)
[2016.09.15-07.41.04:210][477]LogModuleManager: Shutting down and abandoning module Android_MultiTargetPlatform (35)
[2016.09.15-07.41.04:210][477]LogModuleManager: Shutting down and abandoning module Android_ETC2TargetPlatform (34)
[2016.09.15-07.41.04:210][477]LogModuleManager: Shutting down and abandoning module Android_ETC1TargetPlatform (33)
[2016.09.15-07.41.04:210][477]LogModuleManager: Shutting down and abandoning module Android_DXTTargetPlatform (32)
[2016.09.15-07.41.04:210][477]LogModuleManager: Shutting down and abandoning module Android_ATCTargetPlatform (31)
[2016.09.15-07.41.04:210][477]LogModuleManager: Shutting down and abandoning module Android_ASTCTargetPlatform (30)
[2016.09.15-07.41.04:210][477]LogModuleManager: Shutting down and abandoning module AndroidTargetPlatform (29)
[2016.09.15-07.41.04:210][477]LogModuleManager: Shutting down and abandoning module WindowsTargetPlatform (28)
[2016.09.15-07.41.04:210][477]LogModuleManager: Shutting down and abandoning module WindowsServerTargetPlatform (27)
[2016.09.15-07.41.04:210][477]LogModuleManager: Shutting down and abandoning module WindowsNoEditorTargetPlatform (26)
[2016.09.15-07.41.04:210][477]LogModuleManager: Shutting down and abandoning module WindowsClientTargetPlatform (25)
[2016.09.15-07.41.04:210][477]LogModuleManager: Shutting down and abandoning module AllDesktopTargetPlatform (24)
[2016.09.15-07.41.04:210][477]LogModuleManager: Shutting down and abandoning module TargetPlatform (23)
[2016.09.15-07.41.04:210][477]LogModuleManager: Shutting down and abandoning module InputCore (22)
[2016.09.15-07.41.04:210][477]LogModuleManager: Shutting down and abandoning module Settings (21)
[2016.09.15-07.41.04:210][477]LogModuleManager: Shutting down and abandoning module OnlineSubsystem (19)
[2016.09.15-07.41.04:210][477]LogModuleManager: Shutting down and abandoning module HTTP (18)
[2016.09.15-07.41.05:715][477]LogModuleManager: Shutting down and abandoning module XMPP (17)
[2016.09.15-07.41.05:715][477]LogModuleManager: Shutting down and abandoning module OculusRift (16)
[2016.09.15-07.41.05:715][477]LogModuleManager: Shutting down and abandoning module ExampleDeviceProfileSelector (15)
[2016.09.15-07.41.05:715][477]LogModuleManager: Shutting down and abandoning module TextureCompressor (14)
[2016.09.15-07.41.05:715][477]LogModuleManager: Shutting down and abandoning module ShaderCore (13)
[2016.09.15-07.41.05:715][477]LogModuleManager: Shutting down and abandoning module Landscape (12)
[2016.09.15-07.41.05:715][477]LogModuleManager: Shutting down and abandoning module SlateRHIRenderer (11)
[2016.09.15-07.41.05:719][477]LogModuleManager: Shutting down and abandoning module OpenGLDrv (10)
[2016.09.15-07.41.05:719][477]LogModuleManager: Shutting down and abandoning module D3D11RHI (9)
[2016.09.15-07.41.05:719][477]LogModuleManager: Shutting down and abandoning module AnimGraphRuntime (8)
[2016.09.15-07.41.05:719][477]LogModuleManager: Shutting down and abandoning module Renderer (7)
[2016.09.15-07.41.05:719][477]LogModuleManager: Shutting down and abandoning module Engine (6)
[2016.09.15-07.41.05:719][477]LogModuleManager: Shutting down and abandoning module CoreUObject (5)
[2016.09.15-07.41.05:719][477]LogModuleManager: Shutting down and abandoning module NetworkFile (4)
[2016.09.15-07.41.05:719][477]LogModuleManager: Shutting down and abandoning module StreamingFile (3)
[2016.09.15-07.41.05:719][477]LogModuleManager: Shutting down and abandoning module SandboxFile (2)
[2016.09.15-07.41.05:719][477]LogModuleManager: Shutting down and abandoning module PakFile (1)
[2016.09.15-07.41.05:722][477]LogExit: Exiting.
[2016.09.15-07.41.05:764][477]Log file closed, 09/15/16 10:41:05
