Log file open, 09/15/16 17:45:24
LogInit:Display: Running engine for game: BlueprintIntro
LogPlatformFile: Not using cached read wrapper
LogInit:Display: RandInit(-450248308) SRandInit(-450248305).
LogTaskGraph: Started task graph with 4 named threads and 5 total threads with 1 sets of task threads.
LogStats: Stats thread started at 0.071190
LogInit: Version: 4.12.5-3039270+++UE4+Release-4.12
LogInit: API Version: 2992821
LogInit: Net Version: 3039270
LogDevObjectVersion: Number of dev versions registered: 13
LogDevObjectVersion:   Dev-Blueprints (B0D832E4-1F89-4F0D-ACCF-7EB736FD4AA2): 3
LogDevObjectVersion:   Dev-Build (E1C64328-A22C-4D53-A36C-8E866417BD8C): 0
LogDevObjectVersion:   Dev-Core (375EC13C-06E4-48FB-B500-84F0262A717E): 1
LogDevObjectVersion:   Dev-Editor (E4B068ED-F494-42E9-A231-DA0B2E46BB41): 2
LogDevObjectVersion:   Dev-Framework (CFFC743F-43B0-4480-9391-14DF171D2073): 6
LogDevObjectVersion:   Dev-Mobile (B02B49B5-BB20-44E9-A304-32B752E40360): 0
LogDevObjectVersion:   Dev-Networking (A4E4105C-59A1-49B5-A7C5-40C4547EDFEE): 0
LogDevObjectVersion:   Dev-Online (39C831C9-5AE6-47DC-9A44-9C173E1C8E7C): 0
LogDevObjectVersion:   Dev-Physics (78F01B33-EBEA-4F98-B9B4-84EACCB95AA2): 0
LogDevObjectVersion:   Dev-Platform (6631380F-2D4D-43E0-8009-CF276956A95A): 0
LogDevObjectVersion:   Dev-Rendering (12F88B9F-8875-4AFC-A67C-D90C383ABD29): 2
LogDevObjectVersion:   Dev-Sequencer (7B5AE74C-D270-4C10-A958-57980B212A5A): 0
LogDevObjectVersion:   Dev-VR (D7296918-1DD6-4BDD-9DE2-64A83CC13884): 0
LogInit: Compiled (64-bit): Jul  6 2016 09:09:46
LogInit: Compiled with Visual C++: 19.00.23026.00
LogInit: Build Configuration: Development
LogInit: Branch Name: ++UE4+Release-4.12
LogInit: Command line:  
LogInit: Base directory: F:/Program Files/Epic Games/4.12/Engine/Binaries/Win64/
LogInit: Installed Engine Build: 1
LogInit: Using libcurl 7.41.0
LogInit:  - built for x86_64-pc-win32
LogInit:  - supports SSL with WinSSL
LogInit:  - other features:
LogInit:      CURL_VERSION_SSL
LogInit:      CURL_VERSION_IPV6
LogInit:      CURL_VERSION_ASYNCHDNS
LogInit:      CURL_VERSION_LARGEFILE
LogInit:      CURL_VERSION_IDN
LogInit:  CurlRequestOptions (configurable via config and command line):
LogInit:  - bVerifyPeer = true  - Libcurl will verify peer certificate
LogInit:  - bUseHttpProxy = false  - Libcurl will NOT use HTTP proxy
LogInit:  - bDontReuseConnections = false  - Libcurl will reuse connections
LogInit:  - CertBundlePath = nullptr  - Libcurl will use whatever was configured at build time.
LogInit: Presizing for max 8388607 objects, including 0 objects not considered by GC, pre-allocating 0 bytes for permanent pool.
LogInit: Object subsystem initialized
[2016.09.15-14.45.24:177][  0]LogInit: Selected Device Profile: [Windows]
[2016.09.15-14.45.24:177][  0]LogInit: Applying CVar settings loaded from the selected device profile: [Windows]
[2016.09.15-14.45.24:202][  0]LogInit: Computer: NB-ADE
[2016.09.15-14.45.24:202][  0]LogInit: User: ade
[2016.09.15-14.45.24:202][  0]LogInit: CPU Page size=65536, Cores=2
[2016.09.15-14.45.24:202][  0]LogInit: High frequency timer resolution =2.435874 MHz
[2016.09.15-14.45.24:202][  0]LogMemory: Memory total: Physical=7.9GB (8GB approx)
[2016.09.15-14.45.24:202][  0]LogMemory: Platform Memory Stats for Windows
[2016.09.15-14.45.24:202][  0]LogMemory: Process Physical Memory: 187.68 MB used, 187.68 MB peak
[2016.09.15-14.45.24:202][  0]LogMemory: Process Virtual Memory: 194.53 MB used, 194.53 MB peak
[2016.09.15-14.45.24:202][  0]LogMemory: Physical Memory: 5289.07 MB used, 8126.36 MB total
[2016.09.15-14.45.24:202][  0]LogMemory: Virtual Memory: 528.02 MB used, 134217728.00 MB total
[2016.09.15-14.45.25:147][  0]LogTextLocalizationManager: No specific translations for ('en-US') exist, so ('en') translations will be used.
[2016.09.15-14.45.25:826][  0]LogD3D11RHI: D3D11 adapters:
[2016.09.15-14.45.25:831][  0]LogD3D11RHI:    0. 'Intel(R) HD Graphics 3000' (Feature Level 10_0)
[2016.09.15-14.45.25:831][  0]LogD3D11RHI:       0/0/1632 MB DedicatedVideo/DedicatedSystem/SharedSystem, Outputs:1, VendorId:0x8086
[2016.09.15-14.45.25:834][  0]LogD3D11RHI:    1. 'Microsoft Basic Render Driver' (Feature Level 11_0)
[2016.09.15-14.45.25:834][  0]LogD3D11RHI:       0/0/256 MB DedicatedVideo/DedicatedSystem/SharedSystem, Outputs:0, VendorId:0x1414
[2016.09.15-14.45.25:834][  0]LogD3D11RHI: Chosen D3D11 Adapter: 0
[2016.09.15-14.45.25:840][  0]LogD3D11RHI: Creating new Direct3DDevice
[2016.09.15-14.45.25:840][  0]LogD3D11RHI:     GPU DeviceId: 0x126 (for the marketing name, search the web for "GPU Device Id")
[2016.09.15-14.45.25:840][  0]LogWindows: EnumDisplayDevices:
[2016.09.15-14.45.25:841][  0]LogWindows:    0. 'Intel(R) HD Graphics 3000' (P:1 D:1)
[2016.09.15-14.45.25:841][  0]LogWindows:    1. 'Intel(R) HD Graphics 3000' (P:0 D:0)
[2016.09.15-14.45.25:841][  0]LogWindows: DebugString: FoundDriverCount:2 
[2016.09.15-14.45.25:841][  0]LogD3D11RHI:     Adapter Name: Intel(R) HD Graphics 3000
[2016.09.15-14.45.25:841][  0]LogD3D11RHI:   Driver Version: 9.17.10.4229 (internal:9.17.10.4229, unified:9.17.10.4229)
[2016.09.15-14.45.25:841][  0]LogD3D11RHI:      Driver Date: 5-28-2015
[2016.09.15-14.45.25:841][  0]LogRHI: Texture pool is 571 MB (70% of 816 MB)
[2016.09.15-14.45.25:845][  0]LogD3D11RHI: Async texture creation enabled
[2016.09.15-14.45.25:867][  0]LogD3D11RHI: GPU Timing Frequency: 12.500000 (Debug: 2 1)
[2016.09.15-14.45.25:867][  0]LogShaderCompilers: Guid format shader working directory is -7 characters bigger than the processId version (C:/Users/ade.KYIV/Documents/Unreal Projects/BlueprintIntro/Intermediate/Shaders/WorkingDirectory/448/).
[2016.09.15-14.45.25:867][  0]LogShaderCompilers: Cleaned the shader compiler working directory 'C:/Users/ADE~1.KYI/AppData/Local/Temp/UnrealShaderWorkingDir/DCAFF8B94F6BF7BE2504AE8E90239DA6/'.
[2016.09.15-14.45.25:868][  0]LogShaderCompilers:Display: Using Local Shader Compiler.
[2016.09.15-14.45.28:037][  0]LogTemp:Display: Loaded TP AllDesktopTargetPlatform
[2016.09.15-14.45.28:050][  0]LogTemp:Display: Loaded TP WindowsClientTargetPlatform
[2016.09.15-14.45.28:064][  0]LogTemp:Display: Loaded TP WindowsNoEditorTargetPlatform
[2016.09.15-14.45.28:078][  0]LogTemp:Display: Loaded TP WindowsServerTargetPlatform
[2016.09.15-14.45.28:095][  0]LogTemp:Display: Loaded TP WindowsTargetPlatform
[2016.09.15-14.45.28:109][  0]LogTemp:Display: Loaded TP AndroidTargetPlatform
[2016.09.15-14.45.28:123][  0]LogTemp:Display: Loaded TP Android_ASTCTargetPlatform
[2016.09.15-14.45.28:136][  0]LogTemp:Display: Loaded TP Android_ATCTargetPlatform
[2016.09.15-14.45.28:151][  0]LogTemp:Display: Loaded TP Android_DXTTargetPlatform
[2016.09.15-14.45.28:161][  0]LogTemp:Display: Loaded TP Android_ETC1TargetPlatform
[2016.09.15-14.45.28:172][  0]LogTemp:Display: Loaded TP Android_ETC2TargetPlatform
[2016.09.15-14.45.28:193][  0]LogTemp:Display: Loaded TP Android_MultiTargetPlatform
[2016.09.15-14.45.28:193][  0]LogTemp:Display: Loaded TP Android_PVRTCTargetPlatform
[2016.09.15-14.45.28:195][  0]LogTemp:Display: Loaded TP HTML5TargetPlatform
[2016.09.15-14.45.28:221][  0]LogTemp:Display: Loaded TP IOSTargetPlatform
[2016.09.15-14.45.28:231][  0]LogTemp:Display: Loaded TP TVOSTargetPlatform
[2016.09.15-14.45.28:241][  0]LogTemp:Display: Loaded TP LinuxNoEditorTargetPlatform
[2016.09.15-14.45.28:251][  0]LogTemp:Display: Loaded TP LinuxServerTargetPlatform
[2016.09.15-14.45.28:263][  0]LogTemp:Display: Loaded TP LinuxTargetPlatform
[2016.09.15-14.45.28:263][  0]LogTargetPlatformManager:Display: Building Assets For Windows
[2016.09.15-14.45.28:609][  0]LogDerivedDataCache:Display: Max Cache Size: 512 MB
[2016.09.15-14.45.28:782][  0]LogDerivedDataCache: Loaded boot cache 0.17s 42MB C:/Users/ade.KYIV/AppData/Local/UnrealEngine/4.12/DerivedDataCache/Boot.ddc.
[2016.09.15-14.45.28:782][  0]LogDerivedDataCache:Display: Loaded Boot cache: C:/Users/ade.KYIV/AppData/Local/UnrealEngine/4.12/DerivedDataCache/Boot.ddc
[2016.09.15-14.45.28:782][  0]LogDerivedDataCache: FDerivedDataBackendGraph:  Pak pak cache file C:/Users/ade.KYIV/Documents/Unreal Projects/BlueprintIntro/DerivedDataCache/DDC.ddp not found, will not use a pak cache.
[2016.09.15-14.45.28:782][  0]LogDerivedDataCache: Unable to find inner node Pak for hierarchical cache Hierarchy.
[2016.09.15-14.45.28:782][  0]LogDerivedDataCache: FDerivedDataBackendGraph:  CompressedPak pak cache file C:/Users/ade.KYIV/Documents/Unreal Projects/BlueprintIntro/DerivedDataCache/Compressed.ddp not found, will not use a pak cache.
[2016.09.15-14.45.28:782][  0]LogDerivedDataCache: Unable to find inner node CompressedPak for hierarchical cache Hierarchy.
[2016.09.15-14.45.28:805][  0]LogDerivedDataCache:Display: Pak cache opened for reading ../../../Engine/DerivedDataCache/Compressed.ddp.
[2016.09.15-14.45.28:819][  0]LogDerivedDataCache: Using Local data cache path C:/Users/ade.KYIV/AppData/Local/UnrealEngine/Common/DerivedDataCache: Writable
[2016.09.15-14.45.36:034][  0]LogInit: Selected Device Profile: [Windows]
[2016.09.15-14.45.36:164][  0]LogContentStreaming: Texture pool size is 0.00 MB
[2016.09.15-14.45.39:759][  0]LogMeshUtilities: No automatic mesh reduction module available
[2016.09.15-14.45.39:759][  0]LogMeshUtilities: No automatic mesh merging module available
[2016.09.15-14.45.39:759][  0]LogMeshUtilities: No distributed automatic mesh merging module available
[2016.09.15-14.45.44:581][  0]LogAssetRegistry: FAssetRegistry took 0.0246 seconds to start up
[2016.09.15-14.45.44:839][  0]LogPackageLocalizationCache: Processed 3 localized package path(s) for 2 prioritized culture(s) in 0.108028 seconds
[2016.09.15-14.45.44:894][  0]LogUObjectArray: 28739 objects as part of root set at end of initial load.
[2016.09.15-14.45.44:894][  0]LogUObjectAllocator: 5855632 out of 0 bytes used by permanent object pool.
[2016.09.15-14.45.44:894][  0]LogUObjectArray: CloseDisregardForGC: 0/0 objects in disregard for GC pool
[2016.09.15-14.45.45:006][  0]LogInit: WinSock: version 1.1 (2.2), MaxSocks=32767, MaxUdp=65467
[2016.09.15-14.45.52:704][  0]LogSlate: SlateFontCache - WITH_FREETYPE: 1, WITH_HARFBUZZ: 1
[2016.09.15-14.45.52:712][  0]LogSlate: SlateFontCache - WITH_FREETYPE: 1, WITH_HARFBUZZ: 1
[2016.09.15-14.46.07:855][  0]LogUdpMessaging: Initializing bridge on interface 0.0.0.0:0 to multicast group 230.0.0.1:6666.
[2016.09.15-14.46.11:176][  0]SourceControl: Info Source control is disabled
[2016.09.15-14.46.11:255][  0]SourceControl: Info Source control is disabled
[2016.09.15-14.46.11:473][  0]SourceControl: Info Source control is disabled
[2016.09.15-14.46.11:576][  0]SourceControl: Info Source control is disabled
[2016.09.15-14.46.14:645][  0]LogEngine: Initializing Engine...
[2016.09.15-14.46.14:824][  0]LogHMD: SteamVR failed to initialize.  Err: 110
[2016.09.15-14.46.14:828][  0]LogHMD: SteamVR failed to initialize.  Err: 110
[2016.09.15-14.46.16:089][  0]LogAIModule: Creating AISystem for world NewWorld
[2016.09.15-14.46.16:380][  0]LogInit: XAudio2 using 'Speakers (Jabra UC VOICE 150a)' : 2 channels at 44.1 kHz using 16 bits per sample (channel mask 0x3)
[2016.09.15-14.46.16:590][  0]LogInit: FAudioDevice initialized.
[2016.09.15-14.46.16:698][  0]LogDerivedDataCache: Saved boot cache 0.11s 42MB C:/Users/ade.KYIV/AppData/Local/UnrealEngine/4.12/DerivedDataCache/Boot.ddc.
[2016.09.15-14.46.16:718][  0]LogInit: Texture streaming: Enabled
[2016.09.15-14.46.17:286][  0]LogInit: Transaction tracking system initialized
[2016.09.15-14.46.18:056][  0]BlueprintLog: New page: Editor Load
[2016.09.15-14.46.20:767][  0]LocalizationService: Info Localization service is disabled
[2016.09.15-14.46.22:580][  0]LogConsoleResponse:Display: 
[2016.09.15-14.46.24:664][  0]LogFileCache: Scanning file cache for directory 'C:/Users/ade.KYIV/Documents/Unreal Projects/BlueprintIntro/Content/' took 0.02s
[2016.09.15-14.46.24:664][  0]LogCook:Display: Max memory allowance for cook 8192mb
[2016.09.15-14.46.24:664][  0]LogCook:Display: Mobile HDR setting 1
[2016.09.15-14.46.27:785][  0]SourceControl: Info Source control is disabled
[2016.09.15-14.46.27:945][  0]Cmd: MAP LOAD FILE="C:/Users/ade.KYIV/Documents/Unreal Projects/BlueprintIntro/Content/ThirdPersonBP/Maps/ThirdPersonExampleMap.umap" TEMPLATE=0 SHOWPROGRESS=1 FEATURELEVEL=2
[2016.09.15-14.46.28:027][  0]LightingResults: New page: Lighting Build
[2016.09.15-14.46.28:350][  0]MapCheck: New page: Map Check
[2016.09.15-14.46.28:351][  0]LightingResults: New page: Lighting Build
[2016.09.15-14.46.31:156][  0]LogAIModule: Creating AISystem for world ThirdPersonExampleMap
[2016.09.15-14.46.31:953][  0]LogEditorServer: Finished looking for orphan Actors (0.000 secs)
[2016.09.15-14.46.32:001][  0]Cmd: MAP CHECKDEP NOCLEARLOG
[2016.09.15-14.46.32:209][  0]MapCheck: Info Map check complete: 0 Error(s), 0 Warning(s), took 207.673ms to complete.
[2016.09.15-14.46.32:209][  0]LogFileHelpers: Loading map 'ThirdPersonExampleMap' took 4.346
[2016.09.15-14.46.34:513][  0]LogCollectionManager: Loaded 0 collections in 0.004398 seconds
[2016.09.15-14.46.34:838][  0]LogFileCache: Scanning file cache for directory 'C:/Users/ade.KYIV/Documents/Unreal Projects/BlueprintIntro/Saved/Collections/' took 0.01s
[2016.09.15-14.46.34:838][  0]LogFileCache: Scanning file cache for directory 'C:/Users/ade.KYIV/Documents/Unreal Projects/BlueprintIntro/Content/Developers/ade/Collections/' took 0.01s
[2016.09.15-14.46.34:838][  0]LogFileCache: Scanning file cache for directory 'C:/Users/ade.KYIV/Documents/Unreal Projects/BlueprintIntro/Content/Collections/' took 0.01s
[2016.09.15-14.46.34:838][  0]LogCollectionManager: Rebuilt the GUID cache for 0 collections in 0.000010 seconds
[2016.09.15-14.46.34:913][  0]LogContentBrowser: Native class hierarchy populated in 0.0682 seconds. Added 2047 classes and 369 folders.
[2016.09.15-14.46.35:013][  0]LogStats: UGameplayTagsManager::ConstructGameplayTagTree: Construct from data asset -  0.000 s
[2016.09.15-14.46.35:032][  0]LogStats: UGameplayTagsManager::ConstructGameplayTagTree: GameplayTagTreeChangedEvent.Broadcast -  0.019 s
[2016.09.15-14.46.35:035][  0]LogContentBrowser: Native class hierarchy updated for 'GameplayTags' in 0.0021 seconds. Added 12 classes and 0 folders.
[2016.09.15-14.46.35:120][  0]LogContentBrowser: Native class hierarchy updated for 'WidgetCarousel' in 0.0023 seconds. Added 0 classes and 0 folders.
[2016.09.15-14.46.36:680][  0]LogContentBrowser: Native class hierarchy updated for 'AddContentDialog' in 0.0015 seconds. Added 0 classes and 0 folders.
[2016.09.15-14.46.37:006][  0]LogContentBrowser: Native class hierarchy updated for 'SceneOutliner' in 0.0015 seconds. Added 1 classes and 2 folders.
[2016.09.15-14.46.37:776][  0]LogCrashTracker: Crashtracker disabled due to settings.
[2016.09.15-14.46.38:139][  0]LogUObjectGlobals:Warning: Failed to find object 'Class None.'
[2016.09.15-14.46.38:367][  0]LogContentBrowser: Native class hierarchy updated for 'HierarchicalLODOutliner' in 0.0012 seconds. Added 1 classes and 2 folders.
[2016.09.15-14.46.38:368][  0]LogLoad: Full Startup: 75.71 seconds (BP compile: 1.01 seconds)
[2016.09.15-14.46.38:368][  0]LogExternalProfiler: Found external profiler: VSPerf
[2016.09.15-14.46.38:368][  0]LogExternalProfiler: Using external profiler: VSPerf
[2016.09.15-14.46.38:761][  0]LogOcInput: OculusInput pre-init called
[2016.09.15-14.46.39:060][  0]LogContentStreaming: Texture pool size now 400 MB
[2016.09.15-14.46.40:299][  0]LogRenderer: Reallocating scene render targets to support 1224x588 (Frame:2).
[2016.09.15-14.46.42:643][  4]LogAssetRegistry: Asset discovery search completed in 58.0851 seconds
[2016.09.15-14.46.42:643][  4]LogCollectionManager: Rebuilt the object cache for 0 collections in 0.000002 seconds (found 0 objects)
[2016.09.15-14.46.42:734][  4]LogCollectionManager: Fixed up redirectors for 0 collections in 0.067776 seconds (updated 0 objects)
[2016.09.15-14.47.36:985][467]LogTexture:Display: Building textures: HQ_Lightmap0_2 (AutoDXT)
[2016.09.15-14.47.37:057][467]LogTexture:Display: Building textures: HQ_Lightmap1_1 (AutoDXT)
[2016.09.15-14.47.37:456][467]LogAIModule: Creating AISystem for world BP_LevelIntro
[2016.09.15-14.47.38:133][467]Cmd: MAP LOAD FILE="C:/Users/ade.KYIV/Documents/Unreal Projects/BlueprintIntro/Content/ThirdPersonBP/Maps/BP_LevelIntro.umap" TEMPLATE=0 SHOWPROGRESS=1 FEATURELEVEL=2
[2016.09.15-14.47.38:134][467]LightingResults: New page: Lighting Build
[2016.09.15-14.47.38:135][467]LoadErrors: New page: Loading map: BP_LevelIntro.umap
[2016.09.15-14.47.38:187][467]MapCheck: New page: Map Check
[2016.09.15-14.47.38:187][467]LightingResults: New page: Lighting Build
[2016.09.15-14.47.38:455][467]LogEditorServer: Finished looking for orphan Actors (0.000 secs)
[2016.09.15-14.47.38:699][467]Cmd: MAP CHECKDEP NOCLEARLOG
[2016.09.15-14.47.38:888][467]MapCheck: Info Map check complete: 0 Error(s), 0 Warning(s), took 188.474ms to complete.
[2016.09.15-14.47.38:888][467]LogFileHelpers: Loading map 'BP_LevelIntro' took 0.881
[2016.09.15-14.47.41:058][508]LogBlueprintUserMessages: Early PlayInEditor Detection: Level '/Game/ThirdPersonBP/Maps/BP_LevelIntro.BP_LevelIntro:PersistentLevel' has LevelScriptBlueprint '/Game/ThirdPersonBP/Maps/BP_LevelIntro.BP_LevelIntro:PersistentLevel.BP_LevelIntro' with GeneratedClass '/Game/ThirdPersonBP/Maps/BP_LevelIntro.BP_LevelIntro_C' with ClassGeneratedBy '/Game/ThirdPersonBP/Maps/BP_LevelIntro.BP_LevelIntro:PersistentLevel.BP_LevelIntro'
[2016.09.15-14.47.41:058][508]LogPlayLevel: PlayLevel: No blueprints needed recompiling
[2016.09.15-14.47.41:088][508]PIE: New page: PIE session: BP_LevelIntro (Sep 15, 2016, 7:47:41 PM)
[2016.09.15-14.47.41:088][508]LogPlayLevel: Creating play world package: /Game/ThirdPersonBP/Maps/UEDPIE_0_BP_LevelIntro
[2016.09.15-14.47.41:145][508]LogPlayLevel: PIE: StaticDuplicateObject took: (0.056452s)
[2016.09.15-14.47.41:146][508]LogAIModule: Creating AISystem for world BP_LevelIntro
[2016.09.15-14.47.41:146][508]LogPlayLevel: PIE: World Init took: (0.000990s)
[2016.09.15-14.47.41:170][508]LogPlayLevel: PIE: Created PIE world by copying editor world from /Game/ThirdPersonBP/Maps/BP_LevelIntro.BP_LevelIntro to /Game/ThirdPersonBP/Maps/UEDPIE_0_BP_LevelIntro.BP_LevelIntro (0.081952s)
[2016.09.15-14.47.41:232][508]LogInit: XAudio2 using 'Speakers (Jabra UC VOICE 150a)' : 2 channels at 44.1 kHz using 16 bits per sample (channel mask 0x3)
[2016.09.15-14.47.41:241][508]LogInit: FAudioDevice initialized.
[2016.09.15-14.47.41:586][508]LogWorld: Game class is 'ThirdPersonGameMode_C'
[2016.09.15-14.47.41:704][508]LogWorld: Bringing World /Game/ThirdPersonBP/Maps/UEDPIE_0_BP_LevelIntro.BP_LevelIntro up for play (max tick rate 60) at 2016.09.15-17.47.41
[2016.09.15-14.47.41:763][508]LogWorld: Bringing up level for play took: 0.070723
[2016.09.15-14.47.42:027][508]LogContentBrowser: Native class hierarchy updated for 'MovieSceneCapture' in 0.0007 seconds. Added 11 classes and 0 folders.
[2016.09.15-14.47.42:212][508]PIE: Info Play in editor start time for /Game/ThirdPersonBP/Maps/UEDPIE_0_BP_LevelIntro 2.093
[2016.09.15-14.47.42:212][508]LogBlueprintUserMessages: Late PlayInEditor Detection: Level '/Game/ThirdPersonBP/Maps/BP_LevelIntro.BP_LevelIntro:PersistentLevel' has LevelScriptBlueprint '/Game/ThirdPersonBP/Maps/BP_LevelIntro.BP_LevelIntro:PersistentLevel.BP_LevelIntro' with GeneratedClass '/Game/ThirdPersonBP/Maps/BP_LevelIntro.BP_LevelIntro_C' with ClassGeneratedBy '/Game/ThirdPersonBP/Maps/BP_LevelIntro.BP_LevelIntro:PersistentLevel.BP_LevelIntro'
[2016.09.15-14.48.12:671][ 89]LogBlueprintUserMessages: Early EndPlayMap Detection: Level '/Game/ThirdPersonBP/Maps/BP_LevelIntro.BP_LevelIntro:PersistentLevel' has LevelScriptBlueprint '/Game/ThirdPersonBP/Maps/BP_LevelIntro.BP_LevelIntro:PersistentLevel.BP_LevelIntro' with GeneratedClass '/Game/ThirdPersonBP/Maps/BP_LevelIntro.BP_LevelIntro_C' with ClassGeneratedBy '/Game/ThirdPersonBP/Maps/BP_LevelIntro.BP_LevelIntro:PersistentLevel.BP_LevelIntro'
[2016.09.15-14.48.12:928][ 89]LogBlueprintUserMessages: Late EndPlayMap Detection: Level '/Game/ThirdPersonBP/Maps/BP_LevelIntro.BP_LevelIntro:PersistentLevel' has LevelScriptBlueprint '/Game/ThirdPersonBP/Maps/BP_LevelIntro.BP_