Log file open, 09/15/16 17:45:24
LogInit:Display: Running engine for game: BlueprintIntro
LogPlatformFile: Not using cached read wrapper
LogInit:Display: RandInit(-450248308) SRandInit(-450248305).
LogTaskGraph: Started task graph with 4 named threads and 5 total threads with 1 sets of task threads.
LogStats: Stats thread started at 0.071190
LogInit: Version: 4.12.5-3039270+++UE4+Release-4.12
LogInit: API Version: 2992821
LogInit: Net Version: 3039270
LogDevObjectVersion: Number of dev versions registered: 13
LogDevObjectVersion:   Dev-Blueprints (B0D832E4-1F89-4F0D-ACCF-7EB736FD4AA2): 3
LogDevObjectVersion:   Dev-Build (E1C64328-A22C-4D53-A36C-8E866417BD8C): 0
LogDevObjectVersion:   Dev-Core (375EC13C-06E4-48FB-B500-84F0262A717E): 1
LogDevObjectVersion:   Dev-Editor (E4B068ED-F494-42E9-A231-DA0B2E46BB41): 2
LogDevObjectVersion:   Dev-Framework (CFFC743F-43B0-4480-9391-14DF171D2073): 6
LogDevObjectVersion:   Dev-Mobile (B02B49B5-BB20-44E9-A304-32B752E40360): 0
LogDevObjectVersion:   Dev-Networking (A4E4105C-59A1-49B5-A7C5-40C4547EDFEE): 0
LogDevObjectVersion:   Dev-Online (39C831C9-5AE6-47DC-9A44-9C173E1C8E7C): 0
LogDevObjectVersion:   Dev-Physics (78F01B33-EBEA-4F98-B9B4-84EACCB95AA2): 0
LogDevObjectVersion:   Dev-Platform (6631380F-2D4D-43E0-8009-CF276956A95A): 0
LogDevObjectVersion:   Dev-Rendering (12F88B9F-8875-4AFC-A67C-D90C383ABD29): 2
LogDevObjectVersion:   Dev-Sequencer (7B5AE74C-D270-4C10-A958-57980B212A5A): 0
LogDevObjectVersion:   Dev-VR (D7296918-1DD6-4BDD-9DE2-64A83CC13884): 0
LogInit: Compiled (64-bit): Jul  6 2016 09:09:46
LogInit: Compiled with Visual C++: 19.00.23026.00
LogInit: Build Configuration: Development
LogInit: Branch Name: ++UE4+Release-4.12
LogInit: Command line:  
LogInit: Base directory: F:/Program Files/Epic Games/4.12/Engine/Binaries/Win64/
LogInit: Installed Engine Build: 1
LogInit: Using libcurl 7.41.0
LogInit:  - built for x86_64-pc-win32
LogInit:  - supports SSL with WinSSL
LogInit:  - other features:
LogInit:      CURL_VERSION_SSL
LogInit:      CURL_VERSION_IPV6
LogInit:      CURL_VERSION_ASYNCHDNS
LogInit:      CURL_VERSION_LARGEFILE
LogInit:      CURL_VERSION_IDN
LogInit:  CurlRequestOptions (configurable via config and command line):
LogInit:  - bVerifyPeer = true  - Libcurl will verify peer certificate
LogInit:  - bUseHttpProxy = false  - Libcurl will NOT use HTTP proxy
LogInit:  - bDontReuseConnections = false  - Libcurl will reuse connections
LogInit:  - CertBundlePath = nullptr  - Libcurl will use whatever was configured at build time.
LogInit: Presizing for max 8388607 objects, including 0 objects not considered by GC, pre-allocating 0 bytes for permanent pool.
LogInit: Object subsystem initialized
[2016.09.15-14.45.24:177][  0]LogInit: Selected Device Profile: [Windows]
[2016.09.15-14.45.24:177][  0]LogInit: Applying CVar settings loaded from the selected device profile: [Windows]
[2016.09.15-14.45.24:202][  0]LogInit: Computer: NB-ADE
[2016.09.15-14.45.24:202][  0]LogInit: User: ade
[2016.09.15-14.45.24:202][  0]LogInit: CPU Page size=65536, Cores=2
[2016.09.15-14.45.24:202][  0]LogInit: High frequency timer resolution =2.435874 MHz
[2016.09.15-14.45.24:202][  0]LogMemory: Memory total: Physical=7.9GB (8GB approx)
[2016.09.15-14.45.24:202][  0]LogMemory: Platform Memory Stats for Windows
[2016.09.15-14.45.24:202][  0]LogMemory: Process Physical Memory: 187.68 MB used, 187.68 MB peak
[2016.09.15-14.45.24:202][  0]LogMemory: Process Virtual Memory: 194.53 MB used, 194.53 MB peak
[2016.09.15-14.45.24:202][  0]LogMemory: Physical Memory: 5289.07 MB used, 8126.36 MB total
[2016.09.15-14.45.24:202][  0]LogMemory: Virtual Memory: 528.02 MB used, 134217728.00 MB total
[2016.09.15-14.45.25:147][  0]LogTextLocalizationManager: No specific translations for ('en-US') exist, so ('en') translations will be used.
[2016.09.15-14.45.25:826][  0]LogD3D11RHI: D3D11 adapters:
[2016.09.15-14.45.25:831][  0]LogD3D11RHI:    0. 'Intel(R) HD Graphics 3000' (Feature Level 10_0)
[2016.09.15-14.45.25:831][  0]LogD3D11RHI:       0/0/1632 MB DedicatedVideo/DedicatedSystem/SharedSystem, Outputs:1, VendorId:0x8086
[2016.09.15-14.45.25:834][  0]LogD3D11RHI:    1. 'Microsoft Basic Render Driver' (Feature Level 11_0)
[2016.09.15-14.45.25:834][  0]LogD3D11RHI:       0/0/256 MB DedicatedVideo/DedicatedSystem/SharedSystem, Outputs:0, VendorId:0x1414
[2016.09.15-14.45.25:834][  0]LogD3D11RHI: Chosen D3D11 Adapter: 0
[2016.09.15-14.45.25:840][  0]LogD3D11RHI: Creating new Direct3DDevice
[2016.09.15-14.45.25:840][  0]LogD3D11RHI:     GPU DeviceId: 0x126 (for the marketing name, search the web for "GPU Device Id")
[2016.09.15-14.45.25:840][  0]LogWindows: EnumDisplayDevices:
[2016.09.15-14.45.25:841][  0]LogWindows:    0. 'Intel(R) HD Graphics 3000' (P:1 D:1)
[2016.09.15-14.45.25:841][  0]LogWindows:    1. 'Intel(R) HD Graphics 3000' (P:0 D:0)
[2016.09.15-14.45.25:841][  0]LogWindows: DebugString: FoundDriverCount:2 
[2016.09.15-14.45.25:841][  0]LogD3D11RHI:     Adapter Name: Intel(R) HD Graphics 3000
[2016.09.15-14.45.25:841][  0]LogD3D11RHI:   Driver Version: 9.17.10.4229 (internal:9.17.10.4229, unified:9.17.10.4229)
[2016.09.15-14.45.25:841][  0]LogD3D11RHI:      Driver Date: 5-28-2015
[2016.09.15-14.45.25:841][  0]LogRHI: Texture pool is 571 MB (70% of 816 MB)
[2016.09.15-14.45.25:845][  0]LogD3D11RHI: Async texture creation enabled
[2016.09.15-14.45.25:867][  0]LogD3D11RHI: GPU Timing Frequency: 12.500000 (Debug: 2 1)
[2016.09.15-14.45.25:867][  0]LogShaderCompilers: Guid format shader working directory is -7 characters bigger than the processId version (C:/Users/ade.KYIV/Documents/Unreal Projects/BlueprintIntro/Intermediate/Shaders/WorkingDirectory/448/).
[2016.09.15-14.45.25:867][  0]LogShaderCompilers: Cleaned the shader compiler working directory 'C:/Users/ADE~1.KYI/AppData/Local/Temp/UnrealShaderWorkingDir/DCAFF8B94F6BF7BE2504AE8E90239DA6/'.
[2016.09.15-14.45.25:868][  0]LogShaderCompilers:Display: Using Local Shader Compiler.
[2016.09.15-14.45.28:037][  0]LogTemp:Display: Loaded TP AllDesktopTargetPlatform
[2016.09.15-14.45.28:050][  0]LogTemp:Display: Loaded TP WindowsClientTargetPlatform
[2016.09.15-14.45.28:064][  0]LogTemp:Display: Loaded TP WindowsNoEditorTargetPlatform
[2016.09.15-14.45.28:078][  0]LogTemp:Display: Loaded TP WindowsServerTargetPlatform
[2016.09.15-14.45.28:095][  0]LogTemp:Display: Loaded TP WindowsTargetPlatform
[2016.09.15-14.45.28:109][  0]LogTemp:Display: Loaded TP AndroidTargetPlatform
[2016.09.15-14.45.28:123][  0]LogTemp:Display: Loaded TP Android_ASTCTargetPlatform
[2016.09.15-14.45.28:136][  0]LogTemp:Display: Loaded TP Android_ATCTargetPlatform
[2016.09.15-14.45.28:151][  0]LogTemp:Display: Loaded TP Android_DXTTargetPlatform
[2016.09.15-14.45.28:161][  0]LogTemp:Display: Loaded TP Android_ETC1TargetPlatform
[2016.09.15-14.45.28:172][  0]LogTemp:Display: Loaded TP Android_ETC2TargetPlatform
[2016.09.15-14.45.28:193][  0]LogTemp:Display: Loaded TP Android_MultiTargetPlatform
[2016.09.15-14.45.28:193][  0]LogTemp:Display: Loaded TP Android_PVRTCTargetPlatform
[2016.09.15-14.45.28:195][  0]LogTemp:Display: Loaded TP HTML5TargetPlatform
[2016.09.15-14.45.28:221][  0]LogTemp:Display: Loaded TP IOSTargetPlatform
[2016.09.15-14.45.28:231][  0]LogTemp:Display: Loaded TP TVOSTargetPlatform
[2016.09.15-14.45.28:241][  0]LogTemp:Display: Loaded TP LinuxNoEditorTargetPlatform
[2016.09.15-14.45.28:251][  0]LogTemp:Display: Loaded TP LinuxServerTargetPlatform
[2016.09.15-14.45.28:263][  0]LogTemp:Display: Loaded TP LinuxTargetPlatform
[2016.09.15-14.45.28:263][  0]LogTargetPlatformManager:Display: Building Assets For Windows
[2016.09.15-14.45.28:609][  0]LogDerivedDataCache:Display: Max Cache Size: 512 MB
[2016.09.15-14.45.28:782][  0]LogDerivedDataCache: Loaded boot cache 0.17s 42MB C:/Users/ade.KYIV/AppData/Local/UnrealEngine/4.12/DerivedDataCache/Boot.ddc.
[2016.09.15-14.45.28:782][  0]LogDerivedDataCache:Display: Loaded Boot cache: C:/Users/ade.KYIV/AppData/Local/UnrealEngine/4.12/DerivedDataCache/Boot.ddc
[2016.09.15-14.45.28:782][  0]LogDerivedDataCache: FDerivedDataBackendGraph:  Pak pak cache file C:/Users/ade.KYIV/Documents/Unreal Projects/BlueprintIntro/DerivedDataCache/DDC.ddp not found, will not use a pak cache.
[2016.09.15-14.45.28:782][  0]LogDerivedDataCache: Unable to find inner node Pak for hierarchical cache Hierarchy.
[2016.09.15-14.45.28:782][  0]LogDerivedDataCache: FDerivedDataBackendGraph:  CompressedPak pak cache file C:/Users/ade.KYIV/Documents/Unreal Projects/BlueprintIntro/DerivedDataCache/Compressed.ddp not found, will not use a pak cache.
[2016.09.15-14.45.28:782][  0]LogDerivedDataCache: Unable to find inner node CompressedPak for hierarchical cache Hierarchy.
[2016.09.15-14.45.28:805][  0]LogDerivedDataCache:Display: Pak cache opened for reading ../../../Engine/DerivedDataCache/Compressed.ddp.
[2016.09.15-14.45.28:819][  0]LogDerivedDataCache: Using Local data cache path C:/Users/ade.KYIV/AppData/Local/UnrealEngine/Common/DerivedDataCache: Writable
[2016.09.15-14.45.36:034][  0]LogInit: Selected Device Profile: [Windows]
[2016.09.15-14.45.36:164][  0]LogContentStreaming: Texture pool size is 0.00 MB
[2016.09.15-14.45.39:759][  0]LogMeshUtilities: No automatic mesh reduction module available
[2016.09.15-14.45.39:759][  0]LogMeshUtilities: No automatic mesh merging module available
[2016.09.15-14.45.39:759][  0]LogMeshUtilities: No distributed automatic mesh merging module available
[2016.09.15-14.45.44:581][  0]LogAssetRegistry: FAssetRegistry took 0.0246 seconds to start up
[2016.09.15-14.45.44:839][  0]LogPackageLocalizationCache: Processed 3 localized package path(s) for 2 prioritized culture(s) in 0.108028 seconds
[2016.09.15-14.45.44:894][  0]LogUObjectArray: 28739 objects as part of root set at end of initial load.
[2016.09.15-14.45.44:894][  0]LogUObjectAllocator: 5855632 out of 0 bytes used by permanent object pool.
[2016.09.15-14.45.44:894][  0]LogUObjectArray: CloseDisregardForGC: 0/0 objects in disregard for GC pool
[2016.09.15-14.45.45:006][  0]LogInit: WinSock: version 1.1 (2.2), MaxSocks=32767, MaxUdp=65467
[2016.09.15-14.45.52:704][  0]LogSlate: SlateFontCache - WITH_FREETYPE: 1, WITH_HARFBUZZ: 1
[2016.09.15-14.45.52:712][  0]LogSlate: SlateFontCache - WITH_FREETYPE: 1, WITH_HARFBUZZ: 1
[2016.09.15-14.46.07:855][  0]LogUdpMessaging: Initializing bridge on interface 0.0.0.0:0 to multicast group 230.0.0.1:6666.
[2016.09.15-14.46.11:176][  0]SourceControl: Info Source control is disabled
[2016.09.15-14.46.11:255][  0]SourceControl: Info Source control is disabled
[2016.09.15-14.46.11:473][  0]SourceControl: Info Source control is disabled
[2016.09.15-14.46.11:576][  0]SourceControl: Info Source control is disabled
[2016.09.15-14.46.14:645][  0]LogEngine: Initializing Engine...
[2016.09.15-14.46.14:824][  0]LogHMD: SteamVR failed to initialize.  Err: 110
[2016.09.15-14.46.14:828][  0]LogHMD: SteamVR failed to initialize.  Err: 110
[2016.09.15-14.46.16:089][  0]LogAIModule: Creating AISystem for world NewWorld
[2016.09.15-14.46.16:380][  0]LogInit: XAudio2 using 'Speakers (Jabra UC VOICE 150a)' : 2 channels at 44.1 kHz using 16 bits per sample (channel mask 0x3)
[2016.09.15-14.46.16:590][  0]LogInit: FAudioDevice initialized.
[2016.09.15-14.46.16:698][  0]LogDerivedDataCache: Saved boot cache 0.11s 42MB C:/Users/ade.KYIV/AppData/Local/UnrealEngine/4.12/DerivedDataCache/Boot.ddc.
[2016.09.15-14.46.16:718][  0]LogInit: Texture streaming: Enabled
[2016.09.15-14.46.17:286][  0]LogInit: Transaction tracking system initialized
[2016.09.15-14.46.18:056][  0]BlueprintLog: New page: Editor Load
[2016.09.15-14.46.20:767][  0]LocalizationService: Info Localization service is disabled
[2016.09.15-14.46.22:580][  0]LogConsoleResponse:Display: 
[2016.09.15-14.46.24:664][  0]LogFileCache: Scanning file cache for directory 'C:/Users/ade.KYIV/Documents/Unreal Projects/BlueprintIntro/Content/' took 0.02s
[2016.09.15-14.46.24:664][  0]LogCook:Display: Max memory allowance for cook 8192mb
[2016.09.15-14.46.24:664][  0]LogCook:Display: Mobile HDR setting 1
[2016.09.15-14.46.27:785][  0]SourceControl: Info Source control is disabled
[2016.09.15-14.46.27:945][  0]Cmd: MAP LOAD FILE="C:/Users/ade.KYIV/Documents/Unreal Projects/BlueprintIntro/Content/ThirdPersonBP/Maps/ThirdPersonExampleMap.umap" TEMPLATE=0 SHOWPROGRESS=1 FEATURELEVEL=2
[2016.09.15-14.46.28:027][  0]LightingResults: New page: Lighting Build
[2016.09.15-14.46.28:350][  0]MapCheck: New page: Map Check
[2016.09.15-14.46.28:351][  0]LightingResults: New page: Lighting Build
[2016.09.15-14.46.31:156][  0]LogAIModule: Creating AISystem for world ThirdPersonExampleMap
[2016.09.15-14.46.31:953][  0]LogEditorServer: Finished looking for orphan Actors (0.000 secs)
[2016.09.15-14.46.32:001][  0]Cmd: MAP CHECKDEP NOCLEARLOG
[2016.09.15-14.46.32:209][  0]MapCheck: Info Map check complete: 0 Error(s), 0 Warning(s), took 207.673ms to complete.
[2016.09.15-14.46.32:209][  0]LogFileHelpers: Loading map 'ThirdPersonExampleMap' took 4.346
[2016.09.15-14.46.34:513][  0]LogCollectionManager: Loaded 0 collections in 0.004398 seconds
[2016.09.15-14.46.34:838][  0]LogFileCache: Scanning file cache for directory 'C:/Users/ade.KYIV/Documents/Unreal Projects/BlueprintIntro/Saved/Collections/' took 0.01s
[2016.09.15-14.46.34:838][  0]LogFileCache: Scanning file cache for directory 'C:/Users/ade.KYIV/Documents/Unreal Projects/BlueprintIntro/Content/Developers/ade/Collections/' took 0.01s
[2016.09.15-14.46.34:838][  0]LogFileCache: Scanning file cache for directory 'C:/Users/ade.KYIV/Documents/Unreal Projects/BlueprintIntro/Content/Collections/' took 0.01s
[2016.09.15-14.46.34:838][  0]LogCollectionManager: Rebuilt the GUID cache for 0 collections in 0.000010 seconds
[2016.09.15-14.46.34:913][  0]LogContentBrowser: Native class hierarchy populated in 0.0682 seconds. Added 2047 classes and 369 folders.
[2016.09.15-14.46.35:013][  0]LogStats: UGameplayTagsManager::ConstructGameplayTagTree: Construct from data asset -  0.000 s
[2016.09.15-14.46.35:032][  0]LogStats: UGameplayTagsManager::ConstructGameplayTagTree: GameplayTagTreeChangedEvent.Broadcast -  0.019 s
[2016.09.15-14.46.35:035][  0]LogContentBrowser: Native class hierarchy updated for 'GameplayTags' in 0.0021 seconds. Added 12 classes and 0 folders.
[2016.09.15-14.46.35:120][  0]LogContentBrowser: Native class hierarchy updated for 'WidgetCarousel' in 0.0023 seconds. Added 0 classes and 0 folders.
[2016.09.15-14.46.36:680][  0]LogContentBrowser: Native class hierarchy updated for 'AddContentDialog' in 0.0015 seconds. Added 0 classes and 0 folders.
[2016.09.15-14.46.37:006][  0]LogContentBrowser: Native class hierarchy updated for 'SceneOutliner' in 0.0015 seconds. Added 1 classes and 2 folders.
[2016.09.15-14.46.37:776][  0]LogCrashTracker: Crashtracker disabled due to settings.
[2016.09.15-14.46.38:139][  0]LogUObjectGlobals:Warning: Failed to find object 'Class None.'
[2016.09.15-14.46.38:367][  0]LogContentBrowser: Native class hierarchy updated for 'HierarchicalLODOutliner' in 0.0012 seconds. Added 1 classes and 2 folders.
[2016.09.15-14.46.38:368][  0]LogLoad: Full Startup: 75.71 seconds (BP compile: 1.01 seconds)
[2016.09.15-14.46.38:368][  0]LogExternalProfiler: Found external profiler: VSPerf
[2016.09.15-14.46.38:368][  0]LogExternalProfiler: Using external profiler: VSPerf
[2016.09.15-14.46.38:761][  0]LogOcInput: OculusInput pre-init called
[2016.09.15-14.46.39:060][  0]LogContentStreaming: Texture pool size now 400 MB
[2016.09.15-14.46.40:299][  0]LogRenderer: Reallocating scene render targets to support 1224x588 (Frame:2).
[2016.09.15-14.46.42:643][  4]LogAssetRegistry: Asset discovery search completed in 58.0851 seconds
[2016.09.15-14.46.42:643][  4]LogCollectionManager: Rebuilt the object cache for 0 collections in 0.000002 seconds (found 0 objects)
[2016.09.15-14.46.42:734][  4]LogCollectionManager: Fixed up redirectors for 0 collections in 0.067776 seconds (updated 0 objects)
[2016.09.15-14.47.36:985][467]LogTexture:Display: Building textures: HQ_Lightmap0_2 (AutoDXT)
[2016.09.15-14.47.37:057][467]LogTexture:Display: Building textures: HQ_Lightmap1_1 (AutoDXT)
[2016.09.15-14.47.37:456][467]LogAIModule: Creating AISystem for world BP_LevelIntro
[2016.09.15-14.47.38:133][467]Cmd: MAP LOAD FILE="C:/Users/ade.KYIV/Documents/Unreal Projects/BlueprintIntro/Content/ThirdPersonBP/Maps/BP_LevelIntro.umap" TEMPLATE=0 SHOWPROGRESS=1 FEATURELEVEL=2
[2016.09.15-14.47.38:134][467]LightingResults: New page: Lighting Build
[2016.09.15-14.47.38:135][467]LoadErrors: New page: Loading map: BP_LevelIntro.umap
[2016.09.15-14.47.38:187][467]MapCheck: New page: Map Check
[2016.09.15-14.47.38:187][467]LightingResults: New page: Lighting Build
[2016.09.15-14.47.38:455][467]LogEditorServer: Finished looking for orphan Actors (0.000 secs)
[2016.09.15-14.47.38:699][467]Cmd: MAP CHECKDEP NOCLEARLOG
[2016.09.15-14.47.38:888][467]MapCheck: Info Map check complete: 0 Error(s), 0 Warning(s), took 188.474ms to complete.
[2016.09.15-14.47.38:888][467]LogFileHelpers: Loading map 'BP_LevelIntro' took 0.881
[2016.09.15-14.47.41:058][508]LogBlueprintUserMessages: Early PlayInEditor Detection: Level '/Game/ThirdPersonBP/Maps/BP_LevelIntro.BP_LevelIntro:PersistentLevel' has LevelScriptBlueprint '/Game/ThirdPersonBP/Maps/BP_LevelIntro.BP_LevelIntro:PersistentLevel.BP_LevelIntro' with GeneratedClass '/Game/ThirdPersonBP/Maps/BP_LevelIntro.BP_LevelIntro_C' with ClassGeneratedBy '/Game/ThirdPersonBP/Maps/BP_LevelIntro.BP_LevelIntro:PersistentLevel.BP_LevelIntro'
[2016.09.15-14.47.41:058][508]LogPlayLevel: PlayLevel: No blueprints needed recompiling
[2016.09.15-14.47.41:088][508]PIE: New page: PIE session: BP_LevelIntro (Sep 15, 2016, 7:47:41 PM)
[2016.09.15-14.47.41:088][508]LogPlayLevel: Creating play world package: /Game/ThirdPersonBP/Maps/UEDPIE_0_BP_LevelIntro
[2016.09.15-14.47.41:145][508]LogPlayLevel: PIE: StaticDuplicateObject took: (0.056452s)
[2016.09.15-14.47.41:146][508]LogAIModule: Creating AISystem for world BP_LevelIntro
[2016.09.15-14.47.41:146][508]LogPlayLevel: PIE: World Init took: (0.000990s)
[2016.09.15-14.47.41:170][508]LogPlayLevel: PIE: Created PIE world by copying editor world from /Game/ThirdPersonBP/Maps/BP_LevelIntro.BP_LevelIntro to /Game/ThirdPersonBP/Maps/UEDPIE_0_BP_LevelIntro.BP_LevelIntro (0.081952s)
[2016.09.15-14.47.41:232][508]LogInit: XAudio2 using 'Speakers (Jabra UC VOICE 150a)' : 2 channels at 44.1 kHz using 16 bits per sample (channel mask 0x3)
[2016.09.15-14.47.41:241][508]LogInit: FAudioDevice initialized.
[2016.09.15-14.47.41:586][508]LogWorld: Game class is 'ThirdPersonGameMode_C'
[2016.09.15-14.47.41:704][508]LogWorld: Bringing World /Game/ThirdPersonBP/Maps/UEDPIE_0_BP_LevelIntro.BP_LevelIntro up for play (max tick rate 60) at 2016.09.15-17.47.41
[2016.09.15-14.47.41:763][508]LogWorld: Bringing up level for play took: 0.070723
[2016.09.15-14.47.42:027][508]LogContentBrowser: Native class hierarchy updated for 'MovieSceneCapture' in 0.0007 seconds. Added 11 classes and 0 folders.
[2016.09.15-14.47.42:212][508]PIE: Info Play in editor start time for /Game/ThirdPersonBP/Maps/UEDPIE_0_BP_LevelIntro 2.093
[2016.09.15-14.47.42:212][508]LogBlueprintUserMessages: Late PlayInEditor Detection: Level '/Game/ThirdPersonBP/Maps/BP_LevelIntro.BP_LevelIntro:PersistentLevel' has LevelScriptBlueprint '/Game/ThirdPersonBP/Maps/BP_LevelIntro.BP_LevelIntro:PersistentLevel.BP_LevelIntro' with GeneratedClass '/Game/ThirdPersonBP/Maps/BP_LevelIntro.BP_LevelIntro_C' with ClassGeneratedBy '/Game/ThirdPersonBP/Maps/BP_LevelIntro.BP_LevelIntro:PersistentLevel.BP_LevelIntro'
[2016.09.15-14.48.12:671][ 89]LogBlueprintUserMessages: Early EndPlayMap Detection: Level '/Game/ThirdPersonBP/Maps/BP_LevelIntro.BP_LevelIntro:PersistentLevel' has LevelScriptBlueprint '/Game/ThirdPersonBP/Maps/BP_LevelIntro.BP_LevelIntro:PersistentLevel.BP_LevelIntro' with GeneratedClass '/Game/ThirdPersonBP/Maps/BP_LevelIntro.BP_LevelIntro_C' with ClassGeneratedBy '/Game/ThirdPersonBP/Maps/BP_LevelIntro.BP_LevelIntro:PersistentLevel.BP_LevelIntro'
[2016.09.15-14.48.12:928][ 89]LogBlueprintUserMessages: Late EndPlayMap Detection: Level '/Game/ThirdPersonBP/Maps/BP_LevelIntro.BP_LevelIntro:PersistentLevel' has LevelScriptBlueprint '/Game/ThirdPersonBP/Maps/BP_LevelIntro.BP_LevelIntro:PersistentLevel.BP_LevelIntro' with GeneratedClass '/Game/ThirdPersonBP/Maps/BP_LevelIntro.BP_LevelIntro_C' with ClassGeneratedBy '/Game/ThirdPersonBP/Maps/BP_LevelIntro.BP_LevelIntro:PersistentLevel.BP_LevelIntro'
[2016.09.15-14.48.17:817][178]Cmd: CAMERA ALIGN ACTIVEVIEWPORTONLY
[2016.09.15-14.48.18:629][186]Cmd: CAMERA ALIGN ACTIVEVIEWPORTONLY
[2016.09.15-14.48.20:956][233]Cmd: SELECT NONE
[2016.09.15-14.48.30:777][435]LogText:Warning: Failed to parse argument "GameModeName" as a number (using "0" as a fallback). Please check your format string for errors: "GameMode: Edit {GameModeName}".
[2016.09.15-14.57.31:722][141]LogText:Warning: Failed to parse argument "GameModeName" as a number (using "0" as a fallback). Please check your format string for errors: "GameMode: Edit {GameModeName}".
[2016.09.15-14.57.34:651][162]LogContentBrowser: Native class hierarchy updated for 'BlueprintGraph' in 0.0019 seconds. Added 111 classes and 0 folders.
[2016.09.15-14.57.59:014][ 96]BlueprintLog: New page: Compile BP_LevelIntro
[2016.09.15-14.57.59:670][ 96]BlueprintEditorCompileResults: Info [0757.01] Compile of PersistentLevel.BP_LevelIntro successful! [in 655 ms] (/Game/ThirdPersonBP/Maps/BP_LevelIntro.BP_LevelIntro:PersistentLevel.BP_LevelIntro)
[2016.09.15-14.58.01:034][132]LogBlueprintUserMessages: Early PlayInEditor Detection: Level '/Game/ThirdPersonBP/Maps/BP_LevelIntro.BP_LevelIntro:PersistentLevel' has LevelScriptBlueprint '/Game/ThirdPersonBP/Maps/BP_LevelIntro.BP_LevelIntro:PersistentLevel.BP_LevelIntro' with GeneratedClass '/Game/ThirdPersonBP/Maps/BP_LevelIntro.BP_LevelIntro_C' with ClassGeneratedBy '/Game/ThirdPersonBP/Maps/BP_LevelIntro.BP_LevelIntro:PersistentLevel.BP_LevelIntro'
[2016.09.15-14.58.01:034][132]LogPlayLevel: PlayLevel: No blueprints needed recompiling
[2016.09.15-14.58.01:034][132]PIE: New page: PIE session: BP_LevelIntro (Sep 15, 2016, 7:58:01 PM)
[2016.09.15-14.58.01:035][132]LogPlayLevel: Creating play world package: /Game/ThirdPersonBP/Maps/UEDPIE_0_BP_LevelIntro
[2016.09.15-14.58.01:042][132]LogPlayLevel: PIE: StaticDuplicateObject took: (0.007353s)
[2016.09.15-14.58.01:043][132]LogAIModule: Creating AISystem for world BP_LevelIntro
[2016.09.15-14.58.01:043][132]LogPlayLevel: PIE: World Init took: (0.001184s)
[2016.09.15-14.58.01:044][132]LogPlayLevel: PIE: Created PIE world by copying editor world from /Game/ThirdPersonBP/Maps/BP_LevelIntro.BP_LevelIntro to /Game/ThirdPersonBP/Maps/UEDPIE_0_BP_LevelIntro.BP_LevelIntro (0.008901s)
[2016.09.15-14.58.01:111][132]LogInit: XAudio2 using 'Speakers (Jabra UC VOICE 150a)' : 2 channels at 44.1 kHz using 16 bits per sample (channel mask 0x3)
[2016.09.15-14.58.01:120][132]LogInit: FAudioDevice initialized.
[2016.09.15-14.58.01:191][132]LogWorld: Game class is 'ThirdPersonGameMode_C'
[2016.09.15-14.58.01:198][132]LogWorld: Bringing World /Game/ThirdPersonBP/Maps/UEDPIE_0_BP_LevelIntro.BP_LevelIntro up for play (max tick rate 60) at 2016.09.15-17.58.01
[2016.09.15-14.58.01:199][132]LogWorld: Bringing up level for play took: 0.006432
[2016.09.15-14.58.01:203][132]PIE: Info Play in editor start time for /Game/ThirdPersonBP/Maps/UEDPIE_0_BP_LevelIntro 1.084
[2016.09.15-14.58.01:203][132]LogBlueprintUserMessages: Late PlayInEditor Detection: Level '/Game/ThirdPersonBP/Maps/BP_LevelIntro.BP_LevelIntro:PersistentLevel' has LevelScriptBlueprint '/Game/ThirdPersonBP/Maps/BP_LevelIntro.BP_LevelIntro:PersistentLevel.BP_LevelIntro' with GeneratedClass '/Game/ThirdPersonBP/Maps/BP_LevelIntro.BP_LevelIntro_C' with ClassGeneratedBy '/Game/ThirdPersonBP/Maps/BP_LevelIntro.BP_LevelIntro:PersistentLevel.BP_LevelIntro'
[2016.09.15-14.58.25:302][594]LogBlueprintUserMessages: Early EndPlayMap Detection: Level '/Game/ThirdPersonBP/Maps/BP_LevelIntro.BP_LevelIntro:PersistentLevel' has LevelScriptBlueprint '/Game/ThirdPersonBP/Maps/BP_LevelIntro.BP_LevelIntro:PersistentLevel.BP_LevelIntro' with GeneratedClass '/Game/ThirdPersonBP/Maps/BP_LevelIntro.BP_LevelIntro_C' with ClassGeneratedBy '/Game/ThirdPersonBP/Maps/BP_LevelIntro.BP_LevelIntro:PersistentLevel.BP_LevelIntro'
[2016.09.15-14.58.25:368][594]LogBlueprintUserMessages: Late EndPlayMap Detection: Level '/Game/ThirdPersonBP/Maps/BP_LevelIntro.BP_LevelIntro:PersistentLevel' has LevelScriptBlueprint '/Game/ThirdPersonBP/Maps/BP_LevelIntro.BP_LevelIntro:PersistentLevel.BP_LevelIntro' with GeneratedClass '/Game/ThirdPersonBP/Maps/BP_LevelIntro.BP_LevelIntro_C' with ClassGeneratedBy '/Game/ThirdPersonBP/Maps/BP_LevelIntro.BP_LevelIntro:PersistentLevel.BP_LevelIntro'
[2016.09.15-14.58.27:478][612]LogSavePackage: Save=402.99ms
[2016.09.15-14.58.27:478][612]LogSavePackage: Moving 'C:/Users/ade.KYIV/Documents/Unreal Projects/BlueprintIntro/Saved/BP_LevelIntro63DE8A0C47D5D1EDDE22CDAF3B3CC9B5.tmp' to 'C:/Users/ade.KYIV/Documents/Unreal Projects/BlueprintIntro/Content/ThirdPersonBP/Maps/BP_LevelIntro.umap'
[2016.09.15-14.58.27:519][612]LogSavePackage:Display: Finished SavePackage C:/Users/ade.KYIV/Documents/Unreal Projects/BlueprintIntro/Content/ThirdPersonBP/Maps/BP_LevelIntro.umap
[2016.09.15-14.58.27:547][612]LogFileHelpers: Saving map 'BP_LevelIntro' took 0.782
[2016.09.15-15.07.01:930][179]LogWindowsTextInputMethodSystem:Display: IME system now deactivated.
[2016.09.15-15.07.02:535][180]Cmd: QUIT_EDITOR
[2016.09.15-15.07.03:982][180]LogExit: Preparing to exit.
[2016.09.15-15.07.05:405][180]LogExit: Editor shut down
[2016.09.15-15.07.05:406][180]LogExit: Transaction tracking system shut down
[2016.09.15-15.07.07:491][180]LogObj: Freed 0b from 0 cluster array pools.
[2016.09.15-15.07.07:491][180]LogExit: Object subsystem successfully closed.
[2016.09.15-15.07.07:603][180]LogD3D11RHI: Shutdown
[2016.09.15-15.07.07:613][180]LogD3D11RHI: CleanupD3DDevice
[2016.09.15-15.07.07:913][180]LogD3D11RHI: ~FD3D11DynamicRHI
[2016.09.15-15.07.08:718][180]LogModuleManager: Shutting down and abandoning module BlueprintGraph (215)
[2016.09.15-15.07.08:718][180]LogModuleManager: Shutting down and abandoning module MovieSceneCapture (214)
[2016.09.15-15.07.08:718][180]LogModuleManager: Shutting down and abandoning module HierarchicalLODOutliner (213)
[2016.09.15-15.07.08:724][180]LogModuleManager: Shutting down and abandoning module CrashTracker (212)
[2016.09.15-15.07.08:725][180]LogModuleManager: Shutting down and abandoning module SceneOutliner (211)
[2016.09.15-15.07.08:725][180]LogModuleManager: Shutting down and abandoning module WidgetCarousel (210)
[2016.09.15-15.07.08:730][180]LogModuleManager: Shutting down and abandoning module AddContentDialog (209)
[2016.09.15-15.07.08:768][180]LogModuleManager: Shutting down and abandoning module GameplayTags (208)
[2016.09.15-15.07.08:768][180]LogModuleManager: Shutting down and abandoning module EditorWidgets (207)
[2016.09.15-15.07.08:768][180]LogModuleManager: Shutting down and abandoning module CollectionManager (206)
[2016.09.15-15.07.08:797][180]LogModuleManager: Shutting down and abandoning module StatsViewer (205)
[2016.09.15-15.07.08:839][180]LogModuleManager: Shutting down and abandoning module FoliageEdit (204)
[2016.09.15-15.07.08:844][180]LogModuleManager: Shutting down and abandoning module LandscapeEditor (203)
[2016.09.15-15.07.08:862][180]LogModuleManager: Shutting down and abandoning module SceneDepthPickerMode (202)
[2016.09.15-15.07.08:862][180]LogModuleManager: Shutting down and abandoning module ActorPickerMode (201)
[2016.09.15-15.07.08:862][180]LogModuleManager: Shutting down and abandoning module GeometryMode (200)
[2016.09.15-15.07.08:862][180]LogModuleManager: Shutting down and abandoning module TextureAlignMode (199)
[2016.09.15-15.07.08:862][180]LogModuleManager: Shutting down and abandoning module BspMode (198)
[2016.09.15-15.07.08:883][180]LogModuleManager: Shutting down and abandoning module HardwareSurvey (197)
[2016.09.15-15.07.08:883][180]LogModuleManager: Shutting down and abandoning module SequenceRecorderSections (196)
[2016.09.15-15.07.08:883][180]LogModuleManager: Shutting down and abandoning module SequenceRecorder (195)
[2016.09.15-15.07.08:919][180]LogModuleManager: Shutting down and abandoning module AutomationWorker (194)
[2016.09.15-15.07.08:920][180]LogModuleManager: Shutting down and abandoning module MatineeToLevelSequence (193)
[2016.09.15-15.07.08:920][180]LogModuleManager: Shutting down and abandoning module PlacementMode (192)
[2016.09.15-15.07.08:936][180]LogModuleManager: Shutting down and abandoning module LevelSequenceEditor (191)
[2016.09.15-15.07.08:998][180]LogModuleManager: Shutting down and abandoning module CharacterAI (190)
[2016.09.15-15.07.08:999][180]LogModuleManager: Shutting down and abandoning module SmartSnapping (189)
[2016.09.15-15.07.08:999][180]LogModuleManager: Shutting down and abandoning module SessionServices (188)
[2016.09.15-15.07.08:999][180]LogModuleManager: Shutting down and abandoning module ViewportSnapping (187)
[2016.09.15-15.07.08:999][180]LogModuleManager: Shutting down and abandoning module LogVisualizer (186)
[2016.09.15-15.07.09:032][180]LogModuleManager: Shutting down and abandoning module GameProjectGeneration (185)
[2016.09.15-15.07.09:060][180]LogModuleManager: Shutting down and abandoning module IntroTutorials (184)
[2016.09.15-15.07.09:069][180]LogModuleManager: Shutting down and abandoning module EditorLiveStreaming (183)
[2016.09.15-15.07.09:069][180]LogModuleManager: Shutting down and abandoning module IOSPlatformEditor (182)
[2016.09.15-15.07.09:077][180]LogModuleManager: Shutting down and abandoning module HTML5PlatformEditor (181)
[2016.09.15-15.07.09:077][180]LogModuleManager: Shutting down and abandoning module AndroidDeviceDetection (180)
[2016.09.15-15.07.09:315][180]LogModuleManager: Shutting down and abandoning module AndroidPlatformEditor (179)
[2016.09.15-15.07.09:321][180]LogModuleManager: Shutting down and abandoning module IOSRuntimeSettings (178)
[2016.09.15-15.07.09:321][180]LogModuleManager: Shutting down and abandoning module AndroidRuntimeSettings (177)
[2016.09.15-15.07.09:321][180]LogModuleManager: Shutting down and abandoning module MergeActors (176)
[2016.09.15-15.07.09:339][180]LogModuleManager: Shutting down and abandoning module SizeMap (175)
[2016.09.15-15.07.09:339][180]LogModuleManager: Shutting down and abandoning module TreeMap (174)
[2016.09.15-15.07.09:372][180]LogModuleManager: Shutting down and abandoning module ReferenceViewer (173)
[2016.09.15-15.07.09:383][180]LogModuleManager: Shutting down and abandoning module LocalizationService (172)
[2016.09.15-15.07.09:395][180]LogModuleManager: Shutting down and abandoning module LocalizationDashboard (171)
[2016.09.15-15.07.09:404][180]LogModuleManager: Shutting down and abandoning module HardwareTargeting (170)
[2016.09.15-15.07.09:419][180]LogModuleManager: Shutting down and abandoning module DeviceProfileEditor (169)
[2016.09.15-15.07.09:445][180]LogModuleManager: Shutting down and abandoning module UndoHistory (168)
[2016.09.15-15.07.09:460][180]LogModuleManager: Shutting down and abandoning module UserFeedback (167)
[2016.09.15-15.07.09:460][180]LogModuleManager: Shutting down and abandoning module XmlParser (166)
[2016.09.15-15.07.09:471][180]LogModuleManager: Shutting down and abandoning module Blutility (165)
[2016.09.15-15.07.09:483][180]LogModuleManager: Shutting down and abandoning module ProjectTargetPlatformEditor (164)
[2016.09.15-15.07.09:491][180]LogModuleManager: Shutting down and abandoning module ProjectSettingsViewer (163)
[2016.09.15-15.07.09:491][180]LogModuleManager: Shutting down and abandoning module InputBindingEditor (162)
[2016.09.15-15.07.09:510][180]LogModuleManager: Shutting down and abandoning module EditorSettingsViewer (161)
[2016.09.15-15.07.09:511][180]LogModuleManager: Shutting down and abandoning module SettingsEditor (160)
[2016.09.15-15.07.09:574][180]LogModuleManager: Shutting down and abandoning module ProjectLauncher (159)
[2016.09.15-15.07.09:599][180]LogModuleManager: Shutting down and abandoning module SessionFrontend (158)
[2016.09.15-15.07.09:619][180]LogModuleManager: Shutting down and abandoning module ProfilerClient (157)
[2016.09.15-15.07.09:651][180]LogModuleManager: Shutting down and abandoning module TargetDeviceServices (156)
[2016.09.15-15.07.09:659][180]LogModuleManager: Shutting down and abandoning module DeviceManager (155)
[2016.09.15-15.07.09:744][180]LogModuleManager: Shutting down and abandoning module AutomationController (154)
[2016.09.15-15.07.09:777][180]LogModuleManager: Shutting down and abandoning module AutomationWindow (153)
[2016.09.15-15.07.09:814][180]LogModuleManager: Shutting down and abandoning module Layers (152)
[2016.09.15-15.07.09:890][180]LogModuleManager: Shutting down and abandoning module ComponentVisualizers (151)
[2016.09.15-15.07.09:890][180]LogModuleManager: Shutting down and abandoning module DetailCustomizations (150)
[2016.09.15-15.07.09:942][180]LogModuleManager: Shutting down and abandoning module PackagesDialog (149)
[2016.09.15-15.07.09:951][180]LogModuleManager: Shutting down and abandoning module Persona (148)
[2016.09.15-15.07.10:043][180]LogModuleManager: Shutting down and abandoning module Kismet (147)
[2016.09.15-15.07.10:057][180]LogModuleManager: Shutting down and abandoning module GraphEditor (146)
[2016.09.15-15.07.10:057][180]LogModuleManager: Shutting down and abandoning module ClassViewer (145)
[2016.09.15-15.07.10:080][180]LogModuleManager: Shutting down and abandoning module Toolbox (144)
[2016.09.15-15.07.10:090][180]LogModuleManager: Shutting down and abandoning module ModuleUI (143)
[2016.09.15-15.07.10:118][180]LogModuleManager: Shutting down and abandoning module MovieSceneTools (142)
[2016.09.15-15.07.10:146][180]LogModuleManager: Shutting down and abandoning module OutputLog (141)
[2016.09.15-15.07.10:166][180]LogModuleManager: Shutting down and abandoning module GammaUI (140)
[2016.09.15-15.07.10:199][180]LogModuleManager: Shutting down and abandoning module Documentation (139)
[2016.09.15-15.07.10:199][180]LogModuleManager: Shutting down and abandoning module StreamingPauseRendering (138)
[2016.09.15-15.07.10:199][180]LogModuleManager: Shutting down and abandoning module AnalyticsET (137)
[2016.09.15-15.07.10:199][180]LogModuleManager: Shutting down and abandoning module Analytics (136)
[2016.09.15-15.07.10:199][180]LogModuleManager: Shutting down and abandoning module PortalServices (135)
[2016.09.15-15.07.10:199][180]LogModuleManager: Shutting down and abandoning module PortalRpc (134)
[2016.09.15-15.07.10:199][180]LogModuleManager: Shutting down and abandoning module MessagingRpc (133)
[2016.09.15-15.07.10:199][180]LogModuleManager: Shutting down and abandoning module GameplayDebugger (132)
[2016.09.15-15.07.10:199][180]LogModuleManager: Shutting down and abandoning module AITestSuite (131)
[2016.09.15-15.07.10:214][180]LogModuleManager: Shutting down and abandoning module AIModule (130)
[2016.09.15-15.07.10:215][180]LogModuleManager: Shutting down and abandoning module ProfilerService (129)
[2016.09.15-15.07.10:287][180]LogModuleManager: Shutting down and abandoning module TaskGraph (128)
[2016.09.15-15.07.10:356][180]LogModuleManager: Shutting down and abandoning module SlateRemote (127)
[2016.09.15-15.07.10:356][180]LogModuleManager: Shutting down and abandoning module SteamVRController (126)
[2016.09.15-15.07.10:356][180]LogModuleManager: Shutting down and abandoning module SteamVR (125)
[2016.09.15-15.07.10:356][180]LogModuleManager: Shutting down and abandoning module ProceduralMeshComponent (124)
[2016.09.15-15.07.10:357][180]LogModuleManager: Shutting down and abandoning module OculusLibrary (123)
[2016.09.15-15.07.10:357][180]LogModuleManager: Shutting down and abandoning module OculusInput (122)
[2016.09.15-15.07.10:357][180]LogModuleManager: Shutting down and abandoning module CustomMeshComponent (121)
[2016.09.15-15.07.10:357][180]LogModuleManager: Shutting down and abandoning module CableComponent (120)
[2016.09.15-15.07.10:357][180]LogModuleManager: Shutting down and abandoning module ArchVisCharacter (119)
[2016.09.15-15.07.10:357][180]LogModuleManager: Shutting down and abandoning module MediaPlayerEditor (118)
[2016.09.15-15.07.10:448][180]LogModuleManager: Shutting down and abandoning module HTML5Networking (117)
[2016.09.15-15.07.10:448][180]LogModuleManager: Shutting down and abandoning module SuperSearch (116)
[2016.09.15-15.07.10:448][180]LogModuleManager: Shutting down and abandoning module SuperSearchEditor (115)
[2016.09.15-15.07.10:448][180]LogModuleManager: Shutting down and abandoning module SpeedTreeImporter (114)
[2016.09.15-15.07.10:448][180]LogModuleManager: Shutting down and abandoning module PluginBrowser (113)
[2016.09.15-15.07.10:514][180]LogModuleManager: Shutting down and abandoning module EpicSurvey (112)
[2016.09.15-15.07.10:514][180]LogModuleManager: Shutting down and abandoning module DesktopPlatform (111)
[2016.09.15-15.07.10:542][180]LogModuleManager: Shutting down and abandoning module VisualStudioSourceCodeAccess (110)
[2016.09.15-15.07.10:542][180]LogModuleManager: Shutting down and abandoning module UObjectPlugin (109)
[2016.09.15-15.07.10:542][180]LogModuleManager: Shutting down and abandoning module SubversionSourceControl (108)
[2016.09.15-15.07.10:559][180]LogModuleManager: Shutting down and abandoning module PerforceSourceControl (107)
[2016.09.15-15.07.10:600][180]LogModuleManager: Shutting down and abandoning module SourceControl (106)
[2016.09.15-15.07.10:616][180]LogModuleManager: Shutting down and abandoning module GitSourceControl (105)
[2016.09.15-15.07.10:645][180]LogModuleManager: Shutting down and abandoning module LightPropagationVolumeEditor (104)
[2016.09.15-15.07.10:645][180]LogModuleManager: Shutting down and abandoning module PaperTiledImporter (103)
[2016.09.15-15.07.10:655][180]LogModuleManager: Shutting down and abandoning module PaperSpriteSheetImporter (102)
[2016.09.15-15.07.10:655][180]LogModuleManager: Shutting down and abandoning module MeshPaint (101)
[2016.09.15-15.07.10:661][180]LogModuleManager: Shutting down and abandoning module PixelInspectorModule (100)
[2016.09.15-15.07.10:676][180]LogModuleManager: Shutting down and abandoning module HotReload (99)
[2016.09.15-15.07.10:683][180]LogModuleManager: Shutting down and abandoning module MainFrame (98)
[2016.09.15-15.07.10:695][180]LogModuleManager: Shutting down and abandoning module LevelEditor (97)
[2016.09.15-15.07.10:708][180]LogModuleManager: Shutting down and abandoning module ContentBrowser (96)
[2016.09.15-15.07.10:711][180]LogModuleManager: Shutting down and abandoning module Paper2DEditor (95)
[2016.09.15-15.07.10:725][180]LogModuleManager: Shutting down and abandoning module UdpMessaging (94)
[2016.09.15-15.07.10:826][180]LogModuleManager: Shutting down and abandoning module LightPropagationVolumeRuntime (93)
[2016.09.15-15.07.10:826][180]LogModuleManager: Shutting down and abandoning module Paper2D (92)
[2016.09.15-15.07.10:840][180]LogModuleManager: Shutting down and abandoning module WindowsMoviePlayer (91)
[2016.09.15-15.07.10:840][180]LogModuleManager: Shutting down and abandoning module Media (90)
[2016.09.15-15.07.10:840][180]LogModuleManager: Shutting down and abandoning module WmfMedia (89)
[2016.09.15-15.07.10:846][180]LogModuleManager: Shutting down and abandoning module MediaAssets (88)
[2016.09.15-15.07.10:846][180]LogModuleManager: Shutting down and abandoning module GameLiveStreaming (87)
[2016.09.15-15.07.10:846][180]LogModuleManager: Shutting down and abandoning module GameplayTagsEditor (86)
[2016.09.15-15.07.10:846][180]LogModuleManager: Shutting down and abandoning module OnlineBlueprintSupport (85)
[2016.09.15-15.07.10:846][180]LogModuleManager: Shutting down and abandoning module VREditor (84)
[2016.09.15-15.07.10:853][180]LogModuleManager: Shutting down and abandoning module GameplayTasksEditor (83)
[2016.09.15-15.07.10:853][180]LogModuleManager: Shutting down and abandoning module PropertyEditor (82)
[2016.09.15-15.07.10:854][180]LogModuleManager: Shutting down and abandoning module BehaviorTreeEditor (81)
[2016.09.15-15.07.10:882][180]LogModuleManager: Shutting down and abandoning module FunctionalTesting (80)
[2016.09.15-15.07.10:882][180]LogModuleManager: Shutting down and abandoning module CollisionAnalyzer (79)
[2016.09.15-15.07.10:917][180]LogModuleManager: Shutting down and abandoning module Sequencer (78)
[2016.09.15-15.07.10:951][180]LogModuleManager: Shutting down and abandoning module WorkspaceMenuStructure (77)
[2016.09.15-15.07.10:951][180]LogModuleManager: Shutting down and abandoning module MessageLog (76)
[2016.09.15-15.07.10:951][180]LogModuleManager: Shutting down and abandoning module AssetTools (75)
[2016.09.15-15.07.10:975][180]LogModuleManager: Shutting down and abandoning module UMGEditor (74)
[2016.09.15-15.07.11:017][180]LogModuleManager: Shutting down and abandoning module UMG (73)
[2016.09.15-15.07.11:050][180]LogModuleManager: Shutting down and abandoning module SlateReflector (72)
[2016.09.15-15.07.11:131][180]LogModuleManager: Shutting down and abandoning module Slate (71)
[2016.09.15-15.07.11:131][180]LogModuleManager: Shutting down and abandoning module EditorStyle (70)
[2016.09.15-15.07.11:137][180]LogModuleManager: Shutting down and abandoning module SourceCodeAccess (69)
[2016.09.15-15.07.11:137][180]LogModuleManager: Shutting down and abandoning module HeadMountedDisplay (68)
[2016.09.15-15.07.11:137][180]LogModuleManager: Shutting down and abandoning module XAudio2 (67)
[2016.09.15-15.07.11:137][180]LogModuleManager: Shutting down and abandoning module Networking (65)
[2016.09.15-15.07.11:137][180]LogModuleManager: Shutting down and abandoning module Core (64)
[2016.09.15-15.07.11:137][180]LogModuleManager: Shutting down and abandoning module DirectoryWatcher (63)
[2016.09.15-15.07.11:139][180]LogModuleManager: Shutting down and abandoning module AssetRegistry (62)
[2016.09.15-15.07.11:422][180]LogModuleManager: Shutting down and abandoning module KismetCompiler (61)
[2016.09.15-15.07.11:422][180]LogModuleManager: Shutting down and abandoning module PhysXFormats (60)
[2016.09.15-15.07.11:422][180]LogModuleManager: Shutting down and abandoning module MeshUtilities (59)
[2016.09.15-15.07.11:529][180]LogModuleManager: Shutting down and abandoning module DerivedDataCache (58)
[2016.09.15-15.07.11:589][180]LogDerivedDataCache: Shutdown
[2016.09.15-15.07.11:590][180]LogModuleManager: Shutting down and abandoning module VulkanShaderFormat (57)
[2016.09.15-15.07.11:606][180]LogModuleManager: Shutting down and abandoning module ShaderFormatOpenGL (56)
[2016.09.15-15.07.11:619][180]LogModuleManager: Shutting down and abandoning module ShaderFormatD3D (55)
[2016.09.15-15.07.11:627][180]LogModuleManager: Shutting down and abandoning module MetalShaderFormat (54)
[2016.09.15-15.07.11:640][180]LogModuleManager: Shutting down and abandoning module TextureFormatUncompressed (53)
[2016.09.15-15.07.11:640][180]LogModuleManager: Shutting down and abandoning module TextureFormatPVR (52)
[2016.09.15-15.07.11:649][180]LogModuleManager: Shutting down and abandoning module TextureFormatIntelISPCTexComp (51)
[2016.09.15-15.07.11:658][180]LogModuleManager: Shutting down and abandoning module TextureFormatDXT (50)
[2016.09.15-15.07.11:659][180]LogModuleManager: Shutting down and abandoning module ImageWrapper (49)
[2016.09.15-15.07.11:659][180]LogModuleManager: Shutting down and abandoning module TextureFormatASTC (48)
[2016.09.15-15.07.11:659][180]LogModuleManager: Shutting down and abandoning module TextureFormatAndroid (47)
[2016.09.15-15.07.11:659][180]LogModuleManager: Shutting down and abandoning module AudioFormatOpus (46)
[2016.09.15-15.07.11:674][180]LogModuleManager: Shutting down and abandoning module AudioFormatOgg (45)
[2016.09.15-15.07.11:690][180]LogModuleManager: Shutting down and abandoning module AudioFormatADPCM (44)
[2016.09.15-15.07.11:703][180]LogModuleManager: Shutting down and abandoning module LinuxTargetPlatform (43)
[2016.09.15-15.07.11:703][180]LogModuleManager: Shutting down and abandoning module LinuxServerTargetPlatform (42)
[2016.09.15-15.07.11:717][180]LogModuleManager: Shutting down and abandoning module LinuxNoEditorTargetPlatform (41)
[2016.09.15-15.07.11:732][180]LogModuleManager: Shutting down and abandoning module TVOSTargetPlatform (40)
[2016.09.15-15.07.11:732][180]LogModuleManager: Shutting down and abandoning module Messaging (39)
[2016.09.15-15.07.11:732][180]LogModuleManager: Shutting down and abandoning module IOSTargetPlatform (38)
[2016.09.15-15.07.11:732][180]LogModuleManager: Shutting down and abandoning module HTML5TargetPlatform (37)
[2016.09.15-15.07.11:733][180]LogModuleManager: Shutting down and abandoning module Android_PVRTCTargetPlatform (36)
[2016.09.15-15.07.11:733][180]LogModuleManager: Shutting down and abandoning module Android_MultiTargetPlatform (35)
[2016.09.15-15.07.11:743][180]LogModuleManager: Shutting down and abandoning module Android_ETC2TargetPlatform (34)
[2016.09.15-15.07.11:743][180]LogModuleManager: Shutting down and abandoning module Android_ETC1TargetPlatform (33)
[2016.09.15-15.07.11:743][180]LogModuleManager: Shutting down and abandoning module Android_DXTTargetPlatform (32)
[2016.09.15-15.07.11:743][180]LogModuleManager: Shutting down and abandoning module Android_ATCTargetPlatform (31)
[2016.09.15-15.07.11:743][180]LogModuleManager: Shutting down and abandoning module Android_ASTCTargetPlatform (30)
[2016.09.15-15.07.11:743][180]LogModuleManager: Shutting down and abandoning module AndroidTargetPlatform (29)
[2016.09.15-15.07.11:743][180]LogModuleManager: Shutting down and abandoning module WindowsTargetPlatform (28)
[2016.09.15-15.07.11:743][180]LogModuleManager: Shutting down and abandoning module WindowsServerTargetPlatform (27)
[2016.09.15-15.07.11:756][180]LogModuleManager: Shutting down and abandoning module WindowsNoEditorTargetPlatform (26)
[2016.09.15-15.07.11:756][180]LogModuleManager: Shutting down and abandoning module WindowsClientTargetPlatform (25)
[2016.09.15-15.07.11:763][180]LogModuleManager: Shutting down and abandoning module AllDesktopTargetPlatform (24)
[2016.09.15-15.07.11:763][180]LogModuleManager: Shutting down and abandoning module TargetPlatform (23)
[2016.09.15-15.07.11:771][180]LogModuleManager: Shutting down and abandoning module InputCore (22)
[2016.09.15-15.07.11:771][180]LogModuleManager: Shutting down and abandoning module Settings (21)
[2016.09.15-15.07.11:771][180]LogModuleManager: Shutting down and abandoning module OnlineSubsystem (19)
[2016.09.15-15.07.11:771][180]LogModuleManager: Shutting down and abandoning module HTTP (18)
[2016.09.15-15.07.16:314][180]LogModuleManager: Shutting down and abandoning module XMPP (17)
[2016.09.15-15.07.16:368][180]LogModuleManager: Shutting down and abandoning module OculusRift (16)
[2016.09.15-15.07.16:391][180]LogModuleManager: Shutting down and abandoning module ExampleDeviceProfileSelector (15)
[2016.09.15-15.07.16:391][180]LogModuleManager: Shutting down and abandoning module TextureCompressor (14)
[2016.09.15-15.07.16:402][180]LogModuleManager: Shutting down and abandoning module ShaderCore (13)
[2016.09.15-15.07.16:402][180]LogModuleManager: Shutting down and abandoning module Landscape (12)
[2016.09.15-15.07.16:402][180]LogModuleManager: Shutting down and abandoning module SlateRHIRenderer (11)
[2016.09.15-15.07.16:442][180]LogModuleManager: Shutting down and abandoning module OpenGLDrv (10)
[2016.09.15-15.07.16:451][180]LogModuleManager: Shutting down and abandoning module D3D11RHI (9)
[2016.09.15-15.07.16:451][180]LogModuleManager: Shutting down and abandoning module AnimGraphRuntime (8)
[2016.09.15-15.07.16:451][180]LogModuleManager: Shutting down and abandoning module Renderer (7)
[2016.09.15-15.07.16:451][180]LogModuleManager: Shutting down and abandoning module Engine (6)
[2016.09.15-15.07.16:451][180]LogModuleManager: Shutting down and abandoning module CoreUObject (5)
[2016.09.15-15.07.16:451][180]LogModuleManager: Shutting down and abandoning module NetworkFile (4)
[2016.09.15-15.07.16:461][180]LogModuleManager: Shutting down and abandoning module StreamingFile (3)
[2016.09.15-15.07.16:462][180]LogModuleManager: Shutting down and abandoning module SandboxFile (2)
[2016.09.15-15.07.16:467][180]LogModuleManager: Shutting down and abandoning module PakFile (1)
[2016.09.15-15.07.16:513][180]LogExit: Exiting.
[2016.09.15-15.07.16:520][180]Log file closed, 09/15/16 18:07:16
