Log file open, 09/16/16 15:54:55
LogInit:Display: Running engine for game: BlueprintIntro
LogPlatformFile: Not using cached read wrapper
LogInit:Display: RandInit(591795130) SRandInit(591795132).
LogTaskGraph: Started task graph with 4 named threads and 5 total threads with 1 sets of task threads.
LogStats: Stats thread started at 0.068036
LogInit: Version: 4.12.5-3039270+++UE4+Release-4.12
LogInit: API Version: 2992821
LogInit: Net Version: 3039270
LogDevObjectVersion: Number of dev versions registered: 13
LogDevObjectVersion:   Dev-Blueprints (B0D832E4-1F89-4F0D-ACCF-7EB736FD4AA2): 3
LogDevObjectVersion:   Dev-Build (E1C64328-A22C-4D53-A36C-8E866417BD8C): 0
LogDevObjectVersion:   Dev-Core (375EC13C-06E4-48FB-B500-84F0262A717E): 1
LogDevObjectVersion:   Dev-Editor (E4B068ED-F494-42E9-A231-DA0B2E46BB41): 2
LogDevObjectVersion:   Dev-Framework (CFFC743F-43B0-4480-9391-14DF171D2073): 6
LogDevObjectVersion:   Dev-Mobile (B02B49B5-BB20-44E9-A304-32B752E40360): 0
LogDevObjectVersion:   Dev-Networking (A4E4105C-59A1-49B5-A7C5-40C4547EDFEE): 0
LogDevObjectVersion:   Dev-Online (39C831C9-5AE6-47DC-9A44-9C173E1C8E7C): 0
LogDevObjectVersion:   Dev-Physics (78F01B33-EBEA-4F98-B9B4-84EACCB95AA2): 0
LogDevObjectVersion:   Dev-Platform (6631380F-2D4D-43E0-8009-CF276956A95A): 0
LogDevObjectVersion:   Dev-Rendering (12F88B9F-8875-4AFC-A67C-D90C383ABD29): 2
LogDevObjectVersion:   Dev-Sequencer (7B5AE74C-D270-4C10-A958-57980B212A5A): 0
LogDevObjectVersion:   Dev-VR (D7296918-1DD6-4BDD-9DE2-64A83CC13884): 0
LogInit: Compiled (64-bit): Jul  6 2016 09:09:46
LogInit: Compiled with Visual C++: 19.00.23026.00
LogInit: Build Configuration: Development
LogInit: Branch Name: ++UE4+Release-4.12
LogInit: Command line:  
LogInit: Base directory: F:/Program Files/Epic Games/4.12/Engine/Binaries/Win64/
LogInit: Installed Engine Build: 1
LogInit: Using libcurl 7.41.0
LogInit:  - built for x86_64-pc-win32
LogInit:  - supports SSL with WinSSL
LogInit:  - other features:
LogInit:      CURL_VERSION_SSL
LogInit:      CURL_VERSION_IPV6
LogInit:      CURL_VERSION_ASYNCHDNS
LogInit:      CURL_VERSION_LARGEFILE
LogInit:      CURL_VERSION_IDN
LogInit:  CurlRequestOptions (configurable via config and command line):
LogInit:  - bVerifyPeer = true  - Libcurl will verify peer certificate
LogInit:  - bUseHttpProxy = false  - Libcurl will NOT use HTTP proxy
LogInit:  - bDontReuseConnections = false  - Libcurl will reuse connections
LogInit:  - CertBundlePath = nullptr  - Libcurl will use whatever was configured at build time.
LogInit: Presizing for max 8388607 objects, including 0 objects not considered by GC, pre-allocating 0 bytes for permanent pool.
LogInit: Object subsystem initialized
[2016.09.16-12.54.56:105][  0]LogInit: Selected Device Profile: [Windows]
[2016.09.16-12.54.56:105][  0]LogInit: Applying CVar settings loaded from the selected device profile: [Windows]
[2016.09.16-12.54.56:134][  0]LogInit: Computer: NB-ADE
[2016.09.16-12.54.56:134][  0]LogInit: User: ade
[2016.09.16-12.54.56:134][  0]LogInit: CPU Page size=65536, Cores=2
[2016.09.16-12.54.56:134][  0]LogInit: High frequency timer resolution =2.435874 MHz
[2016.09.16-12.54.56:134][  0]LogMemory: Memory total: Physical=7.9GB (8GB approx)
[2016.09.16-12.54.56:134][  0]LogMemory: Platform Memory Stats for Windows
[2016.09.16-12.54.56:134][  0]LogMemory: Process Physical Memory: 187.73 MB used, 187.73 MB peak
[2016.09.16-12.54.56:134][  0]LogMemory: Process Virtual Memory: 194.53 MB used, 194.53 MB peak
[2016.09.16-12.54.56:134][  0]LogMemory: Physical Memory: 7179.29 MB used, 8126.36 MB total
[2016.09.16-12.54.56:134][  0]LogMemory: Virtual Memory: 531.93 MB used, 134217728.00 MB total
[2016.09.16-12.54.56:218][  0]LogTextLocalizationManager: No specific translations for ('en-US') exist, so ('en') translations will be used.
[2016.09.16-12.54.56:995][  0]LogD3D11RHI: D3D11 adapters:
[2016.09.16-12.54.57:001][  0]LogD3D11RHI:    0. 'Intel(R) HD Graphics 3000' (Feature Level 10_0)
[2016.09.16-12.54.57:001][  0]LogD3D11RHI:       0/0/1632 MB DedicatedVideo/DedicatedSystem/SharedSystem, Outputs:1, VendorId:0x8086
[2016.09.16-12.54.57:004][  0]LogD3D11RHI:    1. 'Microsoft Basic Render Driver' (Feature Level 11_0)
[2016.09.16-12.54.57:005][  0]LogD3D11RHI:       0/0/256 MB DedicatedVideo/DedicatedSystem/SharedSystem, Outputs:0, VendorId:0x1414
[2016.09.16-12.54.57:005][  0]LogD3D11RHI: Chosen D3D11 Adapter: 0
[2016.09.16-12.54.57:013][  0]LogD3D11RHI: Creating new Direct3DDevice
[2016.09.16-12.54.57:013][  0]LogD3D11RHI:     GPU DeviceId: 0x126 (for the marketing name, search the web for "GPU Device Id")
[2016.09.16-12.54.57:013][  0]LogWindows: EnumDisplayDevices:
[2016.09.16-12.54.57:013][  0]LogWindows:    0. 'Intel(R) HD Graphics 3000' (P:1 D:1)
[2016.09.16-12.54.57:014][  0]LogWindows:    1. 'Intel(R) HD Graphics 3000' (P:0 D:0)
[2016.09.16-12.54.57:014][  0]LogWindows: DebugString: FoundDriverCount:2 
[2016.09.16-12.54.57:014][  0]LogD3D11RHI:     Adapter Name: Intel(R) HD Graphics 3000
[2016.09.16-12.54.57:014][  0]LogD3D11RHI:   Driver Version: 9.17.10.4229 (internal:9.17.10.4229, unified:9.17.10.4229)
[2016.09.16-12.54.57:014][  0]LogD3D11RHI:      Driver Date: 5-28-2015
[2016.09.16-12.54.57:014][  0]LogRHI: Texture pool is 571 MB (70% of 816 MB)
[2016.09.16-12.54.57:018][  0]LogD3D11RHI: Async texture creation enabled
[2016.09.16-12.54.57:044][  0]LogD3D11RHI: GPU Timing Frequency: 12.500000 (Debug: 2 1)
[2016.09.16-12.54.57:044][  0]LogShaderCompilers: Guid format shader working directory is -8 characters bigger than the processId version (C:/Users/ade.KYIV/Documents/Unreal Projects/BlueprintIntro/Intermediate/Shaders/WorkingDirectory/2580/).
[2016.09.16-12.54.57:045][  0]LogShaderCompilers: Cleaned the shader compiler working directory 'C:/Users/ADE~1.KYI/AppData/Local/Temp/UnrealShaderWorkingDir/43B75E4F43F7BD961B7B9F8B38426616/'.
[2016.09.16-12.54.57:045][  0]LogShaderCompilers:Display: Using Local Shader Compiler.
[2016.09.16-12.54.59:254][  0]LogTemp:Display: Loaded TP AllDesktopTargetPlatform
[2016.09.16-12.54.59:269][  0]LogTemp:Display: Loaded TP WindowsClientTargetPlatform
[2016.09.16-12.54.59:286][  0]LogTemp:Display: Loaded TP WindowsNoEditorTargetPlatform
[2016.09.16-12.54.59:304][  0]LogTemp:Display: Loaded TP WindowsServerTargetPlatform
[2016.09.16-12.54.59:323][  0]LogTemp:Display: Loaded TP WindowsTargetPlatform
[2016.09.16-12.54.59:340][  0]LogTemp:Display: Loaded TP AndroidTargetPlatform
[2016.09.16-12.54.59:356][  0]LogTemp:Display: Loaded TP Android_ASTCTargetPlatform
[2016.09.16-12.54.59:372][  0]LogTemp:Display: Loaded TP Android_ATCTargetPlatform
[2016.09.16-12.54.59:384][  0]LogTemp:Display: Loaded TP Android_DXTTargetPlatform
[2016.09.16-12.54.59:399][  0]LogTemp:Display: Loaded TP Android_ETC1TargetPlatform
[2016.09.16-12.54.59:412][  0]LogTemp:Display: Loaded TP Android_ETC2TargetPlatform
[2016.09.16-12.54.59:442][  0]LogTemp:Display: Loaded TP Android_MultiTargetPlatform
[2016.09.16-12.54.59:442][  0]LogTemp:Display: Loaded TP Android_PVRTCTargetPlatform
[2016.09.16-12.54.59:444][  0]LogTemp:Display: Loaded TP HTML5TargetPlatform
[2016.09.16-12.54.59:476][  0]LogTemp:Display: Loaded TP IOSTargetPlatform
[2016.09.16-12.54.59:491][  0]LogTemp:Display: Loaded TP TVOSTargetPlatform
[2016.09.16-12.54.59:504][  0]LogTemp:Display: Loaded TP LinuxNoEditorTargetPlatform
[2016.09.16-12.54.59:516][  0]LogTemp:Display: Loaded TP LinuxServerTargetPlatform
[2016.09.16-12.54.59:529][  0]LogTemp:Display: Loaded TP LinuxTargetPlatform
[2016.09.16-12.54.59:529][  0]LogTargetPlatformManager:Display: Building Assets For Windows
[2016.09.16-12.54.59:679][  0]LogDerivedDataCache:Display: Max Cache Size: 512 MB
[2016.09.16-12.54.59:795][  0]LogDerivedDataCache: Loaded boot cache 0.12s 42MB C:/Users/ade.KYIV/AppData/Local/UnrealEngine/4.12/DerivedDataCache/Boot.ddc.
[2016.09.16-12.54.59:795][  0]LogDerivedDataCache:Display: Loaded Boot cache: C:/Users/ade.KYIV/AppData/Local/UnrealEngine/4.12/DerivedDataCache/Boot.ddc
[2016.09.16-12.54.59:796][  0]LogDerivedDataCache: FDerivedDataBackendGraph:  Pak pak cache file C:/Users/ade.KYIV/Documents/Unreal Projects/BlueprintIntro/DerivedDataCache/DDC.ddp not found, will not use a pak cache.
[2016.09.16-12.54.59:796][  0]LogDerivedDataCache: Unable to find inner node Pak for hierarchical cache Hierarchy.
[2016.09.16-12.54.59:796][  0]LogDerivedDataCache: FDerivedDataBackendGraph:  CompressedPak pak cache file C:/Users/ade.KYIV/Documents/Unreal Projects/BlueprintIntro/DerivedDataCache/Compressed.ddp not found, will not use a pak cache.
[2016.09.16-12.54.59:796][  0]LogDerivedDataCache: Unable to find inner node CompressedPak for hierarchical cache Hierarchy.
[2016.09.16-12.54.59:832][  0]LogDerivedDataCache:Display: Pak cache opened for reading ../../../Engine/DerivedDataCache/Compressed.ddp.
[2016.09.16-12.54.59:846][  0]LogDerivedDataCache: Using Local data cache path C:/Users/ade.KYIV/AppData/Local/UnrealEngine/Common/DerivedDataCache: Writable
[2016.09.16-12.55.00:221][  0]LogInit: Selected Device Profile: [Windows]
[2016.09.16-12.55.00:223][  0]LogContentStreaming: Texture pool size is 0.00 MB
[2016.09.16-12.55.00:542][  0]LogMeshUtilities: No automatic mesh reduction module available
[2016.09.16-12.55.00:542][  0]LogMeshUtilities: No automatic mesh merging module available
[2016.09.16-12.55.00:542][  0]LogMeshUtilities: No distributed automatic mesh merging module available
[2016.09.16-12.55.01:047][  0]LogAssetRegistry: FAssetRegistry took 0.0219 seconds to start up
[2016.09.16-12.55.01:238][  0]LogPackageLocalizationCache: Processed 3 localized package path(s) for 2 prioritized culture(s) in 0.186340 seconds
[2016.09.16-12.55.01:258][  0]LogUObjectArray: 28739 objects as part of root set at end of initial load.
[2016.09.16-12.55.01:258][  0]LogUObjectAllocator: 5855632 out of 0 bytes used by permanent object pool.
[2016.09.16-12.55.01:258][  0]LogUObjectArray: CloseDisregardForGC: 0/0 objects in disregard for GC pool
[2016.09.16-12.55.01:285][  0]LogInit: WinSock: version 1.1 (2.2), MaxSocks=32767, MaxUdp=65467
[2016.09.16-12.55.01:795][  0]LogSlate: SlateFontCache - WITH_FREETYPE: 1, WITH_HARFBUZZ: 1
[2016.09.16-12.55.01:795][  0]LogSlate: SlateFontCache - WITH_FREETYPE: 1, WITH_HARFBUZZ: 1
[2016.09.16-12.55.05:279][  0]LogUdpMessaging: Initializing bridge on interface 0.0.0.0:0 to multicast group 230.0.0.1:6666.
[2016.09.16-12.55.05:864][  0]SourceControl: Info Source control is disabled
[2016.09.16-12.55.06:001][  0]SourceControl: Info Source control is disabled
[2016.09.16-12.55.06:031][  0]SourceControl: Info Source control is disabled
[2016.09.16-12.55.06:057][  0]SourceControl: Info Source control is disabled
[2016.09.16-12.55.06:677][  0]LogEngine: Initializing Engine...
[2016.09.16-12.55.06:679][  0]LogHMD: SteamVR failed to initialize.  Err: 110
[2016.09.16-12.55.06:681][  0]LogHMD: SteamVR failed to initialize.  Err: 110
[2016.09.16-12.55.07:056][  0]LogAIModule: Creating AISystem for world NewWorld
[2016.09.16-12.55.07:066][  0]LogInit: XAudio2 using 'Speakers (Jabra UC VOICE 150a)' : 2 channels at 44.1 kHz using 16 bits per sample (channel mask 0x3)
[2016.09.16-12.55.07:080][  0]LogInit: FAudioDevice initialized.
[2016.09.16-12.55.07:130][  0]LogDerivedDataCache: Saved boot cache 0.05s 42MB C:/Users/ade.KYIV/AppData/Local/UnrealEngine/4.12/DerivedDataCache/Boot.ddc.
[2016.09.16-12.55.07:143][  0]LogInit: Texture streaming: Enabled
[2016.09.16-12.55.07:227][  0]LogInit: Transaction tracking system initialized
[2016.09.16-12.55.07:308][  0]BlueprintLog: New page: Editor Load
[2016.09.16-12.55.07:474][  0]LocalizationService: Info Localization service is disabled
[2016.09.16-12.55.07:615][  0]LogConsoleResponse:Display: 
[2016.09.16-12.55.07:870][  0]LogCook:Display: Max memory allowance for cook 8192mb
[2016.09.16-12.55.07:870][  0]LogCook:Display: Mobile HDR setting 1
[2016.09.16-12.55.08:243][  0]LogFileCache: Scanning file cache for directory 'C:/Users/ade.KYIV/Documents/Unreal Projects/BlueprintIntro/Content/' took 0.02s
[2016.09.16-12.55.08:243][  0]SourceControl: Info Source control is disabled
[2016.09.16-12.55.08:244][  0]Cmd: MAP LOAD FILE="C:/Users/ade.KYIV/Documents/Unreal Projects/BlueprintIntro/Content/ThirdPersonBP/Maps/ThirdPersonExampleMap.umap" TEMPLATE=0 SHOWPROGRESS=1 FEATURELEVEL=2
[2016.09.16-12.55.08:246][  0]LightingResults: New page: Lighting Build
[2016.09.16-12.55.08:260][  0]MapCheck: New page: Map Check
[2016.09.16-12.55.08:260][  0]LightingResults: New page: Lighting Build
[2016.09.16-12.55.09:598][  0]LogAIModule: Creating AISystem for world ThirdPersonExampleMap
[2016.09.16-12.55.09:628][  0]LogEditorServer: Finished looking for orphan Actors (0.000 secs)
[2016.09.16-12.55.09:629][  0]Cmd: MAP CHECKDEP NOCLEARLOG
[2016.09.16-12.55.09:898][  0]MapCheck: Info Map check complete: 0 Error(s), 0 Warning(s), took 269.231ms to complete.
[2016.09.16-12.55.09:899][  0]LogFileHelpers: Loading map 'ThirdPersonExampleMap' took 1.655
[2016.09.16-12.55.10:202][  0]LogCollectionManager: Loaded 0 collections in 0.003880 seconds
[2016.09.16-12.55.10:263][  0]LogFileCache: Scanning file cache for directory 'C:/Users/ade.KYIV/Documents/Unreal Projects/BlueprintIntro/Saved/Collections/' took 0.01s
[2016.09.16-12.55.10:263][  0]LogFileCache: Scanning file cache for directory 'C:/Users/ade.KYIV/Documents/Unreal Projects/BlueprintIntro/Content/Developers/ade/Collections/' took 0.02s
[2016.09.16-12.55.10:263][  0]LogFileCache: Scanning file cache for directory 'C:/Users/ade.KYIV/Documents/Unreal Projects/BlueprintIntro/Content/Collections/' took 0.02s
[2016.09.16-12.55.10:263][  0]LogCollectionManager: Rebuilt the GUID cache for 0 collections in 0.000004 seconds
[2016.09.16-12.55.10:282][  0]LogContentBrowser: Native class hierarchy populated in 0.0189 seconds. Added 2047 classes and 369 folders.
[2016.09.16-12.55.10:292][  0]LogStats: UGameplayTagsManager::ConstructGameplayTagTree: Construct from data asset -  0.000 s
[2016.09.16-12.55.10:292][  0]LogStats: UGameplayTagsManager::ConstructGameplayTagTree: GameplayTagTreeChangedEvent.Broadcast -  0.000 s
[2016.09.16-12.55.10:293][  0]LogContentBrowser: Native class hierarchy updated for 'GameplayTags' in 0.0009 seconds. Added 12 classes and 0 folders.
[2016.09.16-12.55.10:299][  0]LogContentBrowser: Native class hierarchy updated for 'WidgetCarousel' in 0.0005 seconds. Added 0 classes and 0 folders.
[2016.09.16-12.55.10:432][  0]LogContentBrowser: Native class hierarchy updated for 'AddContentDialog' in 0.0006 seconds. Added 0 classes and 0 folders.
[2016.09.16-12.55.10:442][  0]LogContentBrowser: Native class hierarchy updated for 'SceneOutliner' in 0.0006 seconds. Added 1 classes and 2 folders.
[2016.09.16-12.55.10:466][  0]LogCrashTracker: Crashtracker disabled due to settings.
[2016.09.16-12.55.10:477][  0]LogUObjectGlobals:Warning: Failed to find object 'Class None.'
[2016.09.16-12.55.10:513][  0]LogContentBrowser: Native class hierarchy updated for 'HierarchicalLODOutliner' in 0.0006 seconds. Added 1 classes and 2 folders.
[2016.09.16-12.55.10:513][  0]LogLoad: Full Startup: 15.43 seconds (BP compile: 0.25 seconds)
[2016.09.16-12.55.10:513][  0]LogExternalProfiler: Found external profiler: VSPerf
[2016.09.16-12.55.10:513][  0]LogExternalProfiler: Using external profiler: VSPerf
[2016.09.16-12.55.10:576][  0]LogWindowsTextInputMethodSystem:Display: IME system now deactivated.
[2016.09.16-12.55.10:576][  0]LogOcInput: OculusInput pre-init called
[2016.09.16-12.55.10:598][  0]LogContentStreaming: Texture pool size now 400 MB
[2016.09.16-12.55.10:908][  0]LogRenderer: Reallocating scene render targets to support 1224x588 (Frame:2).
[2016.09.16-12.55.12:583][  3]LogAssetRegistry: Asset discovery search completed in 11.5585 seconds
[2016.09.16-12.55.12:592][  3]LogCollectionManager: Rebuilt the object cache for 0 collections in 0.000002 seconds (found 0 objects)
[2016.09.16-12.55.12:592][  3]LogCollectionManager: Fixed up redirectors for 0 collections in 0.004414 seconds (updated 0 objects)
[2016.09.16-12.55.30:525][184]LogAIModule: Creating AISystem for world BP_LevelIntro
[2016.09.16-12.55.31:179][184]Cmd: MAP LOAD FILE="C:/Users/ade.KYIV/Documents/Unreal Projects/BlueprintIntro/Content/ThirdPersonBP/Maps/BP_LevelIntro.umap" TEMPLATE=0 SHOWPROGRESS=1 FEATURELEVEL=2
[2016.09.16-12.55.31:180][184]LightingResults: New page: Lighting Build
[2016.09.16-12.55.31:181][184]LoadErrors: New page: Loading map: BP_LevelIntro.umap
[2016.09.16-12.55.31:233][184]MapCheck: New page: Map Check
[2016.09.16-12.55.31:233][184]LightingResults: New page: Lighting Build
[2016.09.16-12.55.31:523][184]LogEditorServer: Finished looking for orphan Actors (0.000 secs)
[2016.09.16-12.55.31:576][184]Cmd: MAP CHECKDEP NOCLEARLOG
[2016.09.16-12.55.31:762][184]MapCheck: Info Map check complete: 0 Error(s), 0 Warning(s), took 185.192ms to complete.
[2016.09.16-12.55.31:772][184]LogFileHelpers: Loading map 'BP_LevelIntro' took 0.709
[2016.09.16-12.55.35:066][234]LogBlueprintUserMessages: Early PlayInEditor Detection: Level '/Game/ThirdPersonBP/Maps/BP_LevelIntro.BP_LevelIntro:PersistentLevel' has LevelScriptBlueprint '/Game/ThirdPersonBP/Maps/BP_LevelIntro.BP_LevelIntro:PersistentLevel.BP_LevelIntro' with GeneratedClass '/Game/ThirdPersonBP/Maps/BP_LevelIntro.BP_LevelIntro_C' with ClassGeneratedBy '/Game/ThirdPersonBP/Maps/BP_LevelIntro.BP_LevelIntro:PersistentLevel.BP_LevelIntro'
[2016.09.16-12.55.35:067][234]LogPlayLevel: PlayLevel: No blueprints needed recompiling
[2016.09.16-12.55.35:096][234]PIE: New page: PIE session: BP_LevelIntro (Sep 16, 2016, 5:55:35 PM)
[2016.09.16-12.55.35:097][234]LogPlayLevel: Creating play world package: /Game/ThirdPersonBP/Maps/UEDPIE_0_BP_LevelIntro
[2016.09.16-12.55.35:142][234]LogPlayLevel: PIE: StaticDuplicateObject took: (0.044995s)
[2016.09.16-12.55.35:143][234]LogAIModule: Creating AISystem for world BP_LevelIntro
[2016.09.16-12.55.35:143][234]LogPlayLevel: PIE: World Init took: (0.001074s)
[2016.09.16-12.55.35:163][234]LogPlayLevel: PIE: Created PIE world by copying editor world from /Game/ThirdPersonBP/Maps/BP_LevelIntro.BP_LevelIntro to /Game/ThirdPersonBP/Maps/UEDPIE_0_BP_LevelIntro.BP_LevelIntro (0.066098s)
[2016.09.16-12.55.35:237][234]LogInit: XAudio2 using 'Speakers (Jabra UC VOICE 150a)' : 2 channels at 44.1 kHz using 16 bits per sample (channel mask 0x3)
[2016.09.16-12.55.35:257][234]LogInit: FAudioDevice initialized.
[2016.09.16-12.55.35:594][234]LogWorld: Game class is 'ThirdPersonGameMode_C'
[2016.09.16-12.55.35:735][234]LogWorld: Bringing World /Game/ThirdPersonBP/Maps/UEDPIE_0_BP_LevelIntro.BP_LevelIntro up for play (max tick rate 60) at 2016.09.16-15.55.35
[2016.09.16-12.55.35:793][234]LogWorld: Bringing up level for play took: 0.092438
[2016.09.16-12.55.36:013][234]LogContentBrowser: Native class hierarchy updated for 'MovieSceneCapture' in 0.0010 seconds. Added 11 classes and 0 folders.
[2016.09.16-12.55.36:147][234]PIE: Info Play in editor start time for /Game/ThirdPersonBP/Maps/UEDPIE_0_BP_LevelIntro 2.028
[2016.09.16-12.55.36:147][234]LogBlueprintUserMessages: Late PlayInEditor Detection: Level '/Game/ThirdPersonBP/Maps/BP_LevelIntro.BP_LevelIntro:PersistentLevel' has LevelScriptBlueprint '/Game/ThirdPersonBP/Maps/BP_LevelIntro.BP_LevelIntro:PersistentLevel.BP_LevelIntro' with GeneratedClass '/Game/ThirdPersonBP/Maps/BP_LevelIntro.BP_LevelIntro_C' with ClassGeneratedBy '/Game/ThirdPersonBP/Maps/BP_LevelIntro.BP_LevelIntro:PersistentLevel.BP_LevelIntro'
[2016.09.16-12.55.41:118][320]LogBlueprintUserMessages: Early EndPlayMap Detection: Level '/Game/ThirdPersonBP/Maps/BP_LevelIntro.BP_LevelIntro:PersistentLevel' has LevelScriptBlueprint '/Game/ThirdPersonBP/Maps/BP_LevelIntro.BP_LevelIntro:PersistentLevel.BP_LevelIntro' with GeneratedClass '/Game/ThirdPersonBP/Maps/BP_LevelIntro.BP_LevelIntro_C' with ClassGeneratedBy '/Game/ThirdPersonBP/Maps/BP_LevelIntro.BP_LevelIntro:PersistentLevel.BP_LevelIntro'
[2016.09.16-12.55.41:342][320]LogBlueprintUserMessages: Late EndPlayMap Detection: Level '/Game/ThirdPersonBP/Maps/BP_LevelIntro.BP_LevelIntro:PersistentLevel' has LevelScriptBlueprint '/Game/ThirdPersonBP/Maps/BP_LevelIntro.BP_LevelIntro:PersistentLevel.BP_LevelIntro' with GeneratedClass '/Game/ThirdPersonBP/Maps/BP_LevelIntro.BP_LevelIntro_C' with ClassGeneratedBy '/Game/ThirdPersonBP/Maps/BP_LevelIntro.BP_LevelIntro:PersistentLevel.BP_LevelIntro'
[2016.09.16-12.55.44:266][367]LogEditorViewport: Clicking on Actor (LMB): AmbientSound (Starter_Background_Cue2)
[2016.09.16-12.55.57:485][558]Cmd: SELECT NONE
[2016.09.16-12.55.58:896][581]LogBlueprintUserMessages: Early PlayInEditor Detection: Level '/Game/ThirdPersonBP/Maps/BP_LevelIntro.BP_LevelIntro:PersistentLevel' has LevelScriptBlueprint '/Game/ThirdPersonBP/Maps/BP_LevelIntro.BP_LevelIntro:PersistentLevel.BP_LevelIntro' with GeneratedClass '/Game/ThirdPersonBP/Maps/BP_LevelIntro.BP_LevelIntro_C' with ClassGeneratedBy '/Game/ThirdPersonBP/Maps/BP_LevelIntro.BP_LevelIntro:PersistentLevel.BP_LevelIntro'
[2016.09.16-12.55.58:896][581]LogPlayLevel: PlayLevel: No blueprints needed recompiling
[2016.09.16-12.55.58:896][581]PIE: New page: PIE session: BP_LevelIntro (Sep 16, 2016, 5:55:58 PM)
[2016.09.16-12.55.58:896][581]LogPlayLevel: Creating play world package: /Game/ThirdPersonBP/Maps/UEDPIE_0_BP_LevelIntro
[2016.09.16-12.55.58:906][581]LogPlayLevel: PIE: StaticDuplicateObject took: (0.009567s)
[2016.09.16-12.55.58:907][581]LogAIModule: Creating AISystem for world BP_LevelIntro
[2016.09.16-12.55.58:908][581]LogPlayLevel: PIE: World Init took: (0.001485s)
[2016.09.16-12.55.58:908][581]LogPlayLevel: PIE: Created PIE world by copying editor world from /Game/ThirdPersonBP/Maps/BP_LevelIntro.BP_LevelIntro to /Game/ThirdPersonBP/Maps/UEDPIE_0_BP_LevelIntro.BP_LevelIntro (0.011467s)
[2016.09.16-12.55.59:005][581]LogInit: XAudio2 using 'Speakers (Jabra UC VOICE 150a)' : 2 channels at 44.1 kHz using 16 bits per sample (channel mask 0x3)
[2016.09.16-12.55.59:024][581]LogInit: FAudioDevice initialized.
[2016.09.16-12.55.59:127][581]LogWorld: Game class is 'ThirdPersonGameMode_C'
[2016.09.16-12.55.59:137][581]LogWorld: Bringing World /Game/ThirdPersonBP/Maps/UEDPIE_0_BP_LevelIntro.BP_LevelIntro up for play (max tick rate 60) at 2016.09.16-15.55.59
[2016.09.16-12.55.59:139][581]LogWorld: Bringing up level for play took: 0.010724
[2016.09.16-12.55.59:147][581]PIE: Info Play in editor start time for /Game/ThirdPersonBP/Maps/UEDPIE_0_BP_LevelIntro 1.028
[2016.09.16-12.55.59:147][581]LogBlueprintUserMessages: Late PlayInEditor Detection: Level '/Game/ThirdPersonBP/Maps/BP_LevelIntro.BP_LevelIntro:PersistentLevel' has LevelScriptBlueprint '/Game/ThirdPersonBP/Maps/BP_LevelIntro.BP_LevelIntro:PersistentLevel.BP_LevelIntro' with GeneratedClass '/Game/ThirdPersonBP/Maps/BP_LevelIntro.BP_LevelIntro_C' with ClassGeneratedBy '/Game/ThirdPersonBP/Maps/BP_LevelIntro.BP_LevelIntro:PersistentLevel.BP_LevelIntro'
[2016.09.16-12.56.01:144][619]LogBlueprintUserMessages: Early EndPlayMap Detection: Level '/Game/ThirdPersonBP/Maps/BP_LevelIntro.BP_LevelIntro:PersistentLevel' has LevelScriptBlueprint '/Game/ThirdPersonBP/Maps/BP_LevelIntro.BP_LevelIntro:PersistentLevel.BP_LevelIntro' with GeneratedClass '/Game/ThirdPersonBP/Maps/BP_LevelIntro.BP_LevelIntro_C' with ClassGeneratedBy '/Game/ThirdPersonBP/Maps/BP_LevelIntro.BP_LevelIntro:PersistentLevel.BP_LevelIntro'
[2016.09.16-12.56.01:225][619]LogBlueprintUserMessages: Late EndPlayMap Detection: Level '/Game/ThirdPersonBP/Maps/BP_LevelIntro.BP_LevelIntro:PersistentLevel' has LevelScriptBlueprint '/Game/ThirdPersonBP/Maps/BP_LevelIntro.BP_LevelIntro:PersistentLevel.BP_LevelIntro' with GeneratedClass '/Game/ThirdPersonBP/Maps/BP_LevelIntro.BP_LevelIntro_C' with ClassGeneratedBy '/Game/ThirdPersonBP/Maps/BP_LevelIntro.BP_LevelIntro:PersistentLevel.BP_LevelIntro'
[2016.09.16-12.56.03:908][661]LogText:Warning: Failed to parse argument "GameModeName" as a number (using "0" as a fallback). Please check your format string for errors: "GameMode: Edit {GameModeName}".
[2016.09.16-12.56.07:335][676]LogContentBrowser: Native class hierarchy updated for 'BlueprintGraph' in 0.0022 seconds. Added 111 classes and 0 folders.
[2016.09.16-12.58.58:934][548]LogMetaData: Removing '/Game/Blueprints/Light_BP.Light_BP:UserConstructionScript.K2Node_FunctionEntry_0' ref from Metadata '/Game/Blueprints/NewBlueprint.PackageMetaData'
[2016.09.16-12.58.58:934][548]LogMetaData: Removing '/Game/Blueprints/Light_BP.SKEL_Light_BP_C' ref from Metadata '/Game/Blueprints/NewBlueprint.PackageMetaData'
[2016.09.16-12.58.58:934][548]LogMetaData: Removing '/Game/Blueprints/Light_BP.Light_BP_C' ref from Metadata '/Game/Blueprints/NewBlueprint.PackageMetaData'
[2016.09.16-12.58.58:934][548]LogMetaData: Removing '/Game/Blueprints/Light_BP.Light_BP:EventGraph.K2Node_Event_0' ref from Metadata '/Game/Blueprints/NewBlueprint.PackageMetaData'
[2016.09.16-12.58.58:934][548]LogMetaData: Removing '/Game/Blueprints/Light_BP.Light_BP:EventGraph.K2Node_Event_1' ref from Metadata '/Game/Blueprints/NewBlueprint.PackageMetaData'
[2016.09.16-12.58.58:934][548]LogMetaData: Removing '/Game/Blueprints/Light_BP.Light_BP:EventGraph.K2Node_Event_2' ref from Metadata '/Game/Blueprints/NewBlueprint.PackageMetaData'
[2016.09.16-12.58.59:053][548]Cmd: OBJ SAVEPACKAGE PACKAGE="/Game/Blueprints/Light_BP" FILE="C:/Users/ade.KYIV/Documents/Unreal Projects/BlueprintIntro/Content/Blueprints/Light_BP.uasset" SILENT=true
[2016.09.16-12.58.59:191][548]LogSavePackage: Save=111.52ms
[2016.09.16-12.58.59:191][548]LogSavePackage: Moving 'C:/Users/ade.KYIV/Documents/Unreal Projects/BlueprintIntro/Saved/Light_BP8BDCA488445C842E336E7E8D7D790625.tmp' to 'C:/Users/ade.KYIV/Documents/Unreal Projects/BlueprintIntro/Content/Blueprints/Light_BP.uasset'
[2016.09.16-12.58.59:194][548]LogSavePackage:Display: Finished SavePackage C:/Users/ade.KYIV/Documents/Unreal Projects/BlueprintIntro/Content/Blueprints/Light_BP.uasset
[2016.09.16-13.00.10:678][660]LogEditorViewport: Clicking on Actor (LMB): PointLight (LampLight)
[2016.09.16-13.01.21:734][207]LogText:Warning: Failed to parse argument "GameModeName" as a number (using "0" as a fallback). Please check your format string for errors: "GameMode: Edit {GameModeName}".
[2016.09.16-13.01.25:926][284]LogText:Warning: Failed to parse argument "GameModeName" as a number (using "0" as a fallback). Please check your format string for errors: "GameMode: Edit {GameModeName}".
[2016.09.16-13.01.37:119][408]LogEditorViewport: Clicking on Actor (context menu): StaticMeshActor (Wall_Door_400x300)
[2016.09.16-13.01.55:164][664]LogRenderer: Reallocating scene render targets to support 1224x900 (Frame:3656).
[2016.09.16-13.05.40:234][360]LogSavePackage: Save=443.19ms
[2016.09.16-13.05.40:234][360]LogSavePackage: Moving 'C:/Users/ade.KYIV/Documents/Unreal Projects/BlueprintIntro/Saved/BP_LevelIntro_Auto1C7175B194B2B80B4259C6F885E4BA122.tmp' to 'C:/Users/ade.KYIV/Documents/Unreal Projects/BlueprintIntro/Saved/Autosaves/Game/ThirdPersonBP/Maps/BP_LevelIntro_Auto1.umap'
[2016.09.16-13.05.40:241][360]LogSavePackage:Display: Finished SavePackage C:/Users/ade.KYIV/Documents/Unreal Projects/BlueprintIntro/Saved/Autosaves/Game/ThirdPersonBP/Maps/BP_LevelIntro_Auto1.umap
[2016.09.16-13.05.40:244][360]LogFileHelpers: Editor autosave (incl. sublevels) for '/Game/ThirdPersonBP/Maps/BP_LevelIntro' took 1.082
[2016.09.16-13.05.40:244][360]LogFileHelpers: Editor autosave (incl. sublevels) for all levels took 1.082
[2016.09.16-13.05.40:259][360]LogSavePackage: Save=2.07ms
[2016.09.16-13.05.40:259][360]LogSavePackage: Moving 'C:/Users/ade.KYIV/Documents/Unreal Projects/BlueprintIntro/Saved/NewBlueprint_Auto18E895B82437725E0F5BE0D98168CE3FE.tmp' to 'C:/Users/ade.KYIV/Documents/Unreal Projects/BlueprintIntro/Saved/Autosaves/Game/Blueprints/NewBlueprint_Auto1.uasset'
[2016.09.16-13.05.40:261][360]LogSavePackage:Display: Finished SavePackage C:/Users/ade.KYIV/Documents/Unreal Projects/BlueprintIntro/Saved/Autosaves/Game/Blueprints/NewBlueprint_Auto1.uasset
[2016.09.16-13.05.40:261][360]LogFileHelpers: Auto-saving content packages took 0.016
[2016.09.16-15.00.55:109][309]Cmd: OBJ SAVEPACKAGE PACKAGE="/Game/Blueprints/NewBlueprint" FILE="C:/Users/ade.KYIV/Documents/Unreal Projects/BlueprintIntro/Content/Blueprints/NewBlueprint.uasset" SILENT=true
[2016.09.16-15.00.55:131][309]LogSavePackage: Save=4.01ms
[2016.09.16-15.00.55:131][309]LogSavePackage: Moving 'C:/Users/ade.KYIV/Documents/Unreal Projects/BlueprintIntro/Saved/NewBlueprintF711213A4319BE5DF2190E9330CC9970.tmp' to 'C:/Users/ade.KYIV/Documents/Unreal Projects/BlueprintIntro/Content/Blueprints/NewBlueprint.uasset'
[2016.09.16-15.00.55:140][309]LogSavePackage:Display: Finished SavePackage C:/Users/ade.KYIV/Documents/Unreal Projects/BlueprintIntro/Content/Blueprints/NewBlueprint.uasset
[2016.09.16-15.00.55:734][309]LogSavePackage: Save=279.67ms
[2016.09.16-15.00.55:734][309]LogSavePackage: Moving 'C:/Users/ade.KYIV/Documents/Unreal Projects/BlueprintIntro/Saved/BP_LevelIntroEAEE7B454D20B8E8CFB05887C4CC5AA4.tmp' to 'C:/Users/ade.KYIV/Documents/Unreal Projects/BlueprintIntro/Content/ThirdPersonBP/Maps/BP_LevelIntro.umap'
[2016.09.16-15.00.55:743][309]LogSavePackage:Display: Finished SavePackage C:/Users/ade.KYIV/Documents/Unreal Projects/BlueprintIntro/Content/ThirdPersonBP/Maps/BP_LevelIntro.umap
[2016.09.16-15.00.55:779][309]LogFileHelpers: Saving map 'BP_LevelIntro' took 0.612
[2016.09.16-15.00.55:920][309]LogWindowsTextInputMethodSystem:Display: IME system now deactivated.
[2016.09.16-15.00.56:345][310]Cmd: QUIT_EDITOR
[2016.09.16-15.00.57:708][310]LogExit: Preparing to exit.
[2016.09.16-15.00.58:933][310]LogExit: Editor shut down
[2016.09.16-15.00.58:936][310]LogExit: Transaction tracking system shut down
[2016.09.16-15.01.01:970][310]LogObj: Freed 0b from 0 cluster array pools.
[2016.09.16-15.01.01:973][310]LogExit: Object subsystem successfully closed.
[2016.09.16-15.01.02:791][310]LogD3D11RHI: Shutdown
[2016.09.16-15.01.02:791][310]LogD3D11RHI: CleanupD3DDevice
[2016.09.16-15.01.03:155][310]LogD3D11RHI: ~FD3D11DynamicRHI
[2016.09.16-15.01.04:543][310]LogModuleManager: Shutting down and abandoning module BlueprintGraph (215)
[2016.09.16-15.01.04:549][310]LogModuleManager: Shutting down and abandoning module MovieSceneCapture (214)
[2016.09.16-15.01.04:549][310]LogModuleManager: Shutting down and abandoning module HierarchicalLODOutliner (213)
[2016.09.16-15.01.04:554][310]LogModuleManager: Shutting down and abandoning module CrashTracker (212)
[2016.09.16-15.01.04:554][310]LogModuleManager: Shutting down and abandoning module SceneOutliner (211)
[2016.09.16-15.01.04:566][310]LogModuleManager: Shutting down and abandoning module WidgetCarousel (210)
[2016.09.16-15.01.04:582][310]LogModuleManager: Shutting down and abandoning module AddContentDialog (209)
[2016.09.16-15.01.04:651][310]LogModuleManager: Shutting down and abandoning module GameplayTags (208)
[2016.09.16-15.01.04:651][310]LogModuleManager: Shutting down and abandoning module EditorWidgets (207)
[2016.09.16-15.01.04:651][310]LogModuleManager: Shutting down and abandoning module CollectionManager (206)
[2016.09.16-15.01.04:681][310]LogModuleManager: Shutting down and abandoning module StatsViewer (205)
[2016.09.16-15.01.04:739][310]LogModuleManager: Shutting down and abandoning module FoliageEdit (204)
[2016.09.16-15.01.04:751][310]LogModuleManager: Shutting down and abandoning module LandscapeEditor (203)
[2016.09.16-15.01.04:791][310]LogModuleManager: Shutting down and abandoning module SceneDepthPickerMode (202)
[2016.09.16-15.01.04:791][310]LogModuleManager: Shutting down and abandoning module ActorPickerMode (201)
[2016.09.16-15.01.04:791][310]LogModuleManager: Shutting down and abandoning module GeometryMode (200)
[2016.09.16-15.01.04:791][310]LogModuleManager: Shutting down and abandoning module TextureAlignMode (199)
[2016.09.16-15.01.04:791][310]LogModuleManager: Shutting down and abandoning module BspMode (198)
[2016.09.16-15.01.04:800][310]LogModuleManager: Shutting down and abandoning module HardwareSurvey (197)
[2016.09.16-15.01.04:808][310]LogModuleManager: Shutting down and abandoning module SequenceRecorderSections (196)
[2016.09.16-15.01.04:809][310]LogModuleManager: Shutting down and abandoning module SequenceRecorder (195)
[2016.09.16-15.01.04:831][310]LogModuleManager: Shutting down and abandoning module AutomationWorker (194)
[2016.09.16-15.01.04:831][310]LogModuleManager: Shutting down and abandoning module MatineeToLevelSequence (193)
[2016.09.16-15.01.04:836][310]LogModuleManager: Shutting down and abandoning module PlacementMode (192)
[2016.09.16-15.01.04:843][310]LogModuleManager: Shutting down and abandoning module LevelSequenceEditor (191)
[2016.09.16-15.01.04:893][310]LogModuleManager: Shutting down and abandoning module CharacterAI (190)
[2016.09.16-15.01.04:893][310]LogModuleManager: Shutting down and abandoning module SmartSnapping (189)
[2016.09.16-15.01.04:893][310]LogModuleManager: Shutting down and abandoning module SessionServices (188)
[2016.09.16-15.01.04:893][310]LogModuleManager: Shutting down and abandoning module ViewportSnapping (187)
[2016.09.16-15.01.04:893][310]LogModuleManager: Shutting down and abandoning module LogVisualizer (186)
[2016.09.16-15.01.04:927][310]LogModuleManager: Shutting down and abandoning module GameProjectGeneration (185)
[2016.09.16-15.01.04:994][310]LogModuleManager: Shutting down and abandoning module IntroTutorials (184)
[2016.09.16-15.01.04:998][310]LogModuleManager: Shutting down and abandoning module EditorLiveStreaming (183)
[2016.09.16-15.01.04:998][310]LogModuleManager: Shutting down and abandoning module IOSPlatformEditor (182)
[2016.09.16-15.01.05:006][310]LogModuleManager: Shutting down and abandoning module HTML5PlatformEditor (181)
[2016.09.16-15.01.05:006][310]LogModuleManager: Shutting down and abandoning module AndroidDeviceDetection (180)
[2016.09.16-15.01.05:593][310]LogModuleManager: Shutting down and abandoning module AndroidPlatformEditor (179)
[2016.09.16-15.01.05:637][310]LogModuleManager: Shutting down and abandoning module IOSRuntimeSettings (178)
[2016.09.16-15.01.05:638][310]LogModuleManager: Shutting down and abandoning module AndroidRuntimeSettings (177)
[2016.09.16-15.01.05:638][310]LogModuleManager: Shutting down and abandoning module MergeActors (176)
[2016.09.16-15.01.05:655][310]LogModuleManager: Shutting down and abandoning module SizeMap (175)
[2016.09.16-15.01.05:656][310]LogModuleManager: Shutting down and abandoning module TreeMap (174)
[2016.09.16-15.01.05:677][310]LogModuleManager: Shutting down and abandoning module ReferenceViewer (173)
[2016.09.16-15.01.05:687][310]LogModuleManager: Shutting down and abandoning module LocalizationService (172)
[2016.09.16-15.01.05:711][310]LogModuleManager: Shutting down and abandoning module LocalizationDashboard (171)
[2016.09.16-15.01.05:731][310]LogModuleManager: Shutting down and abandoning module HardwareTargeting (170)
[2016.09.16-15.01.05:732][310]LogModuleManager: Shutting down and abandoning module DeviceProfileEditor (169)
[2016.09.16-15.01.05:750][310]LogModuleManager: Shutting down and abandoning module UndoHistory (168)
[2016.09.16-15.01.05:765][310]LogModuleManager: Shutting down and abandoning module UserFeedback (167)
[2016.09.16-15.01.05:765][310]LogModuleManager: Shutting down and abandoning module XmlParser (166)
[2016.09.16-15.01.05:788][310]LogModuleManager: Shutting down and abandoning module Blutility (165)
[2016.09.16-15.01.05:800][310]LogModuleManager: Shutting down and abandoning module ProjectTargetPlatformEditor (164)
[2016.09.16-15.01.05:808][310]LogModuleManager: Shutting down and abandoning module ProjectSettingsViewer (163)
[2016.09.16-15.01.05:808][310]LogModuleManager: Shutting down and abandoning module InputBindingEditor (162)
[2016.09.16-15.01.05:826][310]LogModuleManager: Shutting down and abandoning module EditorSettingsViewer (161)
[2016.09.16-15.01.05:826][310]LogModuleManager: Shutting down and abandoning module SettingsEditor (160)
[2016.09.16-15.01.05:913][310]LogModuleManager: Shutting down and abandoning module ProjectLauncher (159)
[2016.09.16-15.01.05:937][310]LogModuleManager: Shutting down and abandoning module SessionFrontend (158)
[2016.09.16-15.01.05:958][310]LogModuleManager: Shutting down and abandoning module ProfilerClient (157)
[2016.09.16-15.01.05:988][310]LogModuleManager: Shutting down and abandoning module TargetDeviceServices (156)
[2016.09.16-15.01.05:989][310]LogModuleManager: Shutting down and abandoning module DeviceManager (155)
[2016.09.16-15.01.06:070][310]LogModuleManager: Shutting down and abandoning module AutomationController (154)
[2016.09.16-15.01.06:103][310]LogModuleManager: Shutting down and abandoning module AutomationWindow (153)
[2016.09.16-15.01.06:141][310]LogModuleManager: Shutting down and abandoning module Layers (152)
[2016.09.16-15.01.06:216][310]LogModuleManager: Shutting down and abandoning module ComponentVisualizers (151)
[2016.09.16-15.01.06:217][310]LogModuleManager: Shutting down and abandoning module DetailCustomizations (150)
[2016.09.16-15.01.06:258][310]LogModuleManager: Shutting down and abandoning module PackagesDialog (149)
[2016.09.16-15.01.06:259][310]LogModuleManager: Shutting down and abandoning module Persona (148)
[2016.09.16-15.01.06:359][310]LogModuleManager: Shutting down and abandoning module Kismet (147)
[2016.09.16-15.01.06:373][310]LogModuleManager: Shutting down and abandoning module GraphEditor (146)
[2016.09.16-15.01.06:373][310]LogModuleManager: Shutting down and abandoning module ClassViewer (145)
[2016.09.16-15.01.06:374][310]LogModuleManager: Shutting down and abandoning module Toolbox (144)
[2016.09.16-15.01.06:384][310]LogModuleManager: Shutting down and abandoning module ModuleUI (143)
[2016.09.16-15.01.06:413][310]LogModuleManager: Shutting down and abandoning module MovieSceneTools (142)
[2016.09.16-15.01.06:451][310]LogModuleManager: Shutting down and abandoning module OutputLog (141)
[2016.09.16-15.01.06:471][310]LogModuleManager: Shutting down and abandoning module GammaUI (140)
[2016.09.16-15.01.06:504][310]LogModuleManager: Shutting down and abandoning module Documentation (139)
[2016.09.16-15.01.06:504][310]LogModuleManager: Shutting down and abandoning module StreamingPauseRendering (138)
[2016.09.16-15.01.06:504][310]LogModuleManager: Shutting down and abandoning module AnalyticsET (137)
[2016.09.16-15.01.06:504][310]LogModuleManager: Shutting down and abandoning module Analytics (136)
[2016.09.16-15.01.06:504][310]LogModuleManager: Shutting down and abandoning module PortalServices (135)
[2016.09.16-15.01.06:504][310]LogModuleManager: Shutting down and abandoning module PortalRpc (134)
[2016.09.16-15.01.06:505][310]LogModuleManager: Shutting down and abandoning module MessagingRpc (133)
[2016.09.16-15.01.06:505][310]LogModuleManager: Shutting down and abandoning module GameplayDebugger (132)
[2016.09.16-15.01.06:505][310]LogModuleManager: Shutting down and abandoning module AITestSuite (131)
[2016.09.16-15.01.06:520][310]LogModuleManager: Shutting down and abandoning module AIModule (130)
[2016.09.16-15.01.06:520][310]LogModuleManager: Shutting down and abandoning module ProfilerService (129)
[2016.09.16-15.01.06:592][310]LogModuleManager: Shutting down and abandoning module TaskGraph (128)
[2016.09.16-15.01.06:661][310]LogModuleManager: Shutting down and abandoning module SlateRemote (127)
[2016.09.16-15.01.06:661][310]LogModuleManager: Shutting down and abandoning module SteamVRController (126)
[2016.09.16-15.01.06:661][310]LogModuleManager: Shutting down and abandoning module SteamVR (125)
[2016.09.16-15.01.06:661][310]LogModuleManager: Shutting down and abandoning module ProceduralMeshComponent (124)
[2016.09.16-15.01.06:661][310]LogModuleManager: Shutting down and abandoning module OculusLibrary (123)
[2016.09.16-15.01.06:661][310]LogModuleManager: Shutting down and abandoning module OculusInput (122)
[2016.09.16-15.01.06:662][310]LogModuleManager: Shutting down and abandoning module CustomMeshComponent (121)
[2016.09.16-15.01.06:662][310]LogModuleManager: Shutting down and abandoning module CableComponent (120)
[2016.09.16-15.01.06:662][310]LogModuleManager: Shutting down and abandoning module ArchVisCharacter (119)
[2016.09.16-15.01.06:662][310]LogModuleManager: Shutting down and abandoning module MediaPlayerEditor (118)
[2016.09.16-15.01.06:742][310]LogModuleManager: Shutting down and abandoning module HTML5Networking (117)
[2016.09.16-15.01.06:742][310]LogModuleManager: Shutting down and abandoning module SuperSearch (116)
[2016.09.16-15.01.06:742][310]LogModuleManager: Shutting down and abandoning module SuperSearchEditor (115)
[2016.09.16-15.01.06:742][310]LogModuleManager: Shutting down and abandoning module SpeedTreeImporter (114)
[2016.09.16-15.01.06:742][310]LogModuleManager: Shutting down and abandoning module PluginBrowser (113)
[2016.09.16-15.01.06:809][310]LogModuleManager: Shutting down and abandoning module EpicSurvey (112)
[2016.09.16-15.01.06:809][310]LogModuleManager: Shutting down and abandoning module DesktopPlatform (111)
[2016.09.16-15.01.06:836][310]LogModuleManager: Shutting down and abandoning module VisualStudioSourceCodeAccess (110)
[2016.09.16-15.01.06:865][310]LogModuleManager: Shutting down and abandoning module UObjectPlugin (109)
[2016.09.16-15.01.06:865][310]LogModuleManager: Shutting down and abandoning module SubversionSourceControl (108)
[2016.09.16-15.01.06:886][310]LogModuleManager: Shutting down and abandoning module PerforceSourceControl (107)
[2016.09.16-15.01.06:927][310]LogModuleManager: Shutting down and abandoning module SourceControl (106)
[2016.09.16-15.01.06:955][310]LogModuleManager: Shutting down and abandoning module GitSourceControl (105)
[2016.09.16-15.01.06:984][310]LogModuleManager: Shutting down and abandoning module LightPropagationVolumeEditor (104)
[2016.09.16-15.01.06:984][310]LogModuleManager: Shutting down and abandoning module PaperTiledImporter (103)
[2016.09.16-15.01.06:994][310]LogModuleManager: Shutting down and abandoning module PaperSpriteSheetImporter (102)
[2016.09.16-15.01.06:994][310]LogModuleManager: Shutting down and abandoning module MeshPaint (101)
[2016.09.16-15.01.07:000][310]LogModuleManager: Shutting down and abandoning module PixelInspectorModule (100)
[2016.09.16-15.01.07:036][310]LogModuleManager: Shutting down and abandoning module HotReload (99)
[2016.09.16-15.01.07:076][310]LogModuleManager: Shutting down and abandoning module MainFrame (98)
[2016.09.16-15.01.07:088][310]LogModuleManager: Shutting down and abandoning module LevelEditor (97)
[2016.09.16-15.01.07:127][310]LogModuleManager: Shutting down and abandoning module ContentBrowser (96)
[2016.09.16-15.01.07:130][310]LogModuleManager: Shutting down and abandoning module Paper2DEditor (95)
[2016.09.16-15.01.07:163][310]LogModuleManager: Shutting down and abandoning module UdpMessaging (94)
[2016.09.16-15.01.07:264][310]LogModuleManager: Shutting down and abandoning module LightPropagationVolumeRuntime (93)
[2016.09.16-15.01.07:264][310]LogModuleManager: Shutting down and abandoning module Paper2D (92)
[2016.09.16-15.01.07:277][310]LogModuleManager: Shutting down and abandoning module WindowsMoviePlayer (91)
[2016.09.16-15.01.07:277][310]LogModuleManager: Shutting down and abandoning module Media (90)
[2016.09.16-15.01.07:277][310]LogModuleManager: Shutting down and abandoning module WmfMedia (89)
[2016.09.16-15.01.07:316][310]LogModuleManager: Shutting down and abandoning module MediaAssets (88)
[2016.09.16-15.01.07:316][310]LogModuleManager: Shutting down and abandoning module GameLiveStreaming (87)
[2016.09.16-15.01.07:327][310]LogModuleManager: Shutting down and abandoning module GameplayTagsEditor (86)
[2016.09.16-15.01.07:327][310]LogModuleManager: Shutting down and abandoning module OnlineBlueprintSupport (85)
[2016.09.16-15.01.07:327][310]LogModuleManager: Shutting down and abandoning module VREditor (84)
[2016.09.16-15.01.07:335][310]LogModuleManager: Shutting down and abandoning module GameplayTasksEditor (83)
[2016.09.16-15.01.07:335][310]LogModuleManager: Shutting down and abandoning module PropertyEditor (82)
[2016.09.16-15.01.07:353][310]LogModuleManager: Shutting down and abandoning module BehaviorTreeEditor (81)
[2016.09.16-15.01.07:388][310]LogModuleManager: Shutting down and abandoning module FunctionalTesting (80)
[2016.09.16-15.01.07:388][310]LogModuleManager: Shutting down and abandoning module CollisionAnalyzer (79)
[2016.09.16-15.01.07:472][310]LogModuleManager: Shutting down and abandoning module Sequencer (78)
[2016.09.16-15.01.07:522][310]LogModuleManager: Shutting down and abandoning module WorkspaceMenuStructure (77)
[2016.09.16-15.01.07:522][310]LogModuleManager: Shutting down and abandoning module MessageLog (76)
[2016.09.16-15.01.07:522][310]LogModuleManager: Shutting down and abandoning module AssetTools (75)
[2016.09.16-15.01.07:598][310]LogModuleManager: Shutting down and abandoning module UMGEditor (74)
[2016.09.16-15.01.07:653][310]LogModuleManager: Shutting down and abandoning module UMG (73)
[2016.09.16-15.01.07:687][310]LogModuleManager: Shutting down and abandoning module SlateReflector (72)
[2016.09.16-15.01.07:742][310]LogModuleManager: Shutting down and abandoning module Slate (71)
[2016.09.16-15.01.07:742][310]LogModuleManager: Shutting down and abandoning module EditorStyle (70)
[2016.09.16-15.01.07:842][310]LogModuleManager: Shutting down and abandoning module SourceCodeAccess (69)
[2016.09.16-15.01.07:853][310]LogModuleManager: Shutting down and abandoning module HeadMountedDisplay (68)
[2016.09.16-15.01.07:853][310]LogModuleManager: Shutting down and abandoning module XAudio2 (67)
[2016.09.16-15.01.07:853][310]LogModuleManager: Shutting down and abandoning module Networking (65)
[2016.09.16-15.01.07:853][310]LogModuleManager: Shutting down and abandoning module Core (64)
[2016.09.16-15.01.07:853][310]LogModuleManager: Shutting down and abandoning module DirectoryWatcher (63)
[2016.09.16-15.01.07:892][310]LogModuleManager: Shutting down and abandoning module AssetRegistry (62)
[2016.09.16-15.01.08:136][310]LogModuleManager: Shutting down and abandoning module KismetCompiler (61)
[2016.09.16-15.01.08:136][310]LogModuleManager: Shutting down and abandoning module PhysXFormats (60)
[2016.09.16-15.01.08:155][310]LogModuleManager: Shutting down and abandoning module MeshUtilities (59)
[2016.09.16-15.01.08:177][310]LogModuleManager: Shutting down and abandoning module DerivedDataCache (58)
[2016.09.16-15.01.08:292][310]LogDerivedDataCache: Shutdown
[2016.09.16-15.01.08:292][310]LogModuleManager: Shutting down and abandoning module VulkanShaderFormat (57)
[2016.09.16-15.01.08:330][310]LogModuleManager: Shutting down and abandoning module ShaderFormatOpenGL (56)
[2016.09.16-15.01.08:344][310]LogModuleManager: Shutting down and abandoning module ShaderFormatD3D (55)
[2016.09.16-15.01.08:352][310]LogModuleManager: Shutting down and abandoning module MetalShaderFormat (54)
[2016.09.16-15.01.08:366][310]LogModuleManager: Shutting down and abandoning module TextureFormatUncompressed (53)
[2016.09.16-15.01.08:366][310]LogModuleManager: Shutting down and abandoning module TextureFormatPVR (52)
[2016.09.16-15.01.08:374][310]LogModuleManager: Shutting down and abandoning module TextureFormatIntelISPCTexComp (51)
[2016.09.16-15.01.08:497][310]LogModuleManager: Shutting down and abandoning module TextureFormatDXT (50)
[2016.09.16-15.01.08:510][310]LogModuleManager: Shutting down and abandoning module ImageWrapper (49)
[2016.09.16-15.01.08:510][310]LogModuleManager: Shutting down and abandoning module TextureFormatASTC (48)
[2016.09.16-15.01.08:514][310]LogModuleManager: Shutting down and abandoning module TextureFormatAndroid (47)
[2016.09.16-15.01.08:520][310]LogModuleManager: Shutting down and abandoning module AudioFormatOpus (46)
[2016.09.16-15.01.08:521][310]LogModuleManager: Shutting down and abandoning module AudioFormatOgg (45)
[2016.09.16-15.01.08:521][310]LogModuleManager: Shutting down and abandoning module AudioFormatADPCM (44)
[2016.09.16-15.01.08:521][310]LogModuleManager: Shutting down and abandoning module LinuxTargetPlatform (43)
[2016.09.16-15.01.08:522][310]LogModuleManager: Shutting down and abandoning module LinuxServerTargetPlatform (42)
[2016.09.16-15.01.08:532][310]LogModuleManager: Shutting down and abandoning module LinuxNoEditorTargetPlatform (41)
[2016.09.16-15.01.08:547][310]LogModuleManager: Shutting down and abandoning module TVOSTargetPlatform (40)
[2016.09.16-15.01.08:548][310]LogModuleManager: Shutting down and abandoning module Messaging (39)
[2016.09.16-15.01.08:548][310]LogModuleManager: Shutting down and abandoning module IOSTargetPlatform (38)
[2016.09.16-15.01.08:556][310]LogModuleManager: Shutting down and abandoning module HTML5TargetPlatform (37)
[2016.09.16-15.01.08:566][310]LogModuleManager: Shutting down and abandoning module Android_PVRTCTargetPlatform (36)
[2016.09.16-15.01.08:572][310]LogModuleManager: Shutting down and abandoning module Android_MultiTargetPlatform (35)
[2016.09.16-15.01.08:580][310]LogModuleManager: Shutting down and abandoning module Android_ETC2TargetPlatform (34)
[2016.09.16-15.01.08:585][310]LogModuleManager: Shutting down and abandoning module Android_ETC1TargetPlatform (33)
[2016.09.16-15.01.08:608][310]LogModuleManager: Shutting down and abandoning module Android_DXTTargetPlatform (32)
[2016.09.16-15.01.08:621][310]LogModuleManager: Shutting down and abandoning module Android_ATCTargetPlatform (31)
[2016.09.16-15.01.08:621][310]LogModuleManager: Shutting down and abandoning module Android_ASTCTargetPlatform (30)
[2016.09.16-15.01.08:633][310]LogModuleManager: Shutting down and abandoning module AndroidTargetPlatform (29)
[2016.09.16-15.01.08:645][310]LogModuleManager: Shutting down and abandoning module WindowsTargetPlatform (28)
[2016.09.16-15.01.08:645][310]LogModuleManager: Shutting down and abandoning module WindowsServerTargetPlatform (27)
[2016.09.16-15.01.08:659][310]LogModuleManager: Shutting down and abandoning module WindowsNoEditorTargetPlatform (26)
[2016.09.16-15.01.08:668][310]LogModuleManager: Shutting down and abandoning module WindowsClientTargetPlatform (25)
[2016.09.16-15.01.08:677][310]LogModuleManager: Shutting down and abandoning module AllDesktopTargetPlatform (24)
[2016.09.16-15.01.08:685][310]LogModuleManager: Shutting down and abandoning module TargetPlatform (23)
[2016.09.16-15.01.08:696][310]LogModuleManager: Shutting down and abandoning module InputCore (22)
[2016.09.16-15.01.08:696][310]LogModuleManager: Shutting down and abandoning module Settings (21)
[2016.09.16-15.01.08:696][310]LogModuleManager: Shutting down and abandoning module OnlineSubsystem (19)
[2016.09.16-15.01.08:697][310]LogModuleManager: Shutting down and abandoning module HTTP (18)
[2016.09.16-15.01.13:729][310]LogModuleManager: Shutting down and abandoning module XMPP (17)
[2016.09.16-15.01.13:801][310]LogModuleManager: Shutting down and abandoning module OculusRift (16)
[2016.09.16-15.01.13:825][310]LogModuleManager: Shutting down and abandoning module ExampleDeviceProfileSelector (15)
[2016.09.16-15.01.13:825][310]LogModuleManager: Shutting down and abandoning module TextureCompressor (14)
[2016.09.16-15.01.13:870][310]LogModuleManager: Shutting down and abandoning module ShaderCore (13)
[2016.09.16-15.01.13:870][310]LogModuleManager: Shutting down and abandoning module Landscape (12)
[2016.09.16-15.01.13:870][310]LogModuleManager: Shutting down and abandoning module SlateRHIRenderer (11)
[2016.09.16-15.01.13:908][310]LogModuleManager: Shutting down and abandoning module OpenGLDrv (10)
[2016.09.16-15.01.13:918][310]LogModuleManager: Shutting down and abandoning module D3D11RHI (9)
[2016.09.16-15.01.13:918][310]LogModuleManager: Shutting down and abandoning module AnimGraphRuntime (8)
[2016.09.16-15.01.13:924][310]LogModuleManager: Shutting down and abandoning module Renderer (7)
[2016.09.16-15.01.13:924][310]LogModuleManager: Shutting down and abandoning module Engine (6)
[2016.09.16-15.01.13:924][310]LogModuleManager: Shutting down and abandoning module CoreUObject (5)
[2016.09.16-15.01.13:924][310]LogModuleManager: Shutting down and abandoning module NetworkFile (4)
[2016.09.16-15.01.13:939][310]LogModuleManager: Shutting down and abandoning module StreamingFile (3)
[2016.09.16-15.01.13:944][310]LogModuleManager: Shutting down and abandoning module SandboxFile (2)
[2016.09.16-15.01.13:957][310]LogModuleManager: Shutting down and abandoning module PakFile (1)
[2016.09.16-15.01.14:045][310]LogExit: Exiting.
[2016.09.16-15.01.14:133][310]Log file closed, 09/16/16 18:01:14
